2023-08-01T11:17:10.9384560Z ##[group]Run actions/checkout@v3
2023-08-01T11:17:10.9386340Z with:
2023-08-01T11:17:10.9387480Z   repository: ivan-oule/test-deployment
2023-08-01T11:17:10.9389560Z   token: ***
2023-08-01T11:17:10.9390490Z   ssh-strict: true
2023-08-01T11:17:10.9391640Z   persist-credentials: true
2023-08-01T11:17:10.9392580Z   clean: true
2023-08-01T11:17:10.9403710Z   sparse-checkout-cone-mode: true
2023-08-01T11:17:10.9405200Z   fetch-depth: 1
2023-08-01T11:17:10.9406040Z   lfs: false
2023-08-01T11:17:10.9406970Z   submodules: false
2023-08-01T11:17:10.9408040Z   set-safe-directory: true
2023-08-01T11:17:10.9409140Z ##[endgroup]
2023-08-01T11:17:13.9532990Z Syncing repository: ivan-oule/test-deployment
2023-08-01T11:17:13.9545360Z ##[group]Getting Git version info
2023-08-01T11:17:13.9550040Z Working directory is '/Users/faisceaume/Desktop/Steeve/test-deployment/actions-runner/_work/test-deployment/test-deployment'
2023-08-01T11:17:13.9553310Z [command]/usr/bin/git version
2023-08-01T11:17:13.9961180Z git version 2.37.0 (Apple Git-136)
2023-08-01T11:17:14.0357720Z ##[endgroup]
2023-08-01T11:17:14.0723830Z Copying '/Users/faisceaume/.gitconfig' to '/Users/faisceaume/Desktop/Steeve/test-deployment/actions-runner/_work/_temp/70b02e2b-e529-4459-ae7a-3ca41c0f1e3d/.gitconfig'
2023-08-01T11:17:14.0817550Z Temporarily overriding HOME='/Users/faisceaume/Desktop/Steeve/test-deployment/actions-runner/_work/_temp/70b02e2b-e529-4459-ae7a-3ca41c0f1e3d' before making global git config changes
2023-08-01T11:17:14.0838990Z Adding repository directory to the temporary git global config as a safe directory
2023-08-01T11:17:14.0944800Z [command]/usr/bin/git config --global --add safe.directory /Users/faisceaume/Desktop/Steeve/test-deployment/actions-runner/_work/test-deployment/test-deployment
2023-08-01T11:17:23.6259930Z [command]/usr/bin/git config --local --get remote.origin.url
2023-08-01T11:17:23.6980520Z https://github.com/ivan-oule/test-deployment
2023-08-01T11:17:23.7260210Z ##[group]Removing previously created refs, to avoid conflicts
2023-08-01T11:17:23.7268100Z [command]/usr/bin/git rev-parse --symbolic-full-name --verify --quiet HEAD
2023-08-01T11:17:23.8478020Z refs/heads/master
2023-08-01T11:17:23.8540060Z [command]/usr/bin/git checkout --detach
2023-08-01T11:17:24.3156030Z HEAD is now at 6ebb924 commit
2023-08-01T11:17:24.4777760Z [command]/usr/bin/git branch --delete --force master
2023-08-01T11:17:24.5309130Z Deleted branch master (was 6ebb924).
2023-08-01T11:17:24.7005510Z ##[endgroup]
2023-08-01T11:17:24.7043680Z [command]/usr/bin/git submodule status
2023-08-01T11:17:25.3691150Z ##[error]fatal: no submodule mapping found in .gitmodules for path 'actions-runner/_work/test-deployment/test-deployment'
2023-08-01T11:17:25.3733040Z Bad Submodules found, removing existing files
2023-08-01T11:17:25.3735110Z ##[group]Cleaning the repository
2023-08-01T11:17:25.3736680Z [command]/usr/bin/git clean -ffdx
2023-08-01T11:19:06.0799820Z Removing dist/
2023-08-01T11:19:06.0889850Z Removing node_modules/
2023-08-01T11:19:06.1201310Z [command]/usr/bin/git reset --hard HEAD
2023-08-01T11:19:06.7117190Z HEAD is now at 6ebb924 commit
2023-08-01T11:19:06.7565490Z ##[endgroup]
2023-08-01T11:19:06.7778610Z ##[warning]Unable to clean or reset the repository. The repository will be recreated instead.
2023-08-01T11:19:06.7786960Z Deleting the contents of '/Users/faisceaume/Desktop/Steeve/test-deployment/actions-runner/_work/test-deployment/test-deployment'
2023-08-01T11:19:16.9762700Z ##[group]Initializing the repository
2023-08-01T11:19:16.9866660Z [command]/usr/bin/git init /Users/faisceaume/Desktop/Steeve/test-deployment/actions-runner/_work/test-deployment/test-deployment
2023-08-01T11:19:17.1181070Z Initialized empty Git repository in /Users/faisceaume/Desktop/Steeve/test-deployment/actions-runner/_work/test-deployment/test-deployment/.git/
2023-08-01T11:19:17.1393070Z [command]/usr/bin/git remote add origin https://github.com/ivan-oule/test-deployment
2023-08-01T11:19:17.2390650Z ##[endgroup]
2023-08-01T11:19:17.2494680Z ##[group]Disabling automatic garbage collection
2023-08-01T11:19:17.2595700Z [command]/usr/bin/git config --local gc.auto 0
2023-08-01T11:19:17.3410840Z ##[endgroup]
2023-08-01T11:19:17.3514730Z ##[group]Setting up auth
2023-08-01T11:19:17.3616430Z [command]/usr/bin/git config --local --name-only --get-regexp core\.sshCommand
2023-08-01T11:19:17.4277120Z [command]/usr/bin/git submodule foreach --recursive sh -c "git config --local --name-only --get-regexp 'core\.sshCommand' && git config --local --unset-all 'core.sshCommand' || :"
2023-08-01T11:19:18.0276720Z [command]/usr/bin/git config --local --name-only --get-regexp http\.https\:\/\/github\.com\/\.extraheader
2023-08-01T11:19:18.1106940Z [command]/usr/bin/git submodule foreach --recursive sh -c "git config --local --name-only --get-regexp 'http\.https\:\/\/github\.com\/\.extraheader' && git config --local --unset-all 'http.https://github.com/.extraheader' || :"
2023-08-01T11:19:18.6330940Z [command]/usr/bin/git config --local http.https://github.com/.extraheader AUTHORIZATION: basic ***
2023-08-01T11:19:18.7157310Z ##[endgroup]
2023-08-01T11:19:18.7261380Z ##[group]Fetching the repository
2023-08-01T11:19:18.7349790Z [command]/usr/bin/git -c protocol.version=2 fetch --no-tags --prune --progress --no-recurse-submodules --depth=1 origin +6ebb924bd6b21b8384f2228ce71ab4423c8be905:refs/remotes/origin/master
2023-08-01T11:19:20.0279350Z remote: Enumerating objects: 9606, done.        
2023-08-01T11:19:20.0555100Z remote: Counting objects:   0% (1/9606)        
2023-08-01T11:19:20.0733660Z remote: Counting objects:   1% (97/9606)        
2023-08-01T11:19:20.1211460Z remote: Counting objects:   2% (193/9606)        
2023-08-01T11:19:20.1218510Z remote: Counting objects:   3% (289/9606)        
2023-08-01T11:19:20.1469090Z remote: Counting objects:   4% (385/9606)        
2023-08-01T11:19:20.1706090Z remote: Counting objects:   5% (481/9606)        
2023-08-01T11:19:20.1711330Z remote: Counting objects:   6% (577/9606)        
2023-08-01T11:19:20.1827400Z remote: Counting objects:   7% (673/9606)        
2023-08-01T11:19:20.1931980Z remote: Counting objects:   8% (769/9606)        
2023-08-01T11:19:20.2035950Z remote: Counting objects:   9% (865/9606)        
2023-08-01T11:19:20.2139490Z remote: Counting objects:  10% (961/9606)        
2023-08-01T11:19:20.2266220Z remote: Counting objects:  11% (1057/9606)        
2023-08-01T11:19:20.2369660Z remote: Counting objects:  12% (1153/9606)        
2023-08-01T11:19:20.2473700Z remote: Counting objects:  13% (1249/9606)        
2023-08-01T11:19:20.2578070Z remote: Counting objects:  14% (1345/9606)        
2023-08-01T11:19:20.2681940Z remote: Counting objects:  15% (1441/9606)        
2023-08-01T11:19:20.2784760Z remote: Counting objects:  16% (1537/9606)        
2023-08-01T11:19:20.2890130Z remote: Counting objects:  17% (1634/9606)        
2023-08-01T11:19:20.3000010Z remote: Counting objects:  18% (1730/9606)        
2023-08-01T11:19:20.3104860Z remote: Counting objects:  19% (1826/9606)        
2023-08-01T11:19:20.3211750Z remote: Counting objects:  20% (1922/9606)        
2023-08-01T11:19:20.3341610Z remote: Counting objects:  21% (2018/9606)        
2023-08-01T11:19:20.3342660Z remote: Counting objects:  22% (2114/9606)        
2023-08-01T11:19:20.3343960Z remote: Counting objects:  23% (2210/9606)        
2023-08-01T11:19:20.3345180Z remote: Counting objects:  24% (2306/9606)        
2023-08-01T11:19:20.3345770Z remote: Counting objects:  25% (2402/9606)        
2023-08-01T11:19:20.3347080Z remote: Counting objects:  26% (2498/9606)        
2023-08-01T11:19:20.3348280Z remote: Counting objects:  27% (2594/9606)        
2023-08-01T11:19:20.3349300Z remote: Counting objects:  28% (2690/9606)        
2023-08-01T11:19:20.3350210Z remote: Counting objects:  29% (2786/9606)        
2023-08-01T11:19:20.3351210Z remote: Counting objects:  30% (2882/9606)        
2023-08-01T11:19:20.3352580Z remote: Counting objects:  31% (2978/9606)        
2023-08-01T11:19:20.3354060Z remote: Counting objects:  32% (3074/9606)        
2023-08-01T11:19:20.3355400Z remote: Counting objects:  33% (3170/9606)        
2023-08-01T11:19:20.3358780Z remote: Counting objects:  34% (3267/9606)        
2023-08-01T11:19:20.3359830Z remote: Counting objects:  35% (3363/9606)        
2023-08-01T11:19:20.3360520Z remote: Counting objects:  36% (3459/9606)        
2023-08-01T11:19:20.3361130Z remote: Counting objects:  37% (3555/9606)        
2023-08-01T11:19:20.3362780Z remote: Counting objects:  38% (3651/9606)        
2023-08-01T11:19:20.3363400Z remote: Counting objects:  39% (3747/9606)        
2023-08-01T11:19:20.3364650Z remote: Counting objects:  40% (3843/9606)        
2023-08-01T11:19:20.3365510Z remote: Counting objects:  41% (3939/9606)        
2023-08-01T11:19:20.3366070Z remote: Counting objects:  42% (4035/9606)        
2023-08-01T11:19:20.3366620Z remote: Counting objects:  43% (4131/9606)        
2023-08-01T11:19:20.3367140Z remote: Counting objects:  44% (4227/9606)        
2023-08-01T11:19:20.3368120Z remote: Counting objects:  45% (4323/9606)        
2023-08-01T11:19:20.3368730Z remote: Counting objects:  46% (4419/9606)        
2023-08-01T11:19:20.3369240Z remote: Counting objects:  47% (4515/9606)        
2023-08-01T11:19:20.3369760Z remote: Counting objects:  48% (4611/9606)        
2023-08-01T11:19:20.3370280Z remote: Counting objects:  49% (4707/9606)        
2023-08-01T11:19:20.3370790Z remote: Counting objects:  50% (4803/9606)        
2023-08-01T11:19:20.3371320Z remote: Counting objects:  51% (4900/9606)        
2023-08-01T11:19:20.3371850Z remote: Counting objects:  52% (4996/9606)        
2023-08-01T11:19:20.3372380Z remote: Counting objects:  53% (5092/9606)        
2023-08-01T11:19:20.3372890Z remote: Counting objects:  54% (5188/9606)        
2023-08-01T11:19:20.3373410Z remote: Counting objects:  55% (5284/9606)        
2023-08-01T11:19:20.3374350Z remote: Counting objects:  56% (5380/9606)        
2023-08-01T11:19:20.3375260Z remote: Counting objects:  57% (5476/9606)        
2023-08-01T11:19:20.3376230Z remote: Counting objects:  58% (5572/9606)        
2023-08-01T11:19:20.3377250Z remote: Counting objects:  59% (5668/9606)        
2023-08-01T11:19:20.3378170Z remote: Counting objects:  60% (5764/9606)        
2023-08-01T11:19:20.3379630Z remote: Counting objects:  61% (5860/9606)        
2023-08-01T11:19:20.3381280Z remote: Counting objects:  62% (5956/9606)        
2023-08-01T11:19:20.3382220Z remote: Counting objects:  63% (6052/9606)        
2023-08-01T11:19:20.3383130Z remote: Counting objects:  64% (6148/9606)        
2023-08-01T11:19:20.3384100Z remote: Counting objects:  65% (6244/9606)        
2023-08-01T11:19:20.3385070Z remote: Counting objects:  66% (6340/9606)        
2023-08-01T11:19:20.3386160Z remote: Counting objects:  67% (6437/9606)        
2023-08-01T11:19:20.3387110Z remote: Counting objects:  68% (6533/9606)        
2023-08-01T11:19:20.3388060Z remote: Counting objects:  69% (6629/9606)        
2023-08-01T11:19:20.3389030Z remote: Counting objects:  70% (6725/9606)        
2023-08-01T11:19:20.3390000Z remote: Counting objects:  71% (6821/9606)        
2023-08-01T11:19:20.3393350Z remote: Counting objects:  72% (6917/9606)        
2023-08-01T11:19:20.3394320Z remote: Counting objects:  73% (7013/9606)        
2023-08-01T11:19:20.3395290Z remote: Counting objects:  74% (7109/9606)        
2023-08-01T11:19:20.3396240Z remote: Counting objects:  75% (7205/9606)        
2023-08-01T11:19:20.3397300Z remote: Counting objects:  76% (7301/9606)        
2023-08-01T11:19:20.3398230Z remote: Counting objects:  77% (7397/9606)        
2023-08-01T11:19:20.3399210Z remote: Counting objects:  78% (7493/9606)        
2023-08-01T11:19:20.3400200Z remote: Counting objects:  79% (7589/9606)        
2023-08-01T11:19:20.3401130Z remote: Counting objects:  80% (7685/9606)        
2023-08-01T11:19:20.3402110Z remote: Counting objects:  81% (7781/9606)        
2023-08-01T11:19:20.3403090Z remote: Counting objects:  82% (7877/9606)        
2023-08-01T11:19:20.3404050Z remote: Counting objects:  83% (7973/9606)        
2023-08-01T11:19:20.3405040Z remote: Counting objects:  84% (8070/9606)        
2023-08-01T11:19:20.3408130Z remote: Counting objects:  85% (8166/9606)        
2023-08-01T11:19:20.3409200Z remote: Counting objects:  86% (8262/9606)        
2023-08-01T11:19:20.3410220Z remote: Counting objects:  87% (8358/9606)        
2023-08-01T11:19:20.3411230Z remote: Counting objects:  88% (8454/9606)        
2023-08-01T11:19:20.3412290Z remote: Counting objects:  89% (8550/9606)        
2023-08-01T11:19:20.3413360Z remote: Counting objects:  90% (8646/9606)        
2023-08-01T11:19:20.3418600Z remote: Counting objects:  91% (8742/9606)        
2023-08-01T11:19:20.3419860Z remote: Counting objects:  92% (8838/9606)        
2023-08-01T11:19:20.3421320Z remote: Counting objects:  93% (8934/9606)        
2023-08-01T11:19:20.3422490Z remote: Counting objects:  94% (9030/9606)        
2023-08-01T11:19:20.3423540Z remote: Counting objects:  95% (9126/9606)        
2023-08-01T11:19:20.3424550Z remote: Counting objects:  96% (9222/9606)        
2023-08-01T11:19:20.3425720Z remote: Counting objects:  97% (9318/9606)        
2023-08-01T11:19:20.3426770Z remote: Counting objects:  98% (9414/9606)        
2023-08-01T11:19:20.3428140Z remote: Counting objects:  99% (9510/9606)        
2023-08-01T11:19:20.3430700Z remote: Counting objects: 100% (9606/9606)        
2023-08-01T11:19:20.3432340Z remote: Counting objects: 100% (9606/9606), done.        
2023-08-01T11:19:20.3433440Z remote: Compressing objects:   0% (1/6785)        
2023-08-01T11:19:20.3434430Z remote: Compressing objects:   1% (68/6785)        
2023-08-01T11:19:20.3436450Z remote: Compressing objects:   2% (136/6785)        
2023-08-01T11:19:20.3438130Z remote: Compressing objects:   3% (204/6785)        
2023-08-01T11:19:20.3439940Z remote: Compressing objects:   4% (272/6785)        
2023-08-01T11:19:20.3440750Z remote: Compressing objects:   5% (340/6785)        
2023-08-01T11:19:20.3441390Z remote: Compressing objects:   6% (408/6785)        
2023-08-01T11:19:20.3442080Z remote: Compressing objects:   7% (475/6785)        
2023-08-01T11:19:20.3442720Z remote: Compressing objects:   8% (543/6785)        
2023-08-01T11:19:20.3443350Z remote: Compressing objects:   9% (611/6785)        
2023-08-01T11:19:20.3444210Z remote: Compressing objects:  10% (679/6785)        
2023-08-01T11:19:20.3446480Z remote: Compressing objects:  11% (747/6785)        
2023-08-01T11:19:20.3447630Z remote: Compressing objects:  12% (815/6785)        
2023-08-01T11:19:20.3450640Z remote: Compressing objects:  13% (883/6785)        
2023-08-01T11:19:20.3453740Z remote: Compressing objects:  14% (950/6785)        
2023-08-01T11:19:20.3455410Z remote: Compressing objects:  15% (1018/6785)        
2023-08-01T11:19:20.3456800Z remote: Compressing objects:  16% (1086/6785)        
2023-08-01T11:19:20.3458830Z remote: Compressing objects:  17% (1154/6785)        
2023-08-01T11:19:20.3460000Z remote: Compressing objects:  18% (1222/6785)        
2023-08-01T11:19:20.3461630Z remote: Compressing objects:  19% (1290/6785)        
2023-08-01T11:19:20.3462690Z remote: Compressing objects:  20% (1357/6785)        
2023-08-01T11:19:20.3465990Z remote: Compressing objects:  21% (1425/6785)        
2023-08-01T11:19:20.3467440Z remote: Compressing objects:  22% (1493/6785)        
2023-08-01T11:19:20.3468550Z remote: Compressing objects:  23% (1561/6785)        
2023-08-01T11:19:20.3469620Z remote: Compressing objects:  24% (1629/6785)        
2023-08-01T11:19:20.3470780Z remote: Compressing objects:  25% (1697/6785)        
2023-08-01T11:19:20.3471900Z remote: Compressing objects:  26% (1765/6785)        
2023-08-01T11:19:20.3472910Z remote: Compressing objects:  27% (1832/6785)        
2023-08-01T11:19:20.3474140Z remote: Compressing objects:  28% (1900/6785)        
2023-08-01T11:19:20.3475290Z remote: Compressing objects:  29% (1968/6785)        
2023-08-01T11:19:20.3480250Z remote: Compressing objects:  30% (2036/6785)        
2023-08-01T11:19:20.3481490Z remote: Compressing objects:  31% (2104/6785)        
2023-08-01T11:19:20.3482490Z remote: Compressing objects:  32% (2172/6785)        
2023-08-01T11:19:20.3486650Z remote: Compressing objects:  33% (2240/6785)        
2023-08-01T11:19:20.3488550Z remote: Compressing objects:  34% (2307/6785)        
2023-08-01T11:19:20.3489630Z remote: Compressing objects:  35% (2375/6785)        
2023-08-01T11:19:20.3491450Z remote: Compressing objects:  36% (2443/6785)        
2023-08-01T11:19:20.3492690Z remote: Compressing objects:  37% (2511/6785)        
2023-08-01T11:19:20.3517740Z remote: Compressing objects:  38% (2579/6785)        
2023-08-01T11:19:20.3617640Z remote: Compressing objects:  39% (2647/6785)        
2023-08-01T11:19:20.3721900Z remote: Compressing objects:  40% (2714/6785)        
2023-08-01T11:19:20.3822570Z remote: Compressing objects:  41% (2782/6785)        
2023-08-01T11:19:20.3922790Z remote: Compressing objects:  42% (2850/6785)        
2023-08-01T11:19:20.4024450Z remote: Compressing objects:  43% (2918/6785)        
2023-08-01T11:19:20.4125230Z remote: Compressing objects:  44% (2986/6785)        
2023-08-01T11:19:20.4226370Z remote: Compressing objects:  45% (3054/6785)        
2023-08-01T11:19:20.4320220Z remote: Compressing objects:  46% (3122/6785)        
2023-08-01T11:19:20.4426040Z remote: Compressing objects:  47% (3189/6785)        
2023-08-01T11:19:20.4530280Z remote: Compressing objects:  48% (3257/6785)        
2023-08-01T11:19:20.4631170Z remote: Compressing objects:  49% (3325/6785)        
2023-08-01T11:19:20.4730530Z remote: Compressing objects:  50% (3393/6785)        
2023-08-01T11:19:20.4833340Z remote: Compressing objects:  51% (3461/6785)        
2023-08-01T11:19:20.4934330Z remote: Compressing objects:  52% (3529/6785)        
2023-08-01T11:19:20.5034570Z remote: Compressing objects:  53% (3597/6785)        
2023-08-01T11:19:20.5135530Z remote: Compressing objects:  54% (3664/6785)        
2023-08-01T11:19:23.3201620Z remote: Compressing objects:  55% (3732/6785)        
2023-08-01T11:19:23.3305570Z remote: Compressing objects:  55% (3789/6785)        
2023-08-01T11:19:23.3406440Z remote: Compressing objects:  56% (3800/6785)        
2023-08-01T11:19:23.3510170Z remote: Compressing objects:  57% (3868/6785)        
2023-08-01T11:19:23.3611850Z remote: Compressing objects:  58% (3936/6785)        
2023-08-01T11:19:23.3715900Z remote: Compressing objects:  59% (4004/6785)        
2023-08-01T11:19:23.3795600Z remote: Compressing objects:  60% (4071/6785)        
2023-08-01T11:19:23.3835740Z remote: Compressing objects:  61% (4139/6785)        
2023-08-01T11:19:23.3844060Z remote: Compressing objects:  62% (4207/6785)        
2023-08-01T11:19:23.3846500Z remote: Compressing objects:  63% (4275/6785)        
2023-08-01T11:19:23.3850400Z remote: Compressing objects:  64% (4343/6785)        
2023-08-01T11:19:23.3852650Z remote: Compressing objects:  65% (4411/6785)        
2023-08-01T11:19:23.3853900Z remote: Compressing objects:  66% (4479/6785)        
2023-08-01T11:19:23.3855210Z remote: Compressing objects:  67% (4546/6785)        
2023-08-01T11:19:23.3856610Z remote: Compressing objects:  68% (4614/6785)        
2023-08-01T11:19:23.3860120Z remote: Compressing objects:  69% (4682/6785)        
2023-08-01T11:19:23.3861940Z remote: Compressing objects:  70% (4750/6785)        
2023-08-01T11:19:23.3863350Z remote: Compressing objects:  71% (4818/6785)        
2023-08-01T11:19:23.3864720Z remote: Compressing objects:  72% (4886/6785)        
2023-08-01T11:19:23.3865950Z remote: Compressing objects:  73% (4954/6785)        
2023-08-01T11:19:23.3867630Z remote: Compressing objects:  74% (5021/6785)        
2023-08-01T11:19:23.3869000Z remote: Compressing objects:  75% (5089/6785)        
2023-08-01T11:19:23.3870210Z remote: Compressing objects:  76% (5157/6785)        
2023-08-01T11:19:23.3871590Z remote: Compressing objects:  77% (5225/6785)        
2023-08-01T11:19:23.3902780Z remote: Compressing objects:  78% (5293/6785)        
2023-08-01T11:19:23.3909230Z remote: Compressing objects:  79% (5361/6785)        
2023-08-01T11:19:23.4205820Z remote: Compressing objects:  80% (5428/6785)        
2023-08-01T11:19:23.4318470Z remote: Compressing objects:  81% (5496/6785)        
2023-08-01T11:19:23.4424220Z remote: Compressing objects:  82% (5564/6785)        
2023-08-01T11:19:23.4530340Z remote: Compressing objects:  83% (5632/6785)        
2023-08-01T11:19:23.4635590Z remote: Compressing objects:  84% (5700/6785)        
2023-08-01T11:19:23.4711950Z remote: Compressing objects:  85% (5768/6785)        
2023-08-01T11:19:23.4743900Z remote: Compressing objects:  86% (5836/6785)        
2023-08-01T11:19:23.4745500Z remote: Compressing objects:  87% (5903/6785)        
2023-08-01T11:19:23.4746680Z remote: Compressing objects:  88% (5971/6785)        
2023-08-01T11:19:23.4747650Z remote: Compressing objects:  89% (6039/6785)        
2023-08-01T11:19:23.4748570Z remote: Compressing objects:  90% (6107/6785)        
2023-08-01T11:19:23.4749820Z remote: Compressing objects:  91% (6175/6785)        
2023-08-01T11:19:23.4751090Z remote: Compressing objects:  92% (6243/6785)        
2023-08-01T11:19:23.4752490Z remote: Compressing objects:  93% (6311/6785)        
2023-08-01T11:19:23.4760920Z remote: Compressing objects:  94% (6378/6785)        
2023-08-01T11:19:23.4762790Z remote: Compressing objects:  95% (6446/6785)        
2023-08-01T11:19:23.4764000Z remote: Compressing objects:  96% (6514/6785)        
2023-08-01T11:19:23.4765170Z remote: Compressing objects:  97% (6582/6785)        
2023-08-01T11:19:23.4766360Z remote: Compressing objects:  98% (6650/6785)        
2023-08-01T11:19:23.4767500Z remote: Compressing objects:  99% (6718/6785)        
2023-08-01T11:19:23.4769630Z remote: Compressing objects: 100% (6785/6785)        
2023-08-01T11:19:23.4771070Z remote: Compressing objects: 100% (6785/6785), done.        
2023-08-01T11:19:23.6676100Z Receiving objects:   0% (1/9606)
2023-08-01T11:19:24.4055090Z Receiving objects:   1% (97/9606)
2023-08-01T11:19:25.1252140Z Receiving objects:   1% (156/9606), 236.00 KiB | 220.00 KiB/s
2023-08-01T11:19:25.5465180Z Receiving objects:   2% (193/9606), 412.00 KiB | 259.00 KiB/s
2023-08-01T11:19:25.5811550Z Receiving objects:   2% (233/9606), 540.00 KiB | 243.00 KiB/s
2023-08-01T11:19:26.7667800Z Receiving objects:   3% (289/9606), 540.00 KiB | 243.00 KiB/s
2023-08-01T11:19:27.8161710Z Receiving objects:   3% (331/9606), 908.00 KiB | 264.00 KiB/s
2023-08-01T11:19:28.4158690Z Receiving objects:   3% (331/9606), 1.07 MiB | 243.00 KiB/s  
2023-08-01T11:19:29.4208840Z Receiving objects:   3% (333/9606), 1.13 MiB | 227.00 KiB/s
2023-08-01T11:19:30.4979400Z Receiving objects:   3% (333/9606), 1.31 MiB | 219.00 KiB/s
2023-08-01T11:19:31.6077830Z Receiving objects:   3% (333/9606), 1.45 MiB | 190.00 KiB/s
2023-08-01T11:19:32.8439730Z Receiving objects:   3% (334/9606), 1.54 MiB | 167.00 KiB/s
2023-08-01T11:19:33.3808510Z Receiving objects:   3% (341/9606), 1.75 MiB | 140.00 KiB/s
2023-08-01T11:19:34.4828130Z Receiving objects:   3% (341/9606), 1.79 MiB | 137.00 KiB/s
2023-08-01T11:19:35.5094300Z Receiving objects:   3% (342/9606), 1.93 MiB | 126.00 KiB/s
2023-08-01T11:19:36.5716900Z Receiving objects:   3% (372/9606), 2.04 MiB | 121.00 KiB/s
2023-08-01T11:19:37.6897430Z Receiving objects:   3% (379/9606), 2.18 MiB | 119.00 KiB/s
2023-08-01T11:19:38.7691570Z Receiving objects:   3% (379/9606), 2.30 MiB | 115.00 KiB/s
2023-08-01T11:19:39.8124850Z Receiving objects:   3% (379/9606), 2.43 MiB | 120.00 KiB/s
2023-08-01T11:19:40.5002120Z Receiving objects:   3% (379/9606), 2.57 MiB | 122.00 KiB/s
2023-08-01T11:19:41.5569460Z Receiving objects:   3% (379/9606), 2.62 MiB | 118.00 KiB/s
2023-08-01T11:19:42.6642280Z Receiving objects:   3% (379/9606), 2.74 MiB | 114.00 KiB/s
2023-08-01T11:19:43.7788230Z Receiving objects:   3% (379/9606), 2.84 MiB | 110.00 KiB/s
2023-08-01T11:19:44.8187700Z Receiving objects:   3% (379/9606), 2.95 MiB | 105.00 KiB/s
2023-08-01T11:19:45.3544810Z Receiving objects:   3% (379/9606), 3.04 MiB | 97.00 KiB/s 
2023-08-01T11:19:46.3962710Z Receiving objects:   3% (379/9606), 3.10 MiB | 100.00 KiB/s
2023-08-01T11:19:47.7614050Z Receiving objects:   3% (379/9606), 3.22 MiB | 102.00 KiB/s
2023-08-01T11:19:48.7691700Z Receiving objects:   3% (379/9606), 3.36 MiB | 103.00 KiB/s
2023-08-01T11:19:49.8192580Z Receiving objects:   3% (379/9606), 3.46 MiB | 105.00 KiB/s
2023-08-01T11:19:50.3805730Z Receiving objects:   3% (379/9606), 3.58 MiB | 110.00 KiB/s
2023-08-01T11:19:51.5320510Z Receiving objects:   3% (379/9606), 3.63 MiB | 108.00 KiB/s
2023-08-01T11:19:52.9940500Z Receiving objects:   3% (379/9606), 3.71 MiB | 98.00 KiB/s 
2023-08-01T11:19:53.6772970Z Receiving objects:   3% (379/9606), 3.82 MiB | 90.00 KiB/s
2023-08-01T11:19:55.3875760Z Receiving objects:   3% (379/9606), 3.87 MiB | 85.00 KiB/s
2023-08-01T11:19:56.6509820Z Receiving objects:   3% (379/9606), 3.91 MiB | 65.00 KiB/s
2023-08-01T11:19:58.0461110Z Receiving objects:   3% (379/9606), 3.95 MiB | 52.00 KiB/s
2023-08-01T11:19:58.6595710Z Receiving objects:   3% (379/9606), 4.00 MiB | 45.00 KiB/s
2023-08-01T11:20:00.5382530Z Receiving objects:   3% (379/9606), 4.04 MiB | 42.00 KiB/s
2023-08-01T11:20:01.7617630Z Receiving objects:   3% (379/9606), 4.07 MiB | 30.00 KiB/s
2023-08-01T11:20:02.8160050Z Receiving objects:   3% (379/9606), 4.11 MiB | 32.00 KiB/s
2023-08-01T11:20:03.9165900Z Receiving objects:   3% (379/9606), 4.16 MiB | 35.00 KiB/s
2023-08-01T11:20:04.5408190Z Receiving objects:   3% (379/9606), 4.23 MiB | 39.00 KiB/s
2023-08-01T11:20:05.5751240Z Receiving objects:   3% (379/9606), 4.29 MiB | 43.00 KiB/s
2023-08-01T11:20:06.6218190Z Receiving objects:   3% (379/9606), 4.36 MiB | 58.00 KiB/s
2023-08-01T11:20:07.6483210Z Receiving objects:   3% (379/9606), 4.46 MiB | 74.00 KiB/s
2023-08-01T11:20:08.7424970Z Receiving objects:   3% (379/9606), 4.58 MiB | 89.00 KiB/s
2023-08-01T11:20:09.3793180Z Receiving objects:   3% (379/9606), 4.70 MiB | 99.00 KiB/s
2023-08-01T11:20:10.5058560Z Receiving objects:   3% (379/9606), 4.75 MiB | 99.00 KiB/s
2023-08-01T11:20:11.5663780Z Receiving objects:   3% (379/9606), 4.82 MiB | 95.00 KiB/s
2023-08-01T11:20:12.3677840Z Receiving objects:   3% (379/9606), 4.86 MiB | 82.00 KiB/s
2023-08-01T11:20:13.5622740Z Receiving objects:   3% (379/9606), 4.89 MiB | 73.00 KiB/s
2023-08-01T11:20:14.7320000Z Receiving objects:   3% (379/9606), 4.95 MiB | 61.00 KiB/s
2023-08-01T11:20:15.3671760Z Receiving objects:   3% (379/9606), 5.00 MiB | 47.00 KiB/s
2023-08-01T11:20:16.5604740Z Receiving objects:   3% (379/9606), 5.04 MiB | 45.00 KiB/s
2023-08-01T11:20:17.8127880Z Receiving objects:   3% (379/9606), 5.11 MiB | 49.00 KiB/s
2023-08-01T11:20:18.8564170Z Receiving objects:   3% (379/9606), 5.18 MiB | 54.00 KiB/s
2023-08-01T11:20:20.2522650Z Receiving objects:   3% (379/9606), 5.25 MiB | 57.00 KiB/s
2023-08-01T11:20:20.7523780Z Receiving objects:   3% (379/9606), 5.29 MiB | 51.00 KiB/s
2023-08-01T11:20:21.4019160Z Receiving objects:   3% (379/9606), 5.38 MiB | 63.00 KiB/s
2023-08-01T11:20:22.5144720Z Receiving objects:   3% (379/9606), 5.42 MiB | 64.00 KiB/s
2023-08-01T11:20:23.5898200Z Receiving objects:   3% (379/9606), 5.50 MiB | 67.00 KiB/s
2023-08-01T11:20:24.3610450Z Receiving objects:   3% (379/9606), 5.57 MiB | 69.00 KiB/s
2023-08-01T11:20:25.5173720Z Receiving objects:   3% (379/9606), 5.61 MiB | 66.00 KiB/s
2023-08-01T11:20:26.6037410Z Receiving objects:   3% (379/9606), 5.71 MiB | 83.00 KiB/s
2023-08-01T11:20:27.7355860Z Receiving objects:   3% (379/9606), 5.81 MiB | 76.00 KiB/s
2023-08-01T11:20:28.7491820Z Receiving objects:   3% (379/9606), 5.88 MiB | 73.00 KiB/s
2023-08-01T11:20:29.7792770Z Receiving objects:   3% (379/9606), 5.95 MiB | 74.00 KiB/s
2023-08-01T11:20:30.4758790Z Receiving objects:   3% (379/9606), 6.04 MiB | 77.00 KiB/s
2023-08-01T11:20:31.6075790Z Receiving objects:   3% (379/9606), 6.08 MiB | 75.00 KiB/s
2023-08-01T11:20:32.7832190Z Receiving objects:   3% (379/9606), 6.20 MiB | 80.00 KiB/s
2023-08-01T11:20:33.4567080Z Receiving objects:   3% (379/9606), 6.29 MiB | 82.00 KiB/s
2023-08-01T11:20:34.4940670Z Receiving objects:   3% (379/9606), 6.36 MiB | 86.00 KiB/s
2023-08-01T11:20:35.8927780Z Receiving objects:   3% (379/9606), 6.45 MiB | 90.00 KiB/s
2023-08-01T11:20:36.4415920Z Receiving objects:   3% (379/9606), 6.57 MiB | 91.00 KiB/s
2023-08-01T11:20:37.4751470Z Receiving objects:   3% (379/9606), 6.63 MiB | 91.00 KiB/s
2023-08-01T11:20:38.5719130Z Receiving objects:   3% (379/9606), 6.75 MiB | 95.00 KiB/s
2023-08-01T11:20:39.6270760Z Receiving objects:   3% (379/9606), 6.89 MiB | 106.00 KiB/s
2023-08-01T11:20:40.6445160Z Receiving objects:   3% (379/9606), 7.02 MiB | 114.00 KiB/s
2023-08-01T11:20:41.7128420Z Receiving objects:   3% (379/9606), 7.15 MiB | 126.00 KiB/s
2023-08-01T11:20:42.9909980Z Receiving objects:   3% (379/9606), 7.25 MiB | 122.00 KiB/s
2023-08-01T11:20:43.6161700Z Receiving objects:   3% (379/9606), 7.36 MiB | 113.00 KiB/s
2023-08-01T11:20:44.6607290Z Receiving objects:   3% (379/9606), 7.44 MiB | 112.00 KiB/s
2023-08-01T11:20:45.6614770Z Receiving objects:   3% (379/9606), 7.56 MiB | 109.00 KiB/s
2023-08-01T11:20:46.7105370Z Receiving objects:   3% (379/9606), 7.68 MiB | 107.00 KiB/s
2023-08-01T11:20:47.9975180Z Receiving objects:   3% (379/9606), 7.82 MiB | 117.00 KiB/s
2023-08-01T11:20:48.5957780Z Receiving objects:   3% (379/9606), 7.98 MiB | 126.00 KiB/s
2023-08-01T11:20:49.6326480Z Receiving objects:   3% (379/9606), 8.11 MiB | 136.00 KiB/s
2023-08-01T11:20:50.7288340Z Receiving objects:   3% (379/9606), 8.30 MiB | 153.00 KiB/s
2023-08-01T11:20:51.5198020Z Receiving objects:   3% (379/9606), 8.46 MiB | 157.00 KiB/s
2023-08-01T11:20:52.6276180Z Receiving objects:   3% (379/9606), 8.55 MiB | 154.00 KiB/s
2023-08-01T11:20:53.6686540Z Receiving objects:   3% (379/9606), 8.71 MiB | 154.00 KiB/s
2023-08-01T11:20:55.3907500Z Receiving objects:   3% (379/9606), 8.85 MiB | 149.00 KiB/s
2023-08-01T11:20:56.8149380Z Receiving objects:   3% (379/9606), 8.96 MiB | 116.00 KiB/s
2023-08-01T11:20:57.6027840Z Receiving objects:   3% (379/9606), 9.10 MiB | 107.00 KiB/s
2023-08-01T11:20:58.7725060Z Receiving objects:   3% (379/9606), 9.14 MiB | 98.00 KiB/s 
2023-08-01T11:20:59.3437100Z Receiving objects:   3% (379/9606), 9.20 MiB | 80.00 KiB/s
2023-08-01T11:21:00.3714180Z Receiving objects:   3% (379/9606), 9.23 MiB | 73.00 KiB/s
2023-08-01T11:21:01.4628560Z Receiving objects:   3% (379/9606), 9.29 MiB | 66.00 KiB/s
2023-08-01T11:21:02.5629070Z Receiving objects:   3% (379/9606), 9.36 MiB | 58.00 KiB/s
2023-08-01T11:21:04.2421700Z Receiving objects:   3% (379/9606), 9.42 MiB | 58.00 KiB/s
2023-08-01T11:21:04.8841030Z Receiving objects:   3% (379/9606), 9.50 MiB | 55.00 KiB/s
2023-08-01T11:21:05.4134650Z Receiving objects:   3% (379/9606), 9.60 MiB | 67.00 KiB/s
2023-08-01T11:21:06.4676390Z Receiving objects:   3% (379/9606), 9.65 MiB | 70.00 KiB/s
2023-08-01T11:21:07.6735100Z Receiving objects:   3% (379/9606), 9.78 MiB | 84.00 KiB/s
2023-08-01T11:21:08.8081270Z Receiving objects:   3% (379/9606), 9.92 MiB | 94.00 KiB/s
2023-08-01T11:21:09.3719580Z Receiving objects:   3% (379/9606), 10.02 MiB | 101.00 KiB/s
2023-08-01T11:21:10.4867450Z Receiving objects:   3% (379/9606), 10.07 MiB | 115.00 KiB/s
2023-08-01T11:21:11.6069870Z Receiving objects:   3% (379/9606), 10.17 MiB | 104.00 KiB/s
2023-08-01T11:21:12.6386840Z Receiving objects:   3% (379/9606), 10.27 MiB | 98.00 KiB/s 
2023-08-01T11:21:13.4054450Z Receiving objects:   3% (379/9606), 10.36 MiB | 91.00 KiB/s
2023-08-01T11:21:14.5427510Z Receiving objects:   3% (379/9606), 10.41 MiB | 84.00 KiB/s
2023-08-01T11:21:15.4025450Z Receiving objects:   3% (379/9606), 10.48 MiB | 80.00 KiB/s
2023-08-01T11:21:16.4086240Z Receiving objects:   3% (379/9606), 10.52 MiB | 74.00 KiB/s
2023-08-01T11:21:17.4915020Z Receiving objects:   3% (379/9606), 10.58 MiB | 68.00 KiB/s
2023-08-01T11:21:18.5641380Z Receiving objects:   3% (379/9606), 10.65 MiB | 64.00 KiB/s
2023-08-01T11:21:19.6333420Z Receiving objects:   3% (379/9606), 10.74 MiB | 65.00 KiB/s
2023-08-01T11:21:20.6820520Z Receiving objects:   3% (379/9606), 10.85 MiB | 73.00 KiB/s
2023-08-01T11:21:21.9098610Z Receiving objects:   3% (379/9606), 10.94 MiB | 83.00 KiB/s
2023-08-01T11:21:22.4466540Z Receiving objects:   3% (379/9606), 11.02 MiB | 83.00 KiB/s
2023-08-01T11:21:23.5309980Z Receiving objects:   3% (379/9606), 11.07 MiB | 85.00 KiB/s
2023-08-01T11:21:24.5907740Z Receiving objects:   3% (379/9606), 11.14 MiB | 83.00 KiB/s
2023-08-01T11:21:26.0180220Z Receiving objects:   3% (379/9606), 11.23 MiB | 79.00 KiB/s
2023-08-01T11:21:26.6043170Z Receiving objects:   3% (379/9606), 11.28 MiB | 64.00 KiB/s
2023-08-01T11:21:27.6554430Z Receiving objects:   3% (379/9606), 11.37 MiB | 74.00 KiB/s
2023-08-01T11:21:28.8054810Z Receiving objects:   3% (379/9606), 11.46 MiB | 78.00 KiB/s
2023-08-01T11:21:29.3978820Z Receiving objects:   3% (379/9606), 11.54 MiB | 75.00 KiB/s
2023-08-01T11:21:30.5302580Z Receiving objects:   3% (379/9606), 11.56 MiB | 70.00 KiB/s
2023-08-01T11:21:31.6324220Z Receiving objects:   3% (379/9606), 11.62 MiB | 67.00 KiB/s
2023-08-01T11:21:32.7826270Z Receiving objects:   3% (379/9606), 11.67 MiB | 60.00 KiB/s
2023-08-01T11:21:33.3772290Z Receiving objects:   3% (379/9606), 11.72 MiB | 51.00 KiB/s
2023-08-01T11:21:34.7326370Z Receiving objects:   3% (379/9606), 11.75 MiB | 49.00 KiB/s
2023-08-01T11:21:35.8243440Z Receiving objects:   3% (379/9606), 11.82 MiB | 49.00 KiB/s
2023-08-01T11:21:36.3494310Z Receiving objects:   3% (379/9606), 11.88 MiB | 49.00 KiB/s
2023-08-01T11:21:37.4121160Z Receiving objects:   3% (379/9606), 11.91 MiB | 51.00 KiB/s
2023-08-01T11:21:38.5398100Z Receiving objects:   3% (379/9606), 11.98 MiB | 55.00 KiB/s
2023-08-01T11:21:39.8085990Z Receiving objects:   3% (379/9606), 12.10 MiB | 68.00 KiB/s
2023-08-01T11:21:40.8495450Z Receiving objects:   3% (379/9606), 12.21 MiB | 80.00 KiB/s
2023-08-01T11:21:41.4352410Z Receiving objects:   3% (379/9606), 12.31 MiB | 87.00 KiB/s
2023-08-01T11:21:42.4868250Z Receiving objects:   3% (379/9606), 12.36 MiB | 89.00 KiB/s
2023-08-01T11:21:43.5606460Z Receiving objects:   3% (379/9606), 12.43 MiB | 91.00 KiB/s
2023-08-01T11:21:44.6076510Z Receiving objects:   3% (379/9606), 12.53 MiB | 87.00 KiB/s
2023-08-01T11:21:45.6520600Z Receiving objects:   3% (379/9606), 12.61 MiB | 85.00 KiB/s
2023-08-01T11:21:46.4141640Z Receiving objects:   3% (379/9606), 12.65 MiB | 73.00 KiB/s
2023-08-01T11:21:47.4954410Z Receiving objects:   3% (379/9606), 12.68 MiB | 65.00 KiB/s
2023-08-01T11:21:48.7634370Z Receiving objects:   3% (379/9606), 12.72 MiB | 59.00 KiB/s
2023-08-01T11:21:49.9798980Z Receiving objects:   3% (379/9606), 12.78 MiB | 49.00 KiB/s
2023-08-01T11:21:50.5078840Z Receiving objects:   3% (379/9606), 12.81 MiB | 37.00 KiB/s
2023-08-01T11:21:51.7773050Z Receiving objects:   3% (379/9606), 12.83 MiB | 38.00 KiB/s
2023-08-01T11:21:52.4568070Z Receiving objects:   3% (379/9606), 12.88 MiB | 38.00 KiB/s
2023-08-01T11:21:53.4818560Z Receiving objects:   3% (379/9606), 12.91 MiB | 39.00 KiB/s
2023-08-01T11:21:54.6438010Z Receiving objects:   3% (379/9606), 12.95 MiB | 38.00 KiB/s
2023-08-01T11:21:57.7758500Z Receiving objects:   3% (379/9606), 13.02 MiB | 43.00 KiB/s
2023-08-01T11:21:59.0575740Z Receiving objects:   3% (379/9606), 13.07 MiB | 34.00 KiB/s
2023-08-01T11:21:59.7427140Z Receiving objects:   3% (379/9606), 13.18 MiB | 41.00 KiB/s
2023-08-01T11:22:00.7652670Z Receiving objects:   3% (379/9606), 13.21 MiB | 42.00 KiB/s
2023-08-01T11:22:01.7358840Z Receiving objects:   3% (379/9606), 13.27 MiB | 45.00 KiB/s
2023-08-01T11:22:02.4288120Z Receiving objects:   3% (379/9606), 13.28 MiB | 38.00 KiB/s
2023-08-01T11:22:03.4958410Z Receiving objects:   3% (379/9606), 13.29 MiB | 35.00 KiB/s
2023-08-01T11:22:04.6053160Z Receiving objects:   3% (379/9606), 13.33 MiB | 46.00 KiB/s
2023-08-01T11:22:05.4484450Z Receiving objects:   3% (379/9606), 13.38 MiB | 37.00 KiB/s
2023-08-01T11:22:06.6658020Z Receiving objects:   3% (379/9606), 13.41 MiB | 35.00 KiB/s
2023-08-01T11:22:07.6901080Z Receiving objects:   3% (379/9606), 13.50 MiB | 39.00 KiB/s
2023-08-01T11:22:08.9172090Z Receiving objects:   3% (379/9606), 13.56 MiB | 51.00 KiB/s
2023-08-01T11:22:09.4514780Z Receiving objects:   3% (379/9606), 13.63 MiB | 56.00 KiB/s
2023-08-01T11:22:10.8465760Z Receiving objects:   3% (379/9606), 13.66 MiB | 57.00 KiB/s
2023-08-01T11:22:11.5466020Z Receiving objects:   3% (379/9606), 13.75 MiB | 65.00 KiB/s
2023-08-01T11:22:12.7222250Z Receiving objects:   3% (379/9606), 13.79 MiB | 63.00 KiB/s
2023-08-01T11:22:13.7930400Z Receiving objects:   3% (379/9606), 13.88 MiB | 63.00 KiB/s
2023-08-01T11:22:14.4660120Z Receiving objects:   3% (379/9606), 13.96 MiB | 69.00 KiB/s
2023-08-01T11:22:15.5202900Z Receiving objects:   3% (379/9606), 14.01 MiB | 70.00 KiB/s
2023-08-01T11:22:16.6193610Z Receiving objects:   3% (379/9606), 14.11 MiB | 87.00 KiB/s
2023-08-01T11:22:17.7074070Z Receiving objects:   3% (379/9606), 14.21 MiB | 83.00 KiB/s
2023-08-01T11:22:18.7659860Z Receiving objects:   3% (379/9606), 14.29 MiB | 85.00 KiB/s
2023-08-01T11:22:19.8819120Z Receiving objects:   3% (379/9606), 14.36 MiB | 82.00 KiB/s
2023-08-01T11:22:20.5081200Z Receiving objects:   3% (379/9606), 14.44 MiB | 78.00 KiB/s
2023-08-01T11:22:21.7397430Z Receiving objects:   3% (379/9606), 14.46 MiB | 72.00 KiB/s
2023-08-01T11:22:22.5974050Z Receiving objects:   3% (379/9606), 14.55 MiB | 68.00 KiB/s
2023-08-01T11:22:23.8454560Z Receiving objects:   3% (379/9606), 14.58 MiB | 63.00 KiB/s
2023-08-01T11:22:24.3914290Z Receiving objects:   3% (379/9606), 14.64 MiB | 55.00 KiB/s
2023-08-01T11:22:25.4512460Z Receiving objects:   3% (379/9606), 14.66 MiB | 54.00 KiB/s
2023-08-01T11:22:26.5030980Z Receiving objects:   3% (379/9606), 14.71 MiB | 48.00 KiB/s
2023-08-01T11:22:27.8743760Z Receiving objects:   3% (379/9606), 14.76 MiB | 47.00 KiB/s
2023-08-01T11:22:28.3946010Z Receiving objects:   3% (379/9606), 14.82 MiB | 47.00 KiB/s
2023-08-01T11:22:29.4198480Z Receiving objects:   3% (379/9606), 14.86 MiB | 48.00 KiB/s
2023-08-01T11:22:30.4782320Z Receiving objects:   3% (379/9606), 14.86 MiB | 41.00 KiB/s
2023-08-01T11:22:31.7091760Z Receiving objects:   3% (379/9606), 15.00 MiB | 59.00 KiB/s
2023-08-01T11:22:32.8936410Z Receiving objects:   3% (379/9606), 15.07 MiB | 58.00 KiB/s
2023-08-01T11:22:33.4794320Z Receiving objects:   3% (379/9606), 15.14 MiB | 62.00 KiB/s
2023-08-01T11:22:34.5727270Z Receiving objects:   3% (379/9606), 15.19 MiB | 67.00 KiB/s
2023-08-01T11:22:35.7667130Z Receiving objects:   3% (379/9606), 15.29 MiB | 85.00 KiB/s
2023-08-01T11:22:36.4260340Z Receiving objects:   3% (379/9606), 15.40 MiB | 78.00 KiB/s
2023-08-01T11:22:38.1688220Z Receiving objects:   3% (379/9606), 15.46 MiB | 83.00 KiB/s
2023-08-01T11:22:38.8426070Z Receiving objects:   3% (379/9606), 15.52 MiB | 71.00 KiB/s
2023-08-01T11:22:39.3434570Z Receiving objects:   3% (379/9606), 15.60 MiB | 76.00 KiB/s
2023-08-01T11:22:40.4434240Z Receiving objects:   3% (379/9606), 15.62 MiB | 75.00 KiB/s
2023-08-01T11:22:41.6661670Z Receiving objects:   3% (379/9606), 15.66 MiB | 66.00 KiB/s
2023-08-01T11:22:42.3653420Z Receiving objects:   3% (379/9606), 15.71 MiB | 56.00 KiB/s
2023-08-01T11:22:43.5246890Z Receiving objects:   3% (379/9606), 15.75 MiB | 53.00 KiB/s
2023-08-01T11:22:44.6806620Z Receiving objects:   3% (379/9606), 15.81 MiB | 55.00 KiB/s
2023-08-01T11:22:45.3928680Z Receiving objects:   3% (379/9606), 15.89 MiB | 52.00 KiB/s
2023-08-01T11:22:46.5046580Z Receiving objects:   3% (379/9606), 15.94 MiB | 55.00 KiB/s
2023-08-01T11:22:47.5751170Z Receiving objects:   3% (379/9606), 16.05 MiB | 68.00 KiB/s
2023-08-01T11:22:48.6885240Z Receiving objects:   3% (379/9606), 16.13 MiB | 75.00 KiB/s
2023-08-01T11:22:49.7214710Z Receiving objects:   3% (379/9606), 16.21 MiB | 79.00 KiB/s
2023-08-01T11:22:50.7996510Z Receiving objects:   3% (379/9606), 16.28 MiB | 77.00 KiB/s
2023-08-01T11:22:51.3848870Z Receiving objects:   3% (379/9606), 16.32 MiB | 69.00 KiB/s
2023-08-01T11:22:52.9062470Z Receiving objects:   3% (379/9606), 16.37 MiB | 67.00 KiB/s
2023-08-01T11:22:53.4883530Z Receiving objects:   3% (379/9606), 16.42 MiB | 55.00 KiB/s
2023-08-01T11:22:54.6978950Z Receiving objects:   3% (379/9606), 16.51 MiB | 66.00 KiB/s
2023-08-01T11:22:55.7413340Z Receiving objects:   3% (379/9606), 16.60 MiB | 65.00 KiB/s
2023-08-01T11:22:57.0254600Z Receiving objects:   3% (379/9606), 16.68 MiB | 68.00 KiB/s
2023-08-01T11:22:57.6655200Z Receiving objects:   3% (379/9606), 16.75 MiB | 69.00 KiB/s
2023-08-01T11:22:58.7951980Z Receiving objects:   3% (379/9606), 16.80 MiB | 71.00 KiB/s
2023-08-01T11:22:59.3668740Z Receiving objects:   3% (379/9606), 16.86 MiB | 67.00 KiB/s
2023-08-01T11:23:00.6333770Z Receiving objects:   3% (379/9606), 16.89 MiB | 67.00 KiB/s
2023-08-01T11:23:01.3629320Z Receiving objects:   3% (379/9606), 16.96 MiB | 59.00 KiB/s
2023-08-01T11:23:02.7312990Z Receiving objects:   3% (379/9606), 17.00 MiB | 58.00 KiB/s
2023-08-01T11:23:03.7600760Z Receiving objects:   3% (379/9606), 17.05 MiB | 53.00 KiB/s
2023-08-01T11:23:04.8241810Z Receiving objects:   3% (379/9606), 17.07 MiB | 43.00 KiB/s
2023-08-01T11:23:05.3450570Z Receiving objects:   3% (379/9606), 17.11 MiB | 39.00 KiB/s
2023-08-01T11:23:07.0614710Z Receiving objects:   3% (379/9606), 17.12 MiB | 36.00 KiB/s
2023-08-01T11:23:07.8190060Z Receiving objects:   3% (379/9606), 17.16 MiB | 29.00 KiB/s
2023-08-01T11:23:08.4659810Z Receiving objects:   3% (379/9606), 17.19 MiB | 29.00 KiB/s
2023-08-01T11:23:09.5374710Z Receiving objects:   3% (379/9606), 17.21 MiB | 27.00 KiB/s
2023-08-01T11:23:10.7948720Z Receiving objects:   3% (379/9606), 17.25 MiB | 30.00 KiB/s
2023-08-01T11:23:11.4103020Z Receiving objects:   3% (379/9606), 17.32 MiB | 36.00 KiB/s
2023-08-01T11:23:12.4734960Z Receiving objects:   3% (379/9606), 17.35 MiB | 38.00 KiB/s
2023-08-01T11:23:13.6378710Z Receiving objects:   3% (379/9606), 17.43 MiB | 51.00 KiB/s
2023-08-01T11:23:14.3946480Z Receiving objects:   3% (379/9606), 17.53 MiB | 63.00 KiB/s
2023-08-01T11:23:15.5314900Z Receiving objects:   3% (379/9606), 17.57 MiB | 65.00 KiB/s
2023-08-01T11:23:16.7792340Z Receiving objects:   3% (379/9606), 17.65 MiB | 71.00 KiB/s
2023-08-01T11:23:17.7528570Z Receiving objects:   3% (379/9606), 17.74 MiB | 74.00 KiB/s
2023-08-01T11:23:18.8207670Z Receiving objects:   3% (379/9606), 17.79 MiB | 69.00 KiB/s
2023-08-01T11:23:19.3477330Z Receiving objects:   3% (379/9606), 17.94 MiB | 82.00 KiB/s
2023-08-01T11:23:20.3923560Z Receiving objects:   3% (379/9606), 18.00 MiB | 84.00 KiB/s
2023-08-01T11:23:21.4437970Z Receiving objects:   3% (379/9606), 18.11 MiB | 93.00 KiB/s
2023-08-01T11:23:22.4511520Z Receiving objects:   3% (379/9606), 18.22 MiB | 100.00 KiB/s
2023-08-01T11:23:23.5944940Z Receiving objects:   3% (379/9606), 18.32 MiB | 115.00 KiB/s
2023-08-01T11:23:24.6595260Z Receiving objects:   3% (379/9606), 18.45 MiB | 109.00 KiB/s
2023-08-01T11:23:25.7314820Z Receiving objects:   3% (379/9606), 18.56 MiB | 110.00 KiB/s
2023-08-01T11:23:26.7612910Z Receiving objects:   3% (379/9606), 18.62 MiB | 98.00 KiB/s 
2023-08-01T11:23:27.8209300Z Receiving objects:   3% (379/9606), 18.82 MiB | 111.00 KiB/s
2023-08-01T11:23:28.4093740Z Receiving objects:   3% (379/9606), 18.99 MiB | 126.00 KiB/s
2023-08-01T11:23:29.8219600Z Receiving objects:   3% (379/9606), 19.05 MiB | 128.00 KiB/s
2023-08-01T11:23:30.3560900Z Receiving objects:   3% (379/9606), 19.23 MiB | 133.00 KiB/s
2023-08-01T11:23:31.5459990Z Receiving objects:   3% (379/9606), 19.31 MiB | 138.00 KiB/s
2023-08-01T11:23:32.5997780Z Receiving objects:   3% (379/9606), 19.40 MiB | 126.00 KiB/s
2023-08-01T11:23:33.8336300Z Receiving objects:   3% (379/9606), 19.50 MiB | 116.00 KiB/s
2023-08-01T11:23:34.3426540Z Receiving objects:   3% (379/9606), 19.64 MiB | 110.00 KiB/s
2023-08-01T11:23:35.4304610Z Receiving objects:   3% (379/9606), 19.69 MiB | 105.00 KiB/s
2023-08-01T11:23:36.6809330Z Receiving objects:   3% (379/9606), 19.81 MiB | 100.00 KiB/s
2023-08-01T11:23:37.3605270Z Receiving objects:   3% (379/9606), 19.90 MiB | 99.00 KiB/s 
2023-08-01T11:23:38.4552290Z Receiving objects:   3% (379/9606), 19.95 MiB | 96.00 KiB/s
2023-08-01T11:23:39.6284840Z Receiving objects:   3% (379/9606), 20.02 MiB | 99.00 KiB/s
2023-08-01T11:23:41.0481410Z Receiving objects:   3% (379/9606), 20.09 MiB | 77.00 KiB/s
2023-08-01T11:23:41.7893890Z Receiving objects:   3% (379/9606), 20.18 MiB | 66.00 KiB/s
2023-08-01T11:23:42.8840620Z Receiving objects:   3% (379/9606), 20.21 MiB | 64.00 KiB/s
2023-08-01T11:23:43.4583310Z Receiving objects:   3% (379/9606), 20.27 MiB | 59.00 KiB/s
2023-08-01T11:23:44.8473740Z Receiving objects:   3% (379/9606), 20.30 MiB | 57.00 KiB/s
2023-08-01T11:23:45.3570820Z Receiving objects:   3% (379/9606), 20.37 MiB | 56.00 KiB/s
2023-08-01T11:23:46.6961290Z Receiving objects:   3% (379/9606), 20.40 MiB | 55.00 KiB/s
2023-08-01T11:23:47.8403800Z Receiving objects:   3% (379/9606), 20.42 MiB | 45.00 KiB/s
2023-08-01T11:23:48.3536120Z Receiving objects:   3% (379/9606), 20.55 MiB | 56.00 KiB/s
2023-08-01T11:23:49.5216970Z Receiving objects:   3% (379/9606), 20.60 MiB | 59.00 KiB/s
2023-08-01T11:23:50.6607690Z Receiving objects:   3% (379/9606), 20.69 MiB | 65.00 KiB/s
2023-08-01T11:23:51.7340780Z Receiving objects:   3% (379/9606), 20.79 MiB | 72.00 KiB/s
2023-08-01T11:23:52.8253970Z Receiving objects:   3% (379/9606), 20.88 MiB | 93.00 KiB/s
2023-08-01T11:23:53.3571010Z Receiving objects:   3% (379/9606), 20.96 MiB | 85.00 KiB/s
2023-08-01T11:23:54.7526810Z Receiving objects:   3% (379/9606), 21.00 MiB | 83.00 KiB/s
2023-08-01T11:23:56.9194680Z Receiving objects:   3% (379/9606), 21.10 MiB | 79.00 KiB/s
2023-08-01T11:23:57.5920810Z Receiving objects:   3% (379/9606), 21.19 MiB | 66.00 KiB/s
2023-08-01T11:23:58.6077940Z Receiving objects:   3% (379/9606), 21.28 MiB | 72.00 KiB/s
2023-08-01T11:23:59.9531750Z Receiving objects:   3% (379/9606), 21.34 MiB | 66.00 KiB/s
2023-08-01T11:24:00.5798340Z Receiving objects:   3% (379/9606), 21.40 MiB | 61.00 KiB/s
2023-08-01T11:24:01.6511100Z Receiving objects:   3% (379/9606), 21.43 MiB | 60.00 KiB/s
2023-08-01T11:24:02.8279000Z Receiving objects:   3% (379/9606), 21.50 MiB | 55.00 KiB/s
2023-08-01T11:24:03.3691860Z Receiving objects:   3% (379/9606), 21.57 MiB | 58.00 KiB/s
2023-08-01T11:24:04.4588290Z Receiving objects:   3% (379/9606), 21.59 MiB | 53.00 KiB/s
2023-08-01T11:24:05.4758510Z Receiving objects:   3% (379/9606), 21.66 MiB | 56.00 KiB/s
2023-08-01T11:24:06.7227880Z Receiving objects:   3% (379/9606), 21.75 MiB | 65.00 KiB/s
2023-08-01T11:24:07.8262760Z Receiving objects:   3% (379/9606), 21.81 MiB | 61.00 KiB/s
2023-08-01T11:24:08.3492610Z Receiving objects:   3% (379/9606), 21.86 MiB | 57.00 KiB/s
2023-08-01T11:24:09.4267840Z Receiving objects:   3% (379/9606), 21.88 MiB | 59.00 KiB/s
2023-08-01T11:24:10.7033970Z Receiving objects:   3% (379/9606), 21.96 MiB | 61.00 KiB/s
2023-08-01T11:24:11.8878960Z Receiving objects:   3% (379/9606), 22.05 MiB | 59.00 KiB/s
2023-08-01T11:24:12.7912100Z Receiving objects:   3% (379/9606), 22.14 MiB | 65.00 KiB/s
2023-08-01T11:24:13.8532000Z Receiving objects:   3% (379/9606), 22.14 MiB | 58.00 KiB/s
2023-08-01T11:24:14.4274750Z Receiving objects:   3% (379/9606), 22.28 MiB | 74.00 KiB/s
2023-08-01T11:24:15.8063190Z Receiving objects:   3% (379/9606), 22.30 MiB | 71.00 KiB/s
2023-08-01T11:24:16.5464250Z Receiving objects:   3% (379/9606), 22.39 MiB | 68.00 KiB/s
2023-08-01T11:24:17.7741660Z Receiving objects:   3% (379/9606), 22.42 MiB | 64.00 KiB/s
2023-08-01T11:24:18.4400260Z Receiving objects:   3% (379/9606), 22.46 MiB | 55.00 KiB/s
2023-08-01T11:24:19.7757550Z Receiving objects:   3% (379/9606), 22.49 MiB | 62.00 KiB/s
2023-08-01T11:24:20.4223410Z Receiving objects:   3% (379/9606), 22.54 MiB | 46.00 KiB/s
2023-08-01T11:24:21.7072630Z Receiving objects:   3% (379/9606), 22.57 MiB | 45.00 KiB/s
2023-08-01T11:24:22.3711880Z Receiving objects:   3% (379/9606), 22.61 MiB | 37.00 KiB/s
2023-08-01T11:24:23.5704250Z Receiving objects:   3% (379/9606), 22.64 MiB | 38.00 KiB/s
2023-08-01T11:24:24.8528400Z Receiving objects:   3% (379/9606), 22.70 MiB | 42.00 KiB/s
2023-08-01T11:24:25.5717030Z Receiving objects:   3% (379/9606), 22.76 MiB | 43.00 KiB/s
2023-08-01T11:24:26.7922830Z Receiving objects:   3% (379/9606), 22.79 MiB | 44.00 KiB/s
2023-08-01T11:24:27.9125070Z Receiving objects:   3% (379/9606), 22.84 MiB | 44.00 KiB/s
2023-08-01T11:24:28.6139800Z Receiving objects:   3% (379/9606), 22.89 MiB | 47.00 KiB/s
2023-08-01T11:24:29.3631310Z Receiving objects:   3% (379/9606), 22.93 MiB | 47.00 KiB/s
2023-08-01T11:24:30.5829110Z Receiving objects:   3% (379/9606), 22.96 MiB | 47.00 KiB/s
2023-08-01T11:24:31.6957490Z Receiving objects:   3% (379/9606), 23.02 MiB | 46.00 KiB/s
2023-08-01T11:24:32.7215430Z Receiving objects:   3% (379/9606), 23.07 MiB | 46.00 KiB/s
2023-08-01T11:24:34.0583950Z Receiving objects:   3% (379/9606), 23.13 MiB | 50.00 KiB/s
2023-08-01T11:24:34.5666670Z Receiving objects:   3% (379/9606), 23.16 MiB | 44.00 KiB/s
2023-08-01T11:24:35.7840920Z Receiving objects:   3% (379/9606), 23.25 MiB | 56.00 KiB/s
2023-08-01T11:24:36.3860620Z Receiving objects:   3% (379/9606), 23.32 MiB | 58.00 KiB/s
2023-08-01T11:24:37.5605640Z Receiving objects:   3% (379/9606), 23.36 MiB | 59.00 KiB/s
2023-08-01T11:24:39.0098260Z Receiving objects:   3% (379/9606), 23.39 MiB | 55.00 KiB/s
2023-08-01T11:24:39.6015590Z Receiving objects:   3% (379/9606), 23.43 MiB | 48.00 KiB/s
2023-08-01T11:24:40.7022580Z Receiving objects:   3% (379/9606), 23.46 MiB | 54.00 KiB/s
2023-08-01T11:24:41.8247220Z Receiving objects:   3% (379/9606), 23.50 MiB | 39.00 KiB/s
2023-08-01T11:24:42.8572010Z Receiving objects:   3% (379/9606), 23.56 MiB | 38.00 KiB/s
2023-08-01T11:24:43.4359110Z Receiving objects:   3% (379/9606), 23.62 MiB | 45.00 KiB/s
2023-08-01T11:24:44.6481780Z Receiving objects:   3% (379/9606), 23.67 MiB | 50.00 KiB/s
2023-08-01T11:24:45.7823070Z Receiving objects:   3% (379/9606), 23.75 MiB | 58.00 KiB/s
2023-08-01T11:24:46.8780970Z Receiving objects:   3% (379/9606), 23.82 MiB | 64.00 KiB/s
2023-08-01T11:24:47.5540590Z Receiving objects:   3% (379/9606), 23.87 MiB | 63.00 KiB/s
2023-08-01T11:24:48.9527560Z Receiving objects:   3% (379/9606), 23.90 MiB | 61.00 KiB/s
2023-08-01T11:24:49.4745220Z Receiving objects:   3% (379/9606), 23.96 MiB | 53.00 KiB/s
2023-08-01T11:24:50.5341690Z Receiving objects:   3% (379/9606), 23.99 MiB | 53.00 KiB/s
2023-08-01T11:24:51.6404520Z Receiving objects:   3% (379/9606), 24.04 MiB | 46.00 KiB/s
2023-08-01T11:24:53.0918800Z Receiving objects:   3% (379/9606), 24.09 MiB | 46.00 KiB/s
2023-08-01T11:24:53.5994090Z Receiving objects:   3% (379/9606), 24.11 MiB | 39.00 KiB/s
2023-08-01T11:24:54.7091590Z Receiving objects:   3% (379/9606), 24.21 MiB | 51.00 KiB/s
2023-08-01T11:24:55.8524500Z Receiving objects:   3% (379/9606), 24.30 MiB | 61.00 KiB/s
2023-08-01T11:24:56.5346600Z Receiving objects:   3% (379/9606), 24.36 MiB | 60.00 KiB/s
2023-08-01T11:24:57.7970270Z Receiving objects:   3% (379/9606), 24.39 MiB | 61.00 KiB/s
2023-08-01T11:24:58.4059330Z Receiving objects:   3% (379/9606), 24.46 MiB | 61.00 KiB/s
2023-08-01T11:24:59.6254750Z Receiving objects:   3% (379/9606), 24.49 MiB | 72.00 KiB/s
2023-08-01T11:25:00.7088080Z Receiving objects:   3% (379/9606), 24.53 MiB | 51.00 KiB/s
2023-08-01T11:25:01.4131430Z Receiving objects:   3% (379/9606), 24.58 MiB | 47.00 KiB/s
2023-08-01T11:25:02.6650290Z Receiving objects:   3% (379/9606), 24.61 MiB | 46.00 KiB/s
2023-08-01T11:25:03.8719860Z Receiving objects:   3% (379/9606), 24.68 MiB | 50.00 KiB/s
2023-08-01T11:25:04.3989670Z Receiving objects:   3% (379/9606), 24.75 MiB | 48.00 KiB/s
2023-08-01T11:25:05.4822050Z Receiving objects:   3% (379/9606), 24.78 MiB | 52.00 KiB/s
2023-08-01T11:25:06.8228850Z Receiving objects:   3% (379/9606), 24.85 MiB | 57.00 KiB/s
2023-08-01T11:25:07.4211510Z Receiving objects:   3% (379/9606), 24.93 MiB | 59.00 KiB/s
2023-08-01T11:25:08.6924670Z Receiving objects:   3% (379/9606), 24.97 MiB | 61.00 KiB/s
2023-08-01T11:25:09.9531420Z Receiving objects:   3% (379/9606), 25.05 MiB | 63.00 KiB/s
2023-08-01T11:25:10.5955150Z Receiving objects:   3% (379/9606), 25.13 MiB | 64.00 KiB/s
2023-08-01T11:25:11.6390500Z Receiving objects:   3% (379/9606), 25.17 MiB | 65.00 KiB/s
2023-08-01T11:25:12.6756750Z Receiving objects:   3% (379/9606), 25.22 MiB | 63.00 KiB/s
2023-08-01T11:25:13.9524200Z Receiving objects:   3% (379/9606), 25.30 MiB | 64.00 KiB/s
2023-08-01T11:25:14.9103540Z Receiving objects:   3% (379/9606), 25.38 MiB | 63.00 KiB/s
2023-08-01T11:25:15.6065520Z Receiving objects:   3% (379/9606), 25.43 MiB | 60.00 KiB/s
2023-08-01T11:25:16.9624940Z Receiving objects:   3% (379/9606), 25.45 MiB | 58.00 KiB/s
2023-08-01T11:25:17.4986020Z Receiving objects:   3% (379/9606), 25.53 MiB | 58.00 KiB/s
2023-08-01T11:25:18.5361820Z Receiving objects:   3% (379/9606), 25.57 MiB | 60.00 KiB/s
2023-08-01T11:25:19.9671120Z Receiving objects:   3% (379/9606), 25.64 MiB | 58.00 KiB/s
2023-08-01T11:25:20.6995510Z Receiving objects:   3% (379/9606), 25.73 MiB | 59.00 KiB/s
2023-08-01T11:25:21.4294090Z Receiving objects:   3% (379/9606), 25.79 MiB | 64.00 KiB/s
2023-08-01T11:25:22.7505820Z Receiving objects:   3% (379/9606), 25.84 MiB | 68.00 KiB/s
2023-08-01T11:25:24.1803310Z Receiving objects:   3% (379/9606), 25.90 MiB | 66.00 KiB/s
2023-08-01T11:25:24.7138580Z Receiving objects:   3% (379/9606), 25.91 MiB | 52.00 KiB/s
2023-08-01T11:25:25.7959630Z Receiving objects:   3% (379/9606), 25.99 MiB | 59.00 KiB/s
2023-08-01T11:25:26.8631600Z Receiving objects:   3% (379/9606), 26.05 MiB | 57.00 KiB/s
2023-08-01T11:25:27.3939250Z Receiving objects:   3% (379/9606), 26.11 MiB | 53.00 KiB/s
2023-08-01T11:25:28.4542590Z Receiving objects:   3% (379/9606), 26.14 MiB | 52.00 KiB/s
2023-08-01T11:25:29.6184620Z Receiving objects:   3% (379/9606), 26.22 MiB | 57.00 KiB/s
2023-08-01T11:25:30.5014840Z Receiving objects:   3% (379/9606), 26.25 MiB | 53.00 KiB/s
2023-08-01T11:25:31.7614260Z Receiving objects:   3% (379/9606), 26.28 MiB | 51.00 KiB/s
2023-08-01T11:25:32.5234570Z Receiving objects:   3% (379/9606), 26.34 MiB | 48.00 KiB/s
2023-08-01T11:25:33.6374860Z Receiving objects:   3% (379/9606), 26.38 MiB | 48.00 KiB/s
2023-08-01T11:25:34.6773180Z Receiving objects:   3% (379/9606), 26.44 MiB | 46.00 KiB/s
2023-08-01T11:25:35.8078580Z Receiving objects:   3% (379/9606), 26.50 MiB | 50.00 KiB/s
2023-08-01T11:25:36.3423970Z Receiving objects:   3% (379/9606), 26.57 MiB | 55.00 KiB/s
2023-08-01T11:25:37.4063220Z Receiving objects:   3% (379/9606), 26.60 MiB | 54.00 KiB/s
2023-08-01T11:25:38.4761020Z Receiving objects:   3% (379/9606), 26.64 MiB | 53.00 KiB/s
2023-08-01T11:25:39.5396070Z Receiving objects:   3% (379/9606), 26.73 MiB | 59.00 KiB/s
2023-08-01T11:25:40.5810330Z Receiving objects:   3% (379/9606), 26.82 MiB | 64.00 KiB/s
2023-08-01T11:25:41.8567730Z Receiving objects:   3% (379/9606), 26.90 MiB | 70.00 KiB/s
2023-08-01T11:25:42.3573970Z Receiving objects:   3% (379/9606), 26.92 MiB | 59.00 KiB/s
2023-08-01T11:25:43.6342040Z Receiving objects:   3% (379/9606), 27.00 MiB | 69.00 KiB/s
2023-08-01T11:25:44.9368770Z Receiving objects:   3% (379/9606), 27.04 MiB | 63.00 KiB/s
2023-08-01T11:25:45.4568770Z Receiving objects:   3% (379/9606), 27.10 MiB | 56.00 KiB/s
2023-08-01T11:25:46.4856220Z Receiving objects:   3% (379/9606), 27.12 MiB | 52.00 KiB/s
2023-08-01T11:25:47.7223680Z Receiving objects:   3% (379/9606), 27.16 MiB | 44.00 KiB/s
2023-08-01T11:25:48.7551160Z Receiving objects:   3% (379/9606), 27.21 MiB | 40.00 KiB/s
2023-08-01T11:25:49.8475440Z Receiving objects:   3% (379/9606), 27.27 MiB | 45.00 KiB/s
2023-08-01T11:25:50.3671880Z Receiving objects:   3% (379/9606), 27.32 MiB | 47.00 KiB/s
2023-08-01T11:25:51.6135370Z Receiving objects:   3% (379/9606), 27.35 MiB | 47.00 KiB/s
2023-08-01T11:25:52.6550710Z Receiving objects:   3% (379/9606), 27.41 MiB | 49.00 KiB/s
2023-08-01T11:25:53.6969500Z Receiving objects:   3% (379/9606), 27.47 MiB | 53.00 KiB/s
2023-08-01T11:25:54.7460130Z Receiving objects:   3% (379/9606), 27.54 MiB | 55.00 KiB/s
2023-08-01T11:25:55.8242920Z Receiving objects:   3% (379/9606), 27.59 MiB | 55.00 KiB/s
2023-08-01T11:25:56.3438420Z Receiving objects:   3% (379/9606), 27.67 MiB | 60.00 KiB/s
2023-08-01T11:25:57.4863700Z Receiving objects:   3% (379/9606), 27.70 MiB | 62.00 KiB/s
2023-08-01T11:25:58.6408110Z Receiving objects:   3% (379/9606), 27.75 MiB | 59.00 KiB/s
2023-08-01T11:25:59.6697180Z Receiving objects:   3% (379/9606), 27.81 MiB | 56.00 KiB/s
2023-08-01T11:26:00.3569910Z Receiving objects:   3% (379/9606), 27.84 MiB | 52.00 KiB/s
2023-08-01T11:26:02.1617480Z Receiving objects:   3% (379/9606), 27.86 MiB | 45.00 KiB/s
2023-08-01T11:26:02.6994870Z Receiving objects:   3% (379/9606), 27.88 MiB | 34.00 KiB/s
2023-08-01T11:26:03.7503130Z Receiving objects:   3% (379/9606), 27.96 MiB | 41.00 KiB/s
2023-08-01T11:26:04.7987030Z Receiving objects:   3% (379/9606), 28.00 MiB | 39.00 KiB/s
2023-08-01T11:26:05.8515430Z Receiving objects:   3% (379/9606), 28.05 MiB | 40.00 KiB/s
2023-08-01T11:26:06.6421690Z Receiving objects:   3% (379/9606), 28.11 MiB | 45.00 KiB/s
2023-08-01T11:26:07.7376720Z Receiving objects:   3% (379/9606), 28.16 MiB | 49.00 KiB/s
2023-08-01T11:26:08.4061090Z Receiving objects:   3% (379/9606), 28.22 MiB | 54.00 KiB/s
2023-08-01T11:26:09.5696360Z Receiving objects:   3% (379/9606), 28.26 MiB | 57.00 KiB/s
2023-08-01T11:26:10.7923400Z Receiving objects:   3% (379/9606), 28.34 MiB | 62.00 KiB/s
2023-08-01T11:26:11.5092240Z Receiving objects:   3% (379/9606), 28.43 MiB | 64.00 KiB/s
2023-08-01T11:26:12.6366530Z Receiving objects:   3% (380/9606), 28.47 MiB | 65.00 KiB/s
2023-08-01T11:26:13.7685030Z Receiving objects:   3% (380/9606), 28.57 MiB | 72.00 KiB/s
2023-08-01T11:26:14.8276210Z Receiving objects:   3% (380/9606), 28.65 MiB | 74.00 KiB/s
2023-08-01T11:26:15.3492720Z Receiving objects:   3% (380/9606), 28.75 MiB | 79.00 KiB/s
2023-08-01T11:26:16.7266770Z Receiving objects:   3% (380/9606), 28.79 MiB | 79.00 KiB/s
2023-08-01T11:26:17.3877990Z Receiving objects:   3% (380/9606), 28.89 MiB | 81.00 KiB/s
2023-08-01T11:26:18.4078120Z Receiving objects:   3% (380/9606), 28.93 MiB | 77.00 KiB/s
2023-08-01T11:26:19.4321230Z Receiving objects:   3% (380/9606), 29.00 MiB | 76.00 KiB/s
2023-08-01T11:26:20.5086430Z Receiving objects:   3% (380/9606), 29.07 MiB | 74.00 KiB/s
2023-08-01T11:26:21.5197420Z Receiving objects:   3% (380/9606), 29.17 MiB | 74.00 KiB/s
2023-08-01T11:26:22.7950050Z Receiving objects:   3% (380/9606), 29.23 MiB | 73.00 KiB/s
2023-08-01T11:26:23.4920000Z Receiving objects:   3% (380/9606), 29.29 MiB | 67.00 KiB/s
2023-08-01T11:26:24.7669210Z Receiving objects:   3% (380/9606), 29.30 MiB | 61.00 KiB/s
2023-08-01T11:26:25.4796970Z Receiving objects:   3% (380/9606), 29.36 MiB | 54.00 KiB/s
2023-08-01T11:26:26.5528250Z Receiving objects:   3% (380/9606), 29.38 MiB | 49.00 KiB/s
2023-08-01T11:26:27.6170920Z Receiving objects:   3% (380/9606), 29.42 MiB | 39.00 KiB/s
2023-08-01T11:26:28.6652940Z Receiving objects:   3% (380/9606), 29.47 MiB | 40.00 KiB/s
2023-08-01T11:26:29.7238150Z Receiving objects:   3% (380/9606), 29.54 MiB | 47.00 KiB/s
2023-08-01T11:26:30.7967030Z Receiving objects:   3% (380/9606), 29.61 MiB | 53.00 KiB/s
2023-08-01T11:26:31.8362750Z Receiving objects:   3% (380/9606), 29.67 MiB | 58.00 KiB/s
2023-08-01T11:26:32.3701830Z Receiving objects:   3% (380/9606), 29.73 MiB | 62.00 KiB/s
2023-08-01T11:26:33.4822890Z Receiving objects:   3% (380/9606), 29.75 MiB | 60.00 KiB/s
2023-08-01T11:26:34.6603600Z Receiving objects:   3% (380/9606), 29.82 MiB | 59.00 KiB/s
2023-08-01T11:26:36.8011890Z Receiving objects:   3% (380/9606), 29.89 MiB | 56.00 KiB/s
2023-08-01T11:26:37.4434740Z Receiving objects:   3% (380/9606), 29.96 MiB | 50.00 KiB/s
2023-08-01T11:26:38.5041990Z Receiving objects:   3% (380/9606), 30.04 MiB | 57.00 KiB/s
2023-08-01T11:26:39.5605930Z Receiving objects:   3% (380/9606), 30.07 MiB | 53.00 KiB/s
2023-08-01T11:26:40.9682950Z Receiving objects:   3% (380/9606), 30.12 MiB | 50.00 KiB/s
2023-08-01T11:26:41.6184510Z Receiving objects:   3% (380/9606), 30.18 MiB | 46.00 KiB/s
2023-08-01T11:26:42.8805890Z Receiving objects:   3% (380/9606), 30.21 MiB | 45.00 KiB/s
2023-08-01T11:26:43.4270830Z Receiving objects:   3% (380/9606), 30.26 MiB | 41.00 KiB/s
2023-08-01T11:26:44.4735210Z Receiving objects:   3% (380/9606), 30.29 MiB | 42.00 KiB/s
2023-08-01T11:26:45.5180840Z Receiving objects:   3% (380/9606), 30.35 MiB | 47.00 KiB/s
2023-08-01T11:26:46.7930230Z Receiving objects:   3% (380/9606), 30.40 MiB | 48.00 KiB/s
2023-08-01T11:26:47.8591830Z Receiving objects:   3% (380/9606), 30.46 MiB | 51.00 KiB/s
2023-08-01T11:26:48.5683460Z Receiving objects:   3% (380/9606), 30.55 MiB | 59.00 KiB/s
2023-08-01T11:26:49.6033270Z Receiving objects:   3% (380/9606), 30.58 MiB | 59.00 KiB/s
2023-08-01T11:26:50.6446850Z Receiving objects:   3% (380/9606), 30.65 MiB | 60.00 KiB/s
2023-08-01T11:26:52.0169110Z Receiving objects:   3% (380/9606), 30.71 MiB | 62.00 KiB/s
2023-08-01T11:26:52.5749310Z Receiving objects:   3% (380/9606), 30.79 MiB | 62.00 KiB/s
2023-08-01T11:26:53.7668380Z Receiving objects:   3% (380/9606), 30.82 MiB | 61.00 KiB/s
2023-08-01T11:26:54.3424930Z Receiving objects:   3% (380/9606), 30.89 MiB | 61.00 KiB/s
2023-08-01T11:26:55.3938580Z Receiving objects:   3% (380/9606), 30.93 MiB | 62.00 KiB/s
2023-08-01T11:26:56.4310940Z Receiving objects:   3% (380/9606), 31.00 MiB | 57.00 KiB/s
2023-08-01T11:26:57.5423880Z Receiving objects:   3% (380/9606), 31.07 MiB | 61.00 KiB/s
2023-08-01T11:26:58.5814520Z Receiving objects:   3% (380/9606), 31.15 MiB | 67.00 KiB/s
2023-08-01T11:26:59.6151550Z Receiving objects:   3% (380/9606), 31.23 MiB | 71.00 KiB/s
2023-08-01T11:27:00.7654830Z Receiving objects:   3% (380/9606), 31.31 MiB | 74.00 KiB/s
2023-08-01T11:27:01.6691460Z Receiving objects:   3% (380/9606), 31.39 MiB | 76.00 KiB/s
2023-08-01T11:27:03.0300510Z Receiving objects:   3% (380/9606), 31.43 MiB | 70.00 KiB/s
2023-08-01T11:27:03.5439670Z Receiving objects:   3% (380/9606), 31.49 MiB | 62.00 KiB/s
2023-08-01T11:27:04.7412370Z Receiving objects:   3% (380/9606), 31.51 MiB | 61.00 KiB/s
2023-08-01T11:27:05.8047060Z Receiving objects:   3% (380/9606), 31.57 MiB | 52.00 KiB/s
2023-08-01T11:27:06.3315800Z Receiving objects:   3% (380/9606), 31.63 MiB | 51.00 KiB/s
2023-08-01T11:27:08.9878130Z Receiving objects:   3% (380/9606), 31.64 MiB | 47.00 KiB/s
2023-08-01T11:27:09.5110310Z Receiving objects:   3% (380/9606), 31.70 MiB | 37.00 KiB/s
2023-08-01T11:27:10.8305390Z Receiving objects:   3% (380/9606), 31.78 MiB | 45.00 KiB/s
2023-08-01T11:27:11.3597410Z Receiving objects:   3% (380/9606), 31.83 MiB | 45.00 KiB/s
2023-08-01T11:27:12.6401350Z Receiving objects:   3% (380/9606), 31.86 MiB | 44.00 KiB/s
2023-08-01T11:27:13.8323200Z Receiving objects:   3% (380/9606), 31.92 MiB | 43.00 KiB/s
2023-08-01T11:27:14.3474360Z Receiving objects:   3% (380/9606), 32.00 MiB | 47.00 KiB/s
2023-08-01T11:27:15.5844930Z Receiving objects:   3% (380/9606), 32.04 MiB | 64.00 KiB/s
2023-08-01T11:27:16.7089310Z Receiving objects:   3% (380/9606), 32.10 MiB | 56.00 KiB/s
2023-08-01T11:27:17.7869040Z Receiving objects:   3% (380/9606), 32.15 MiB | 56.00 KiB/s
2023-08-01T11:27:19.0136180Z Receiving objects:   3% (380/9606), 32.22 MiB | 60.00 KiB/s
2023-08-01T11:27:19.5991570Z Receiving objects:   3% (380/9606), 32.27 MiB | 54.00 KiB/s
2023-08-01T11:27:20.8033250Z Receiving objects:   3% (380/9606), 32.31 MiB | 53.00 KiB/s
2023-08-01T11:27:21.3509310Z Receiving objects:   3% (380/9606), 32.37 MiB | 53.00 KiB/s
2023-08-01T11:27:22.3771160Z Receiving objects:   3% (380/9606), 32.39 MiB | 52.00 KiB/s
2023-08-01T11:27:23.5902390Z Receiving objects:   3% (380/9606), 32.43 MiB | 46.00 KiB/s
2023-08-01T11:27:25.5936000Z Receiving objects:   3% (380/9606), 32.49 MiB | 48.00 KiB/s
2023-08-01T11:27:26.8275660Z Receiving objects:   3% (380/9606), 32.54 MiB | 38.00 KiB/s
2023-08-01T11:27:27.5228300Z Receiving objects:   3% (380/9606), 32.58 MiB | 35.00 KiB/s
2023-08-01T11:27:28.6302280Z Receiving objects:   3% (380/9606), 32.60 MiB | 33.00 KiB/s
2023-08-01T11:27:29.7928360Z Receiving objects:   3% (380/9606), 32.65 MiB | 37.00 KiB/s
2023-08-01T11:27:30.4028250Z Receiving objects:   3% (380/9606), 32.70 MiB | 34.00 KiB/s
2023-08-01T11:27:31.6401660Z Receiving objects:   3% (380/9606), 32.72 MiB | 34.00 KiB/s
2023-08-01T11:27:32.7907640Z Receiving objects:   3% (380/9606), 32.78 MiB | 43.00 KiB/s
2023-08-01T11:27:33.3477420Z Receiving objects:   3% (380/9606), 32.82 MiB | 44.00 KiB/s
2023-08-01T11:27:34.6662490Z Receiving objects:   3% (380/9606), 32.85 MiB | 42.00 KiB/s
2023-08-01T11:27:35.4648400Z Receiving objects:   3% (380/9606), 32.89 MiB | 42.00 KiB/s
2023-08-01T11:27:36.5179980Z Receiving objects:   3% (380/9606), 32.92 MiB | 39.00 KiB/s
2023-08-01T11:27:37.6555340Z Receiving objects:   3% (380/9606), 32.99 MiB | 43.00 KiB/s
2023-08-01T11:27:38.8187560Z Receiving objects:   3% (380/9606), 33.04 MiB | 45.00 KiB/s
2023-08-01T11:27:39.3319700Z Receiving objects:   3% (380/9606), 33.12 MiB | 51.00 KiB/s
2023-08-01T11:27:40.5579160Z Receiving objects:   3% (380/9606), 33.14 MiB | 52.00 KiB/s
2023-08-01T11:27:41.7702210Z Receiving objects:   3% (380/9606), 33.20 MiB | 56.00 KiB/s
2023-08-01T11:27:43.1486040Z Receiving objects:   3% (380/9606), 33.25 MiB | 50.00 KiB/s
2023-08-01T11:27:43.6853370Z Receiving objects:   3% (380/9606), 33.30 MiB | 48.00 KiB/s
2023-08-01T11:27:44.7470690Z Receiving objects:   3% (380/9606), 33.33 MiB | 47.00 KiB/s
2023-08-01T11:27:45.3765670Z Receiving objects:   3% (380/9606), 33.37 MiB | 42.00 KiB/s
2023-08-01T11:27:46.4633450Z Receiving objects:   3% (380/9606), 33.40 MiB | 43.00 KiB/s
2023-08-01T11:27:47.7608860Z Receiving objects:   3% (380/9606), 33.44 MiB | 42.00 KiB/s
2023-08-01T11:27:48.6023570Z Receiving objects:   3% (380/9606), 33.49 MiB | 41.00 KiB/s
2023-08-01T11:27:49.6979210Z Receiving objects:   3% (380/9606), 33.52 MiB | 41.00 KiB/s
2023-08-01T11:27:50.8479910Z Receiving objects:   3% (380/9606), 33.56 MiB | 39.00 KiB/s
2023-08-01T11:27:51.5396440Z Receiving objects:   3% (380/9606), 33.60 MiB | 36.00 KiB/s
2023-08-01T11:27:52.5954150Z Receiving objects:   3% (380/9606), 33.61 MiB | 33.00 KiB/s
2023-08-01T11:27:53.7283210Z Receiving objects:   3% (380/9606), 33.66 MiB | 34.00 KiB/s
2023-08-01T11:27:54.3843730Z Receiving objects:   3% (380/9606), 33.67 MiB | 30.00 KiB/s
2023-08-01T11:27:55.7762500Z Receiving objects:   3% (380/9606), 33.76 MiB | 42.00 KiB/s
2023-08-01T11:27:56.3736430Z Receiving objects:   3% (380/9606), 33.83 MiB | 46.00 KiB/s
2023-08-01T11:27:57.6923200Z Receiving objects:   3% (380/9606), 33.86 MiB | 48.00 KiB/s
2023-08-01T11:27:58.4129000Z Receiving objects:   3% (380/9606), 33.92 MiB | 50.00 KiB/s
2023-08-01T11:27:59.8131580Z Receiving objects:   3% (380/9606), 33.94 MiB | 49.00 KiB/s
2023-08-01T11:28:00.3945550Z Receiving objects:   3% (380/9606), 34.00 MiB | 55.00 KiB/s
2023-08-01T11:28:01.5009040Z Receiving objects:   3% (380/9606), 34.03 MiB | 45.00 KiB/s
2023-08-01T11:28:02.5110730Z Receiving objects:   3% (380/9606), 34.08 MiB | 44.00 KiB/s
2023-08-01T11:28:03.5831160Z Receiving objects:   3% (380/9606), 34.15 MiB | 50.00 KiB/s
2023-08-01T11:28:04.5887380Z Receiving objects:   3% (380/9606), 34.23 MiB | 57.00 KiB/s
2023-08-01T11:28:05.9238750Z Receiving objects:   3% (380/9606), 34.29 MiB | 63.00 KiB/s
2023-08-01T11:28:06.4267510Z Receiving objects:   3% (380/9606), 34.38 MiB | 68.00 KiB/s
2023-08-01T11:28:07.4699770Z Receiving objects:   3% (380/9606), 34.41 MiB | 67.00 KiB/s
2023-08-01T11:28:08.6283110Z Receiving objects:   3% (380/9606), 34.46 MiB | 62.00 KiB/s
2023-08-01T11:28:09.7661940Z Receiving objects:   3% (380/9606), 34.50 MiB | 55.00 KiB/s
2023-08-01T11:28:10.8009320Z Receiving objects:   3% (380/9606), 34.56 MiB | 52.00 KiB/s
2023-08-01T11:28:11.9151630Z Receiving objects:   3% (380/9606), 34.62 MiB | 50.00 KiB/s
2023-08-01T11:28:12.4224570Z Receiving objects:   3% (380/9606), 34.68 MiB | 49.00 KiB/s
2023-08-01T11:28:13.6483960Z Receiving objects:   3% (380/9606), 34.71 MiB | 53.00 KiB/s
2023-08-01T11:28:14.8279180Z Receiving objects:   3% (380/9606), 34.78 MiB | 55.00 KiB/s
2023-08-01T11:28:15.3667980Z Receiving objects:   3% (380/9606), 34.87 MiB | 63.00 KiB/s
2023-08-01T11:28:16.5656140Z Receiving objects:   3% (380/9606), 34.90 MiB | 64.00 KiB/s
2023-08-01T11:28:17.6266140Z Receiving objects:   3% (380/9606), 34.96 MiB | 64.00 KiB/s
2023-08-01T11:28:18.8530000Z Receiving objects:   3% (380/9606), 35.01 MiB | 58.00 KiB/s
2023-08-01T11:28:19.3990430Z Receiving objects:   3% (380/9606), 35.06 MiB | 55.00 KiB/s
2023-08-01T11:28:20.5777470Z Receiving objects:   3% (380/9606), 35.09 MiB | 52.00 KiB/s
2023-08-01T11:28:21.8431910Z Receiving objects:   3% (380/9606), 35.10 MiB | 40.00 KiB/s
2023-08-01T11:28:22.5295390Z Receiving objects:   3% (380/9606), 35.23 MiB | 51.00 KiB/s
2023-08-01T11:28:23.6982990Z Receiving objects:   3% (380/9606), 35.27 MiB | 52.00 KiB/s
2023-08-01T11:28:24.5592440Z Receiving objects:   3% (380/9606), 35.32 MiB | 52.00 KiB/s
2023-08-01T11:28:25.7570860Z Receiving objects:   3% (380/9606), 35.36 MiB | 52.00 KiB/s
2023-08-01T11:28:26.3802880Z Receiving objects:   3% (380/9606), 35.42 MiB | 52.00 KiB/s
2023-08-01T11:28:27.6138600Z Receiving objects:   3% (380/9606), 35.43 MiB | 59.00 KiB/s
2023-08-01T11:28:28.3398360Z Receiving objects:   3% (380/9606), 35.47 MiB | 42.00 KiB/s
2023-08-01T11:28:29.6231880Z Receiving objects:   3% (380/9606), 35.50 MiB | 39.00 KiB/s
2023-08-01T11:28:30.8276950Z Receiving objects:   3% (380/9606), 35.54 MiB | 37.00 KiB/s
2023-08-01T11:28:31.3969320Z Receiving objects:   3% (380/9606), 35.58 MiB | 34.00 KiB/s
2023-08-01T11:28:32.5963000Z Receiving objects:   3% (380/9606), 35.61 MiB | 34.00 KiB/s
2023-08-01T11:28:33.7075240Z Receiving objects:   3% (380/9606), 35.67 MiB | 39.00 KiB/s
2023-08-01T11:28:34.3667010Z Receiving objects:   3% (380/9606), 35.75 MiB | 47.00 KiB/s
2023-08-01T11:28:35.4471320Z Receiving objects:   3% (380/9606), 35.79 MiB | 50.00 KiB/s
2023-08-01T11:28:36.4914160Z Receiving objects:   3% (380/9606), 35.88 MiB | 62.00 KiB/s
2023-08-01T11:28:37.5186960Z Receiving objects:   3% (380/9606), 35.94 MiB | 67.00 KiB/s
2023-08-01T11:28:38.6908080Z Receiving objects:   3% (380/9606), 36.01 MiB | 71.00 KiB/s
2023-08-01T11:28:39.8931820Z Receiving objects:   3% (380/9606), 36.07 MiB | 67.00 KiB/s
2023-08-01T11:28:40.4357530Z Receiving objects:   3% (380/9606), 36.12 MiB | 59.00 KiB/s
2023-08-01T11:28:41.4938170Z Receiving objects:   3% (380/9606), 36.15 MiB | 56.00 KiB/s
2023-08-01T11:28:42.7075980Z Receiving objects:   3% (380/9606), 36.21 MiB | 56.00 KiB/s
2023-08-01T11:28:43.9904210Z Receiving objects:   3% (380/9606), 36.29 MiB | 54.00 KiB/s
2023-08-01T11:28:44.5026000Z Receiving objects:   3% (380/9606), 36.34 MiB | 51.00 KiB/s
2023-08-01T11:28:45.5300310Z Receiving objects:   3% (380/9606), 36.38 MiB | 56.00 KiB/s
2023-08-01T11:28:46.6052400Z Receiving objects:   3% (380/9606), 36.44 MiB | 58.00 KiB/s
2023-08-01T11:28:47.6533030Z Receiving objects:   3% (380/9606), 36.51 MiB | 59.00 KiB/s
2023-08-01T11:28:48.3803580Z Receiving objects:   3% (380/9606), 36.59 MiB | 63.00 KiB/s
2023-08-01T11:28:49.4220060Z Receiving objects:   3% (380/9606), 36.64 MiB | 65.00 KiB/s
2023-08-01T11:28:50.6690180Z Receiving objects:   3% (380/9606), 36.72 MiB | 71.00 KiB/s
2023-08-01T11:28:52.0235280Z Receiving objects:   3% (380/9606), 36.79 MiB | 70.00 KiB/s
2023-08-01T11:28:52.5245990Z Receiving objects:   3% (380/9606), 36.86 MiB | 66.00 KiB/s
2023-08-01T11:28:53.7683610Z Receiving objects:   3% (380/9606), 36.89 MiB | 64.00 KiB/s
2023-08-01T11:28:54.4076910Z Receiving objects:   3% (380/9606), 36.94 MiB | 57.00 KiB/s
2023-08-01T11:28:55.5226610Z Receiving objects:   3% (380/9606), 36.97 MiB | 52.00 KiB/s
2023-08-01T11:28:56.7623220Z Receiving objects:   3% (380/9606), 37.03 MiB | 49.00 KiB/s
2023-08-01T11:28:57.8303470Z Receiving objects:   3% (380/9606), 37.09 MiB | 48.00 KiB/s
2023-08-01T11:28:58.5801170Z Receiving objects:   3% (380/9606), 37.16 MiB | 52.00 KiB/s
2023-08-01T11:28:59.7352170Z Receiving objects:   3% (380/9606), 37.21 MiB | 56.00 KiB/s
2023-08-01T11:29:01.3396810Z Receiving objects:   3% (380/9606), 37.30 MiB | 63.00 KiB/s
2023-08-01T11:29:02.3921470Z Receiving objects:   3% (380/9606), 37.37 MiB | 60.00 KiB/s
2023-08-01T11:29:03.4727890Z Receiving objects:   3% (380/9606), 37.52 MiB | 78.00 KiB/s
2023-08-01T11:29:04.5400620Z Receiving objects:   3% (380/9606), 37.59 MiB | 77.00 KiB/s
2023-08-01T11:29:05.5881050Z Receiving objects:   3% (380/9606), 37.66 MiB | 77.00 KiB/s
2023-08-01T11:29:06.6171280Z Receiving objects:   3% (380/9606), 37.74 MiB | 76.00 KiB/s
2023-08-01T11:29:07.4417170Z Receiving objects:   3% (380/9606), 37.80 MiB | 70.00 KiB/s
2023-08-01T11:29:08.5477400Z Receiving objects:   3% (380/9606), 37.85 MiB | 66.00 KiB/s
2023-08-01T11:29:09.7817440Z Receiving objects:   3% (380/9606), 37.91 MiB | 64.00 KiB/s
2023-08-01T11:29:10.5534940Z Receiving objects:   3% (380/9606), 37.96 MiB | 59.00 KiB/s
2023-08-01T11:29:11.7498460Z Receiving objects:   3% (380/9606), 38.01 MiB | 58.00 KiB/s
2023-08-01T11:29:12.9790580Z Receiving objects:   3% (380/9606), 38.07 MiB | 54.00 KiB/s
2023-08-01T11:29:13.6779710Z Receiving objects:   3% (380/9606), 38.12 MiB | 50.00 KiB/s
2023-08-01T11:29:14.8152790Z Receiving objects:   3% (380/9606), 38.15 MiB | 48.00 KiB/s
2023-08-01T11:29:15.5108850Z Receiving objects:   3% (380/9606), 38.18 MiB | 43.00 KiB/s
2023-08-01T11:29:16.5722210Z Receiving objects:   3% (380/9606), 38.21 MiB | 43.00 KiB/s
2023-08-01T11:29:17.9072640Z Receiving objects:   3% (380/9606), 38.24 MiB | 35.00 KiB/s
2023-08-01T11:29:18.5382630Z Receiving objects:   3% (380/9606), 38.27 MiB | 31.00 KiB/s
2023-08-01T11:29:19.6642290Z Receiving objects:   3% (380/9606), 38.29 MiB | 31.00 KiB/s
2023-08-01T11:29:20.9190120Z Receiving objects:   3% (380/9606), 38.35 MiB | 34.00 KiB/s
2023-08-01T11:29:21.4574620Z Receiving objects:   3% (380/9606), 38.41 MiB | 38.00 KiB/s
2023-08-01T11:29:22.9208290Z Receiving objects:   3% (380/9606), 38.44 MiB | 41.00 KiB/s
2023-08-01T11:29:23.4492570Z Receiving objects:   3% (380/9606), 38.50 MiB | 44.00 KiB/s
2023-08-01T11:29:24.6899760Z Receiving objects:   3% (380/9606), 38.52 MiB | 46.00 KiB/s
2023-08-01T11:29:26.0620170Z Receiving objects:   3% (380/9606), 38.57 MiB | 44.00 KiB/s
2023-08-01T11:29:26.5884220Z Receiving objects:   3% (380/9606), 38.61 MiB | 42.00 KiB/s
2023-08-01T11:29:27.6946020Z Receiving objects:   3% (380/9606), 38.64 MiB | 40.00 KiB/s
2023-08-01T11:29:28.8681970Z Receiving objects:   3% (380/9606), 38.69 MiB | 41.00 KiB/s
2023-08-01T11:29:29.3695320Z Receiving objects:   3% (380/9606), 38.78 MiB | 48.00 KiB/s
2023-08-01T11:29:30.4021780Z Receiving objects:   3% (380/9606), 38.82 MiB | 54.00 KiB/s
2023-08-01T11:29:31.7039470Z Receiving objects:   3% (380/9606), 38.89 MiB | 59.00 KiB/s
2023-08-01T11:29:32.7700390Z Receiving objects:   3% (380/9606), 38.92 MiB | 55.00 KiB/s
2023-08-01T11:29:33.4750620Z Receiving objects:   3% (380/9606), 39.02 MiB | 65.00 KiB/s
2023-08-01T11:29:34.7618280Z Receiving objects:   3% (380/9606), 39.05 MiB | 63.00 KiB/s
2023-08-01T11:29:35.3439420Z Receiving objects:   3% (380/9606), 39.12 MiB | 59.00 KiB/s
2023-08-01T11:29:36.8467380Z Receiving objects:   3% (380/9606), 39.14 MiB | 53.00 KiB/s
2023-08-01T11:29:37.4862370Z Receiving objects:   3% (380/9606), 39.18 MiB | 47.00 KiB/s
2023-08-01T11:29:38.7235890Z Receiving objects:   3% (380/9606), 39.21 MiB | 51.00 KiB/s
2023-08-01T11:29:39.4140620Z Receiving objects:   3% (380/9606), 39.25 MiB | 39.00 KiB/s
2023-08-01T11:29:40.7013060Z Receiving objects:   3% (380/9606), 39.26 MiB | 36.00 KiB/s
2023-08-01T11:29:41.3499800Z Receiving objects:   3% (380/9606), 39.31 MiB | 32.00 KiB/s
2023-08-01T11:29:42.6341990Z Receiving objects:   3% (380/9606), 39.33 MiB | 33.00 KiB/s
2023-08-01T11:29:43.7591200Z Receiving objects:   3% (380/9606), 39.38 MiB | 34.00 KiB/s
2023-08-01T11:29:44.3550000Z Receiving objects:   3% (380/9606), 39.43 MiB | 37.00 KiB/s
2023-08-01T11:29:45.4049250Z Receiving objects:   3% (380/9606), 39.46 MiB | 38.00 KiB/s
2023-08-01T11:29:46.7128170Z Receiving objects:   3% (380/9606), 39.53 MiB | 45.00 KiB/s
2023-08-01T11:29:47.9814410Z Receiving objects:   3% (380/9606), 39.62 MiB | 55.00 KiB/s
2023-08-01T11:29:48.6683990Z Receiving objects:   3% (380/9606), 39.70 MiB | 61.00 KiB/s
2023-08-01T11:29:49.9630820Z Receiving objects:   3% (380/9606), 39.73 MiB | 62.00 KiB/s
2023-08-01T11:29:50.4911350Z Receiving objects:   3% (380/9606), 39.79 MiB | 61.00 KiB/s
2023-08-01T11:29:51.5376880Z Receiving objects:   3% (380/9606), 39.82 MiB | 61.00 KiB/s
2023-08-01T11:29:52.6434920Z Receiving objects:   3% (380/9606), 39.89 MiB | 58.00 KiB/s
2023-08-01T11:29:53.6831690Z Receiving objects:   3% (380/9606), 39.94 MiB | 55.00 KiB/s
2023-08-01T11:29:54.8404210Z Receiving objects:   3% (380/9606), 40.00 MiB | 55.00 KiB/s
2023-08-01T11:29:55.3787850Z Receiving objects:   3% (380/9606), 40.07 MiB | 57.00 KiB/s
2023-08-01T11:29:56.6136890Z 