2023-08-01T11:16:46.8150290Z Current runner version: '2.307.1'
2023-08-01T11:16:46.8194180Z Runner name: 'test-deployment-runner'
2023-08-01T11:16:46.8196110Z Runner group name: 'Default'
2023-08-01T11:16:46.8198640Z Machine name: 'MacBook-Air-de-Faisceaume'
2023-08-01T11:16:46.8207930Z ##[group]GITHUB_TOKEN Permissions
2023-08-01T11:16:46.8210220Z Contents: read
2023-08-01T11:16:46.8211100Z Metadata: read
2023-08-01T11:16:46.8212030Z Packages: read
2023-08-01T11:16:46.8212980Z ##[endgroup]
2023-08-01T11:16:46.8228580Z Secret source: Actions
2023-08-01T11:16:46.8230120Z Prepare workflow directory
2023-08-01T11:16:47.2231840Z Prepare all required actions
2023-08-01T11:16:47.3528070Z Getting action download info
2023-08-01T11:16:47.9690510Z Download action repository 'actions/checkout@v3' (SHA:c85c95e3d7251135ab7dc9ce3241c5835cc595a9)
2023-08-01T11:16:53.7416370Z Download action repository 'actions/setup-node@v3' (SHA:e33196f7422957bea03ed53f6fbb155025ffc7b8)
2023-08-01T11:17:09.2548450Z Complete job name: build (18.x)
2023-08-01T11:17:10.9384700Z ##[group]Run actions/checkout@v3
2023-08-01T11:17:10.9386370Z with:
2023-08-01T11:17:10.9387530Z   repository: ivan-oule/test-deployment
2023-08-01T11:17:10.9389590Z   token: ***
2023-08-01T11:17:10.9390510Z   ssh-strict: true
2023-08-01T11:17:10.9391670Z   persist-credentials: true
2023-08-01T11:17:10.9392610Z   clean: true
2023-08-01T11:17:10.9403830Z   sparse-checkout-cone-mode: true
2023-08-01T11:17:10.9405230Z   fetch-depth: 1
2023-08-01T11:17:10.9406070Z   lfs: false
2023-08-01T11:17:10.9406990Z   submodules: false
2023-08-01T11:17:10.9408060Z   set-safe-directory: true
2023-08-01T11:17:10.9409150Z ##[endgroup]
2023-08-01T11:17:13.9533580Z Syncing repository: ivan-oule/test-deployment
2023-08-01T11:17:13.9545440Z ##[group]Getting Git version info
2023-08-01T11:17:13.9550100Z Working directory is '/Users/faisceaume/Desktop/Steeve/test-deployment/actions-runner/_work/test-deployment/test-deployment'
2023-08-01T11:17:13.9553360Z [command]/usr/bin/git version
2023-08-01T11:17:13.9962020Z git version 2.37.0 (Apple Git-136)
2023-08-01T11:17:14.0357820Z ##[endgroup]
2023-08-01T11:17:14.0723940Z Copying '/Users/faisceaume/.gitconfig' to '/Users/faisceaume/Desktop/Steeve/test-deployment/actions-runner/_work/_temp/70b02e2b-e529-4459-ae7a-3ca41c0f1e3d/.gitconfig'
2023-08-01T11:17:14.0817670Z Temporarily overriding HOME='/Users/faisceaume/Desktop/Steeve/test-deployment/actions-runner/_work/_temp/70b02e2b-e529-4459-ae7a-3ca41c0f1e3d' before making global git config changes
2023-08-01T11:17:14.0839090Z Adding repository directory to the temporary git global config as a safe directory
2023-08-01T11:17:14.0944910Z [command]/usr/bin/git config --global --add safe.directory /Users/faisceaume/Desktop/Steeve/test-deployment/actions-runner/_work/test-deployment/test-deployment
2023-08-01T11:17:23.6260050Z [command]/usr/bin/git config --local --get remote.origin.url
2023-08-01T11:17:23.6980630Z https://github.com/ivan-oule/test-deployment
2023-08-01T11:17:23.7260370Z ##[group]Removing previously created refs, to avoid conflicts
2023-08-01T11:17:23.7268190Z [command]/usr/bin/git rev-parse --symbolic-full-name --verify --quiet HEAD
2023-08-01T11:17:23.8478150Z refs/heads/master
2023-08-01T11:17:23.8540150Z [command]/usr/bin/git checkout --detach
2023-08-01T11:17:24.3156150Z HEAD is now at 6ebb924 commit
2023-08-01T11:17:24.4777860Z [command]/usr/bin/git branch --delete --force master
2023-08-01T11:17:24.5309240Z Deleted branch master (was 6ebb924).
2023-08-01T11:17:24.7005610Z ##[endgroup]
2023-08-01T11:17:24.7043810Z [command]/usr/bin/git submodule status
2023-08-01T11:17:25.3691260Z ##[error]fatal: no submodule mapping found in .gitmodules for path 'actions-runner/_work/test-deployment/test-deployment'
2023-08-01T11:17:25.3733120Z Bad Submodules found, removing existing files
2023-08-01T11:17:25.3735140Z ##[group]Cleaning the repository
2023-08-01T11:17:25.3736700Z [command]/usr/bin/git clean -ffdx
2023-08-01T11:19:06.0801220Z Removing dist/
2023-08-01T11:19:06.0889940Z Removing node_modules/
2023-08-01T11:19:06.1201920Z [command]/usr/bin/git reset --hard HEAD
2023-08-01T11:19:06.7117280Z HEAD is now at 6ebb924 commit
2023-08-01T11:19:06.7565590Z ##[endgroup]
2023-08-01T11:19:06.7778720Z ##[warning]Unable to clean or reset the repository. The repository will be recreated instead.
2023-08-01T11:19:06.7787060Z Deleting the contents of '/Users/faisceaume/Desktop/Steeve/test-deployment/actions-runner/_work/test-deployment/test-deployment'
2023-08-01T11:19:16.9762800Z ##[group]Initializing the repository
2023-08-01T11:19:16.9866780Z [command]/usr/bin/git init /Users/faisceaume/Desktop/Steeve/test-deployment/actions-runner/_work/test-deployment/test-deployment
2023-08-01T11:19:17.1181200Z Initialized empty Git repository in /Users/faisceaume/Desktop/Steeve/test-deployment/actions-runner/_work/test-deployment/test-deployment/.git/
2023-08-01T11:19:17.1393190Z [command]/usr/bin/git remote add origin https://github.com/ivan-oule/test-deployment
2023-08-01T11:19:17.2390750Z ##[endgroup]
2023-08-01T11:19:17.2497950Z ##[group]Disabling automatic garbage collection
2023-08-01T11:19:17.2595820Z [command]/usr/bin/git config --local gc.auto 0
2023-08-01T11:19:17.3410940Z ##[endgroup]
2023-08-01T11:19:17.3514830Z ##[group]Setting up auth
2023-08-01T11:19:17.3616530Z [command]/usr/bin/git config --local --name-only --get-regexp core\.sshCommand
2023-08-01T11:19:17.4277210Z [command]/usr/bin/git submodule foreach --recursive sh -c "git config --local --name-only --get-regexp 'core\.sshCommand' && git config --local --unset-all 'core.sshCommand' || :"
2023-08-01T11:19:18.0276830Z [command]/usr/bin/git config --local --name-only --get-regexp http\.https\:\/\/github\.com\/\.extraheader
2023-08-01T11:19:18.1107040Z [command]/usr/bin/git submodule foreach --recursive sh -c "git config --local --name-only --get-regexp 'http\.https\:\/\/github\.com\/\.extraheader' && git config --local --unset-all 'http.https://github.com/.extraheader' || :"
2023-08-01T11:19:18.6331100Z [command]/usr/bin/git config --local http.https://github.com/.extraheader AUTHORIZATION: basic ***
2023-08-01T11:19:18.7157410Z ##[endgroup]
2023-08-01T11:19:18.7261480Z ##[group]Fetching the repository
2023-08-01T11:19:18.7349890Z [command]/usr/bin/git -c protocol.version=2 fetch --no-tags --prune --progress --no-recurse-submodules --depth=1 origin +6ebb924bd6b21b8384f2228ce71ab4423c8be905:refs/remotes/origin/master
2023-08-01T11:19:20.0279440Z remote: Enumerating objects: 9606, done.        
2023-08-01T11:19:20.0555200Z remote: Counting objects:   0% (1/9606)        
2023-08-01T11:19:20.0733750Z remote: Counting objects:   1% (97/9606)        
2023-08-01T11:19:20.1211570Z remote: Counting objects:   2% (193/9606)        
2023-08-01T11:19:20.1218570Z remote: Counting objects:   3% (289/9606)        
2023-08-01T11:19:20.1469200Z remote: Counting objects:   4% (385/9606)        
2023-08-01T11:19:20.1706180Z remote: Counting objects:   5% (481/9606)        
2023-08-01T11:19:20.1711410Z remote: Counting objects:   6% (577/9606)        
2023-08-01T11:19:20.1827560Z remote: Counting objects:   7% (673/9606)        
2023-08-01T11:19:20.1932070Z remote: Counting objects:   8% (769/9606)        
2023-08-01T11:19:20.2036050Z remote: Counting objects:   9% (865/9606)        
2023-08-01T11:19:20.2139590Z remote: Counting objects:  10% (961/9606)        
2023-08-01T11:19:20.2266320Z remote: Counting objects:  11% (1057/9606)        
2023-08-01T11:19:20.2369730Z remote: Counting objects:  12% (1153/9606)        
2023-08-01T11:19:20.2473810Z remote: Counting objects:  13% (1249/9606)        
2023-08-01T11:19:20.2578140Z remote: Counting objects:  14% (1345/9606)        
2023-08-01T11:19:20.2682020Z remote: Counting objects:  15% (1441/9606)        
2023-08-01T11:19:20.2784850Z remote: Counting objects:  16% (1537/9606)        
2023-08-01T11:19:20.2890230Z remote: Counting objects:  17% (1634/9606)        
2023-08-01T11:19:20.3000100Z remote: Counting objects:  18% (1730/9606)        
2023-08-01T11:19:20.3104950Z remote: Counting objects:  19% (1826/9606)        
2023-08-01T11:19:20.3211880Z remote: Counting objects:  20% (1922/9606)        
2023-08-01T11:19:20.3341680Z remote: Counting objects:  21% (2018/9606)        
2023-08-01T11:19:20.3342680Z remote: Counting objects:  22% (2114/9606)        
2023-08-01T11:19:20.3343980Z remote: Counting objects:  23% (2210/9606)        
2023-08-01T11:19:20.3345190Z remote: Counting objects:  24% (2306/9606)        
2023-08-01T11:19:20.3345780Z remote: Counting objects:  25% (2402/9606)        
2023-08-01T11:19:20.3347150Z remote: Counting objects:  26% (2498/9606)        
2023-08-01T11:19:20.3348300Z remote: Counting objects:  27% (2594/9606)        
2023-08-01T11:19:20.3349320Z remote: Counting objects:  28% (2690/9606)        
2023-08-01T11:19:20.3350220Z remote: Counting objects:  29% (2786/9606)        
2023-08-01T11:19:20.3351230Z remote: Counting objects:  30% (2882/9606)        
2023-08-01T11:19:20.3352600Z remote: Counting objects:  31% (2978/9606)        
2023-08-01T11:19:20.3354090Z remote: Counting objects:  32% (3074/9606)        
2023-08-01T11:19:20.3357380Z remote: Counting objects:  33% (3170/9606)        
2023-08-01T11:19:20.3358800Z remote: Counting objects:  34% (3267/9606)        
2023-08-01T11:19:20.3359840Z remote: Counting objects:  35% (3363/9606)        
2023-08-01T11:19:20.3360530Z remote: Counting objects:  36% (3459/9606)        
2023-08-01T11:19:20.3361160Z remote: Counting objects:  37% (3555/9606)        
2023-08-01T11:19:20.3362790Z remote: Counting objects:  38% (3651/9606)        
2023-08-01T11:19:20.3363410Z remote: Counting objects:  39% (3747/9606)        
2023-08-01T11:19:20.3364710Z remote: Counting objects:  40% (3843/9606)        
2023-08-01T11:19:20.3365520Z remote: Counting objects:  41% (3939/9606)        
2023-08-01T11:19:20.3366080Z remote: Counting objects:  42% (4035/9606)        
2023-08-01T11:19:20.3366630Z remote: Counting objects:  43% (4131/9606)        
2023-08-01T11:19:20.3367150Z remote: Counting objects:  44% (4227/9606)        
2023-08-01T11:19:20.3368160Z remote: Counting objects:  45% (4323/9606)        
2023-08-01T11:19:20.3368740Z remote: Counting objects:  46% (4419/9606)        
2023-08-01T11:19:20.3369250Z remote: Counting objects:  47% (4515/9606)        
2023-08-01T11:19:20.3369760Z remote: Counting objects:  48% (4611/9606)        
2023-08-01T11:19:20.3370290Z remote: Counting objects:  49% (4707/9606)        
2023-08-01T11:19:20.3370800Z remote: Counting objects:  50% (4803/9606)        
2023-08-01T11:19:20.3371320Z remote: Counting objects:  51% (4900/9606)        
2023-08-01T11:19:20.3371850Z remote: Counting objects:  52% (4996/9606)        
2023-08-01T11:19:20.3372390Z remote: Counting objects:  53% (5092/9606)        
2023-08-01T11:19:20.3372900Z remote: Counting objects:  54% (5188/9606)        
2023-08-01T11:19:20.3373410Z remote: Counting objects:  55% (5284/9606)        
2023-08-01T11:19:20.3374420Z remote: Counting objects:  56% (5380/9606)        
2023-08-01T11:19:20.3375280Z remote: Counting objects:  57% (5476/9606)        
2023-08-01T11:19:20.3376270Z remote: Counting objects:  58% (5572/9606)        
2023-08-01T11:19:20.3377260Z remote: Counting objects:  59% (5668/9606)        
2023-08-01T11:19:20.3378190Z remote: Counting objects:  60% (5764/9606)        
2023-08-01T11:19:20.3380100Z remote: Counting objects:  61% (5860/9606)        
2023-08-01T11:19:20.3381290Z remote: Counting objects:  62% (5956/9606)        
2023-08-01T11:19:20.3382230Z remote: Counting objects:  63% (6052/9606)        
2023-08-01T11:19:20.3383140Z remote: Counting objects:  64% (6148/9606)        
2023-08-01T11:19:20.3384110Z remote: Counting objects:  65% (6244/9606)        
2023-08-01T11:19:20.3385080Z remote: Counting objects:  66% (6340/9606)        
2023-08-01T11:19:20.3386170Z remote: Counting objects:  67% (6437/9606)        
2023-08-01T11:19:20.3387120Z remote: Counting objects:  68% (6533/9606)        
2023-08-01T11:19:20.3388080Z remote: Counting objects:  69% (6629/9606)        
2023-08-01T11:19:20.3389040Z remote: Counting objects:  70% (6725/9606)        
2023-08-01T11:19:20.3390050Z remote: Counting objects:  71% (6821/9606)        
2023-08-01T11:19:20.3393380Z remote: Counting objects:  72% (6917/9606)        
2023-08-01T11:19:20.3394370Z remote: Counting objects:  73% (7013/9606)        
2023-08-01T11:19:20.3395300Z remote: Counting objects:  74% (7109/9606)        
2023-08-01T11:19:20.3396260Z remote: Counting objects:  75% (7205/9606)        
2023-08-01T11:19:20.3397310Z remote: Counting objects:  76% (7301/9606)        
2023-08-01T11:19:20.3398250Z remote: Counting objects:  77% (7397/9606)        
2023-08-01T11:19:20.3399230Z remote: Counting objects:  78% (7493/9606)        
2023-08-01T11:19:20.3400210Z remote: Counting objects:  79% (7589/9606)        
2023-08-01T11:19:20.3401140Z remote: Counting objects:  80% (7685/9606)        
2023-08-01T11:19:20.3402130Z remote: Counting objects:  81% (7781/9606)        
2023-08-01T11:19:20.3403110Z remote: Counting objects:  82% (7877/9606)        
2023-08-01T11:19:20.3404060Z remote: Counting objects:  83% (7973/9606)        
2023-08-01T11:19:20.3406890Z remote: Counting objects:  84% (8070/9606)        
2023-08-01T11:19:20.3408150Z remote: Counting objects:  85% (8166/9606)        
2023-08-01T11:19:20.3409220Z remote: Counting objects:  86% (8262/9606)        
2023-08-01T11:19:20.3410240Z remote: Counting objects:  87% (8358/9606)        
2023-08-01T11:19:20.3411250Z remote: Counting objects:  88% (8454/9606)        
2023-08-01T11:19:20.3412310Z remote: Counting objects:  89% (8550/9606)        
2023-08-01T11:19:20.3413380Z remote: Counting objects:  90% (8646/9606)        
2023-08-01T11:19:20.3418670Z remote: Counting objects:  91% (8742/9606)        
2023-08-01T11:19:20.3419880Z remote: Counting objects:  92% (8838/9606)        
2023-08-01T11:19:20.3421340Z remote: Counting objects:  93% (8934/9606)        
2023-08-01T11:19:20.3422510Z remote: Counting objects:  94% (9030/9606)        
2023-08-01T11:19:20.3423550Z remote: Counting objects:  95% (9126/9606)        
2023-08-01T11:19:20.3424570Z remote: Counting objects:  96% (9222/9606)        
2023-08-01T11:19:20.3425780Z remote: Counting objects:  97% (9318/9606)        
2023-08-01T11:19:20.3426790Z remote: Counting objects:  98% (9414/9606)        
2023-08-01T11:19:20.3428160Z remote: Counting objects:  99% (9510/9606)        
2023-08-01T11:19:20.3430760Z remote: Counting objects: 100% (9606/9606)        
2023-08-01T11:19:20.3432360Z remote: Counting objects: 100% (9606/9606), done.        
2023-08-01T11:19:20.3433450Z remote: Compressing objects:   0% (1/6785)        
2023-08-01T11:19:20.3434460Z remote: Compressing objects:   1% (68/6785)        
2023-08-01T11:19:20.3436510Z remote: Compressing objects:   2% (136/6785)        
2023-08-01T11:19:20.3438170Z remote: Compressing objects:   3% (204/6785)        
2023-08-01T11:19:20.3440110Z remote: Compressing objects:   4% (272/6785)        
2023-08-01T11:19:20.3440760Z remote: Compressing objects:   5% (340/6785)        
2023-08-01T11:19:20.3441450Z remote: Compressing objects:   6% (408/6785)        
2023-08-01T11:19:20.3442110Z remote: Compressing objects:   7% (475/6785)        
2023-08-01T11:19:20.3442730Z remote: Compressing objects:   8% (543/6785)        
2023-08-01T11:19:20.3443360Z remote: Compressing objects:   9% (611/6785)        
2023-08-01T11:19:20.3444220Z remote: Compressing objects:  10% (679/6785)        
2023-08-01T11:19:20.3446550Z remote: Compressing objects:  11% (747/6785)        
2023-08-01T11:19:20.3447650Z remote: Compressing objects:  12% (815/6785)        
2023-08-01T11:19:20.3450660Z remote: Compressing objects:  13% (883/6785)        
2023-08-01T11:19:20.3453770Z remote: Compressing objects:  14% (950/6785)        
2023-08-01T11:19:20.3455480Z remote: Compressing objects:  15% (1018/6785)        
2023-08-01T11:19:20.3456820Z remote: Compressing objects:  16% (1086/6785)        
2023-08-01T11:19:20.3458880Z remote: Compressing objects:  17% (1154/6785)        
2023-08-01T11:19:20.3460010Z remote: Compressing objects:  18% (1222/6785)        
2023-08-01T11:19:20.3461680Z remote: Compressing objects:  19% (1290/6785)        
2023-08-01T11:19:20.3462760Z remote: Compressing objects:  20% (1357/6785)        
2023-08-01T11:19:20.3466020Z remote: Compressing objects:  21% (1425/6785)        
2023-08-01T11:19:20.3467460Z remote: Compressing objects:  22% (1493/6785)        
2023-08-01T11:19:20.3468560Z remote: Compressing objects:  23% (1561/6785)        
2023-08-01T11:19:20.3469640Z remote: Compressing objects:  24% (1629/6785)        
2023-08-01T11:19:20.3470800Z remote: Compressing objects:  25% (1697/6785)        
2023-08-01T11:19:20.3471920Z remote: Compressing objects:  26% (1765/6785)        
2023-08-01T11:19:20.3472940Z remote: Compressing objects:  27% (1832/6785)        
2023-08-01T11:19:20.3474160Z remote: Compressing objects:  28% (1900/6785)        
2023-08-01T11:19:20.3475310Z remote: Compressing objects:  29% (1968/6785)        
2023-08-01T11:19:20.3480320Z remote: Compressing objects:  30% (2036/6785)        
2023-08-01T11:19:20.3481510Z remote: Compressing objects:  31% (2104/6785)        
2023-08-01T11:19:20.3485570Z remote: Compressing objects:  32% (2172/6785)        
2023-08-01T11:19:20.3486660Z remote: Compressing objects:  33% (2240/6785)        
2023-08-01T11:19:20.3488600Z remote: Compressing objects:  34% (2307/6785)        
2023-08-01T11:19:20.3489650Z remote: Compressing objects:  35% (2375/6785)        
2023-08-01T11:19:20.3491490Z remote: Compressing objects:  36% (2443/6785)        
2023-08-01T11:19:20.3492700Z remote: Compressing objects:  37% (2511/6785)        
2023-08-01T11:19:20.3518910Z remote: Compressing objects:  38% (2579/6785)        
2023-08-01T11:19:20.3617720Z remote: Compressing objects:  39% (2647/6785)        
2023-08-01T11:19:20.3722000Z remote: Compressing objects:  40% (2714/6785)        
2023-08-01T11:19:20.3822660Z remote: Compressing objects:  41% (2782/6785)        
2023-08-01T11:19:20.3922880Z remote: Compressing objects:  42% (2850/6785)        
2023-08-01T11:19:20.4024550Z remote: Compressing objects:  43% (2918/6785)        
2023-08-01T11:19:20.4125330Z remote: Compressing objects:  44% (2986/6785)        
2023-08-01T11:19:20.4226460Z remote: Compressing objects:  45% (3054/6785)        
2023-08-01T11:19:20.4320300Z remote: Compressing objects:  46% (3122/6785)        
2023-08-01T11:19:20.4426130Z remote: Compressing objects:  47% (3189/6785)        
2023-08-01T11:19:20.4530360Z remote: Compressing objects:  48% (3257/6785)        
2023-08-01T11:19:20.4631260Z remote: Compressing objects:  49% (3325/6785)        
2023-08-01T11:19:20.4730630Z remote: Compressing objects:  50% (3393/6785)        
2023-08-01T11:19:20.4833440Z remote: Compressing objects:  51% (3461/6785)        
2023-08-01T11:19:20.4934420Z remote: Compressing objects:  52% (3529/6785)        
2023-08-01T11:19:20.5034660Z remote: Compressing objects:  53% (3597/6785)        
2023-08-01T11:19:20.5135620Z remote: Compressing objects:  54% (3664/6785)        
2023-08-01T11:19:23.3201720Z remote: Compressing objects:  55% (3732/6785)        
2023-08-01T11:19:23.3305660Z remote: Compressing objects:  55% (3789/6785)        
2023-08-01T11:19:23.3406600Z remote: Compressing objects:  56% (3800/6785)        
2023-08-01T11:19:23.3510270Z remote: Compressing objects:  57% (3868/6785)        
2023-08-01T11:19:23.3611960Z remote: Compressing objects:  58% (3936/6785)        
2023-08-01T11:19:23.3716000Z remote: Compressing objects:  59% (4004/6785)        
2023-08-01T11:19:23.3795690Z remote: Compressing objects:  60% (4071/6785)        
2023-08-01T11:19:23.3835830Z remote: Compressing objects:  61% (4139/6785)        
2023-08-01T11:19:23.3844130Z remote: Compressing objects:  62% (4207/6785)        
2023-08-01T11:19:23.3846510Z remote: Compressing objects:  63% (4275/6785)        
2023-08-01T11:19:23.3850470Z remote: Compressing objects:  64% (4343/6785)        
2023-08-01T11:19:23.3852680Z remote: Compressing objects:  65% (4411/6785)        
2023-08-01T11:19:23.3853920Z remote: Compressing objects:  66% (4479/6785)        
2023-08-01T11:19:23.3855240Z remote: Compressing objects:  67% (4546/6785)        
2023-08-01T11:19:23.3856690Z remote: Compressing objects:  68% (4614/6785)        
2023-08-01T11:19:23.3860680Z remote: Compressing objects:  69% (4682/6785)        
2023-08-01T11:19:23.3861950Z remote: Compressing objects:  70% (4750/6785)        
2023-08-01T11:19:23.3863370Z remote: Compressing objects:  71% (4818/6785)        
2023-08-01T11:19:23.3864730Z remote: Compressing objects:  72% (4886/6785)        
2023-08-01T11:19:23.3865970Z remote: Compressing objects:  73% (4954/6785)        
2023-08-01T11:19:23.3867650Z remote: Compressing objects:  74% (5021/6785)        
2023-08-01T11:19:23.3869020Z remote: Compressing objects:  75% (5089/6785)        
2023-08-01T11:19:23.3870220Z remote: Compressing objects:  76% (5157/6785)        
2023-08-01T11:19:23.3871610Z remote: Compressing objects:  77% (5225/6785)        
2023-08-01T11:19:23.3902880Z remote: Compressing objects:  78% (5293/6785)        
2023-08-01T11:19:23.3909270Z remote: Compressing objects:  79% (5361/6785)        
2023-08-01T11:19:23.4210670Z remote: Compressing objects:  80% (5428/6785)        
2023-08-01T11:19:23.4318630Z remote: Compressing objects:  81% (5496/6785)        
2023-08-01T11:19:23.4424320Z remote: Compressing objects:  82% (5564/6785)        
2023-08-01T11:19:23.4530450Z remote: Compressing objects:  83% (5632/6785)        
2023-08-01T11:19:23.4635720Z remote: Compressing objects:  84% (5700/6785)        
2023-08-01T11:19:23.4712030Z remote: Compressing objects:  85% (5768/6785)        
2023-08-01T11:19:23.4744000Z remote: Compressing objects:  86% (5836/6785)        
2023-08-01T11:19:23.4745520Z remote: Compressing objects:  87% (5903/6785)        
2023-08-01T11:19:23.4746690Z remote: Compressing objects:  88% (5971/6785)        
2023-08-01T11:19:23.4747710Z remote: Compressing objects:  89% (6039/6785)        
2023-08-01T11:19:23.4748590Z remote: Compressing objects:  90% (6107/6785)        
2023-08-01T11:19:23.4749850Z remote: Compressing objects:  91% (6175/6785)        
2023-08-01T11:19:23.4751100Z remote: Compressing objects:  92% (6243/6785)        
2023-08-01T11:19:23.4752710Z remote: Compressing objects:  93% (6311/6785)        
2023-08-01T11:19:23.4761040Z remote: Compressing objects:  94% (6378/6785)        
2023-08-01T11:19:23.4762810Z remote: Compressing objects:  95% (6446/6785)        
2023-08-01T11:19:23.4764020Z remote: Compressing objects:  96% (6514/6785)        
2023-08-01T11:19:23.4765190Z remote: Compressing objects:  97% (6582/6785)        
2023-08-01T11:19:23.4766390Z remote: Compressing objects:  98% (6650/6785)        
2023-08-01T11:19:23.4767560Z remote: Compressing objects:  99% (6718/6785)        
2023-08-01T11:19:23.4769720Z remote: Compressing objects: 100% (6785/6785)        
2023-08-01T11:19:23.4771100Z remote: Compressing objects: 100% (6785/6785), done.        
2023-08-01T11:19:23.6676220Z Receiving objects:   0% (1/9606)
2023-08-01T11:19:24.4055200Z Receiving objects:   1% (97/9606)
2023-08-01T11:19:25.1252230Z Receiving objects:   1% (156/9606), 236.00 KiB | 220.00 KiB/s
2023-08-01T11:19:25.5465420Z Receiving objects:   2% (193/9606), 412.00 KiB | 259.00 KiB/s
2023-08-01T11:19:25.5811680Z Receiving objects:   2% (233/9606), 540.00 KiB | 243.00 KiB/s
2023-08-01T11:19:26.7667900Z Receiving objects:   3% (289/9606), 540.00 KiB | 243.00 KiB/s
2023-08-01T11:19:27.8161810Z Receiving objects:   3% (331/9606), 908.00 KiB | 264.00 KiB/s
2023-08-01T11:19:28.4158800Z Receiving objects:   3% (331/9606), 1.07 MiB | 243.00 KiB/s  
2023-08-01T11:19:29.4208950Z Receiving objects:   3% (333/9606), 1.13 MiB | 227.00 KiB/s
2023-08-01T11:19:30.4979500Z Receiving objects:   3% (333/9606), 1.31 MiB | 219.00 KiB/s
2023-08-01T11:19:31.6077930Z Receiving objects:   3% (333/9606), 1.45 MiB | 190.00 KiB/s
2023-08-01T11:19:32.8439840Z Receiving objects:   3% (334/9606), 1.54 MiB | 167.00 KiB/s
2023-08-01T11:19:33.3808630Z Receiving objects:   3% (341/9606), 1.75 MiB | 140.00 KiB/s
2023-08-01T11:19:34.4828250Z Receiving objects:   3% (341/9606), 1.79 MiB | 137.00 KiB/s
2023-08-01T11:19:35.5094420Z Receiving objects:   3% (342/9606), 1.93 MiB | 126.00 KiB/s
2023-08-01T11:19:36.5717070Z Receiving objects:   3% (372/9606), 2.04 MiB | 121.00 KiB/s
2023-08-01T11:19:37.6897550Z Receiving objects:   3% (379/9606), 2.18 MiB | 119.00 KiB/s
2023-08-01T11:19:38.7691670Z Receiving objects:   3% (379/9606), 2.30 MiB | 115.00 KiB/s
2023-08-01T11:19:39.8124960Z Receiving objects:   3% (379/9606), 2.43 MiB | 120.00 KiB/s
2023-08-01T11:19:40.5002230Z Receiving objects:   3% (379/9606), 2.57 MiB | 122.00 KiB/s
2023-08-01T11:19:41.5569570Z Receiving objects:   3% (379/9606), 2.62 MiB | 118.00 KiB/s
2023-08-01T11:19:42.6642380Z Receiving objects:   3% (379/9606), 2.74 MiB | 114.00 KiB/s
2023-08-01T11:19:43.7788320Z Receiving objects:   3% (379/9606), 2.84 MiB | 110.00 KiB/s
2023-08-01T11:19:44.8187810Z Receiving objects:   3% (379/9606), 2.95 MiB | 105.00 KiB/s
2023-08-01T11:19:45.3544920Z Receiving objects:   3% (379/9606), 3.04 MiB | 97.00 KiB/s 
2023-08-01T11:19:46.3962830Z Receiving objects:   3% (379/9606), 3.10 MiB | 100.00 KiB/s
2023-08-01T11:19:47.7617120Z Receiving objects:   3% (379/9606), 3.22 MiB | 102.00 KiB/s
2023-08-01T11:19:48.7691810Z Receiving objects:   3% (379/9606), 3.36 MiB | 103.00 KiB/s
2023-08-01T11:19:49.8192680Z Receiving objects:   3% (379/9606), 3.46 MiB | 105.00 KiB/s
2023-08-01T11:19:50.3805840Z Receiving objects:   3% (379/9606), 3.58 MiB | 110.00 KiB/s
2023-08-01T11:19:51.5320620Z Receiving objects:   3% (379/9606), 3.63 MiB | 108.00 KiB/s
2023-08-01T11:19:52.9940620Z Receiving objects:   3% (379/9606), 3.71 MiB | 98.00 KiB/s 
2023-08-01T11:19:53.6773090Z Receiving objects:   3% (379/9606), 3.82 MiB | 90.00 KiB/s
2023-08-01T11:19:55.3875870Z Receiving objects:   3% (379/9606), 3.87 MiB | 85.00 KiB/s
2023-08-01T11:19:56.6509950Z Receiving objects:   3% (379/9606), 3.91 MiB | 65.00 KiB/s
2023-08-01T11:19:58.0461220Z Receiving objects:   3% (379/9606), 3.95 MiB | 52.00 KiB/s
2023-08-01T11:19:58.6595810Z Receiving objects:   3% (379/9606), 4.00 MiB | 45.00 KiB/s
2023-08-01T11:20:00.5382650Z Receiving objects:   3% (379/9606), 4.04 MiB | 42.00 KiB/s
2023-08-01T11:20:01.7617770Z Receiving objects:   3% (379/9606), 4.07 MiB | 30.00 KiB/s
2023-08-01T11:20:02.8160160Z Receiving objects:   3% (379/9606), 4.11 MiB | 32.00 KiB/s
2023-08-01T11:20:03.9166000Z Receiving objects:   3% (379/9606), 4.16 MiB | 35.00 KiB/s
2023-08-01T11:20:04.5408300Z Receiving objects:   3% (379/9606), 4.23 MiB | 39.00 KiB/s
2023-08-01T11:20:05.5751350Z Receiving objects:   3% (379/9606), 4.29 MiB | 43.00 KiB/s
2023-08-01T11:20:06.6218290Z Receiving objects:   3% (379/9606), 4.36 MiB | 58.00 KiB/s
2023-08-01T11:20:07.6483310Z Receiving objects:   3% (379/9606), 4.46 MiB | 74.00 KiB/s
2023-08-01T11:20:08.7425090Z Receiving objects:   3% (379/9606), 4.58 MiB | 89.00 KiB/s
2023-08-01T11:20:09.3793290Z Receiving objects:   3% (379/9606), 4.70 MiB | 99.00 KiB/s
2023-08-01T11:20:10.5058670Z Receiving objects:   3% (379/9606), 4.75 MiB | 99.00 KiB/s
2023-08-01T11:20:11.5663880Z Receiving objects:   3% (379/9606), 4.82 MiB | 95.00 KiB/s
2023-08-01T11:20:12.3678050Z Receiving objects:   3% (379/9606), 4.86 MiB | 82.00 KiB/s
2023-08-01T11:20:13.5622830Z Receiving objects:   3% (379/9606), 4.89 MiB | 73.00 KiB/s
2023-08-01T11:20:14.7320110Z Receiving objects:   3% (379/9606), 4.95 MiB | 61.00 KiB/s
2023-08-01T11:20:15.3671890Z Receiving objects:   3% (379/9606), 5.00 MiB | 47.00 KiB/s
2023-08-01T11:20:16.5604850Z Receiving objects:   3% (379/9606), 5.04 MiB | 45.00 KiB/s
2023-08-01T11:20:17.8128020Z Receiving objects:   3% (379/9606), 5.11 MiB | 49.00 KiB/s
2023-08-01T11:20:18.8564280Z Receiving objects:   3% (379/9606), 5.18 MiB | 54.00 KiB/s
2023-08-01T11:20:20.2522720Z Receiving objects:   3% (379/9606), 5.25 MiB | 57.00 KiB/s
2023-08-01T11:20:20.7523920Z Receiving objects:   3% (379/9606), 5.29 MiB | 51.00 KiB/s
2023-08-01T11:20:21.4019370Z Receiving objects:   3% (379/9606), 5.38 MiB | 63.00 KiB/s
2023-08-01T11:20:22.5144830Z Receiving objects:   3% (379/9606), 5.42 MiB | 64.00 KiB/s
2023-08-01T11:20:23.5898330Z Receiving objects:   3% (379/9606), 5.50 MiB | 67.00 KiB/s
2023-08-01T11:20:24.3611740Z Receiving objects:   3% (379/9606), 5.57 MiB | 69.00 KiB/s
2023-08-01T11:20:25.5173840Z Receiving objects:   3% (379/9606), 5.61 MiB | 66.00 KiB/s
2023-08-01T11:20:26.6037520Z Receiving objects:   3% (379/9606), 5.71 MiB | 83.00 KiB/s
2023-08-01T11:20:27.7355970Z Receiving objects:   3% (379/9606), 5.81 MiB | 76.00 KiB/s
2023-08-01T11:20:28.7491960Z Receiving objects:   3% (379/9606), 5.88 MiB | 73.00 KiB/s
2023-08-01T11:20:29.7792870Z Receiving objects:   3% (379/9606), 5.95 MiB | 74.00 KiB/s
2023-08-01T11:20:30.4758900Z Receiving objects:   3% (379/9606), 6.04 MiB | 77.00 KiB/s
2023-08-01T11:20:31.6075930Z Receiving objects:   3% (379/9606), 6.08 MiB | 75.00 KiB/s
2023-08-01T11:20:32.7832300Z Receiving objects:   3% (379/9606), 6.20 MiB | 80.00 KiB/s
2023-08-01T11:20:33.4567190Z Receiving objects:   3% (379/9606), 6.29 MiB | 82.00 KiB/s
2023-08-01T11:20:34.4970440Z Receiving objects:   3% (379/9606), 6.36 MiB | 86.00 KiB/s
2023-08-01T11:20:35.8927910Z Receiving objects:   3% (379/9606), 6.45 MiB | 90.00 KiB/s
2023-08-01T11:20:36.4419840Z Receiving objects:   3% (379/9606), 6.57 MiB | 91.00 KiB/s
2023-08-01T11:20:37.4751570Z Receiving objects:   3% (379/9606), 6.63 MiB | 91.00 KiB/s
2023-08-01T11:20:38.5719250Z Receiving objects:   3% (379/9606), 6.75 MiB | 95.00 KiB/s
2023-08-01T11:20:39.6270930Z Receiving objects:   3% (379/9606), 6.89 MiB | 106.00 KiB/s
2023-08-01T11:20:40.6445260Z Receiving objects:   3% (379/9606), 7.02 MiB | 114.00 KiB/s
2023-08-01T11:20:41.7128530Z Receiving objects:   3% (379/9606), 7.15 MiB | 126.00 KiB/s
2023-08-01T11:20:42.9910120Z Receiving objects:   3% (379/9606), 7.25 MiB | 122.00 KiB/s
2023-08-01T11:20:43.6161810Z Receiving objects:   3% (379/9606), 7.36 MiB | 113.00 KiB/s
2023-08-01T11:20:44.6607390Z Receiving objects:   3% (379/9606), 7.44 MiB | 112.00 KiB/s
2023-08-01T11:20:45.6614900Z Receiving objects:   3% (379/9606), 7.56 MiB | 109.00 KiB/s
2023-08-01T11:20:46.7105470Z Receiving objects:   3% (379/9606), 7.68 MiB | 107.00 KiB/s
2023-08-01T11:20:47.9975960Z Receiving objects:   3% (379/9606), 7.82 MiB | 117.00 KiB/s
2023-08-01T11:20:48.5957900Z Receiving objects:   3% (379/9606), 7.98 MiB | 126.00 KiB/s
2023-08-01T11:20:49.6326580Z Receiving objects:   3% (379/9606), 8.11 MiB | 136.00 KiB/s
2023-08-01T11:20:50.7288450Z Receiving objects:   3% (379/9606), 8.30 MiB | 153.00 KiB/s
2023-08-01T11:20:51.5198140Z Receiving objects:   3% (379/9606), 8.46 MiB | 157.00 KiB/s
2023-08-01T11:20:52.6276290Z Receiving objects:   3% (379/9606), 8.55 MiB | 154.00 KiB/s
2023-08-01T11:20:53.6686650Z Receiving objects:   3% (379/9606), 8.71 MiB | 154.00 KiB/s
2023-08-01T11:20:55.3907670Z Receiving objects:   3% (379/9606), 8.85 MiB | 149.00 KiB/s
2023-08-01T11:20:56.8149490Z Receiving objects:   3% (379/9606), 8.96 MiB | 116.00 KiB/s
2023-08-01T11:20:57.6027960Z Receiving objects:   3% (379/9606), 9.10 MiB | 107.00 KiB/s
2023-08-01T11:20:58.7725130Z Receiving objects:   3% (379/9606), 9.14 MiB | 98.00 KiB/s 
2023-08-01T11:20:59.3437180Z Receiving objects:   3% (379/9606), 9.20 MiB | 80.00 KiB/s
2023-08-01T11:21:00.3714410Z Receiving objects:   3% (379/9606), 9.23 MiB | 73.00 KiB/s
2023-08-01T11:21:01.4628660Z Receiving objects:   3% (379/9606), 9.29 MiB | 66.00 KiB/s
2023-08-01T11:21:02.5629170Z Receiving objects:   3% (379/9606), 9.36 MiB | 58.00 KiB/s
2023-08-01T11:21:04.2421770Z Receiving objects:   3% (379/9606), 9.42 MiB | 58.00 KiB/s
2023-08-01T11:21:04.8841140Z Receiving objects:   3% (379/9606), 9.50 MiB | 55.00 KiB/s
2023-08-01T11:21:05.4134740Z Receiving objects:   3% (379/9606), 9.60 MiB | 67.00 KiB/s
2023-08-01T11:21:06.4676510Z Receiving objects:   3% (379/9606), 9.65 MiB | 70.00 KiB/s
2023-08-01T11:21:07.6735150Z Receiving objects:   3% (379/9606), 9.78 MiB | 84.00 KiB/s
2023-08-01T11:21:08.8081330Z Receiving objects:   3% (379/9606), 9.92 MiB | 94.00 KiB/s
2023-08-01T11:21:09.3719660Z Receiving objects:   3% (379/9606), 10.02 MiB | 101.00 KiB/s
2023-08-01T11:21:10.4867510Z Receiving objects:   3% (379/9606), 10.07 MiB | 115.00 KiB/s
2023-08-01T11:21:11.6069960Z Receiving objects:   3% (379/9606), 10.17 MiB | 104.00 KiB/s
2023-08-01T11:21:12.6386890Z Receiving objects:   3% (379/9606), 10.27 MiB | 98.00 KiB/s 
2023-08-01T11:21:13.4054520Z Receiving objects:   3% (379/9606), 10.36 MiB | 91.00 KiB/s
2023-08-01T11:21:14.5427580Z Receiving objects:   3% (379/9606), 10.41 MiB | 84.00 KiB/s
2023-08-01T11:21:15.4025500Z Receiving objects:   3% (379/9606), 10.48 MiB | 80.00 KiB/s
2023-08-01T11:21:16.4086320Z Receiving objects:   3% (379/9606), 10.52 MiB | 74.00 KiB/s
2023-08-01T11:21:17.4915080Z Receiving objects:   3% (379/9606), 10.58 MiB | 68.00 KiB/s
2023-08-01T11:21:18.5641450Z Receiving objects:   3% (379/9606), 10.65 MiB | 64.00 KiB/s
2023-08-01T11:21:19.6333520Z Receiving objects:   3% (379/9606), 10.74 MiB | 65.00 KiB/s
2023-08-01T11:21:20.6820580Z Receiving objects:   3% (379/9606), 10.85 MiB | 73.00 KiB/s
2023-08-01T11:21:21.9098690Z Receiving objects:   3% (379/9606), 10.94 MiB | 83.00 KiB/s
2023-08-01T11:21:22.4466610Z Receiving objects:   3% (379/9606), 11.02 MiB | 83.00 KiB/s
2023-08-01T11:21:23.5311020Z Receiving objects:   3% (379/9606), 11.07 MiB | 85.00 KiB/s
2023-08-01T11:21:24.5907800Z Receiving objects:   3% (379/9606), 11.14 MiB | 83.00 KiB/s
2023-08-01T11:21:26.0180310Z Receiving objects:   3% (379/9606), 11.23 MiB | 79.00 KiB/s
2023-08-01T11:21:26.6043250Z Receiving objects:   3% (379/9606), 11.28 MiB | 64.00 KiB/s
2023-08-01T11:21:27.6554510Z Receiving objects:   3% (379/9606), 11.37 MiB | 74.00 KiB/s
2023-08-01T11:21:28.8054920Z Receiving objects:   3% (379/9606), 11.46 MiB | 78.00 KiB/s
2023-08-01T11:21:29.3978930Z Receiving objects:   3% (379/9606), 11.54 MiB | 75.00 KiB/s
2023-08-01T11:21:30.5302670Z Receiving objects:   3% (379/9606), 11.56 MiB | 70.00 KiB/s
2023-08-01T11:21:31.6324650Z Receiving objects:   3% (379/9606), 11.62 MiB | 67.00 KiB/s
2023-08-01T11:21:32.7826330Z Receiving objects:   3% (379/9606), 11.67 MiB | 60.00 KiB/s
2023-08-01T11:21:33.3772380Z Receiving objects:   3% (379/9606), 11.72 MiB | 51.00 KiB/s
2023-08-01T11:21:34.7326470Z Receiving objects:   3% (379/9606), 11.75 MiB | 49.00 KiB/s
2023-08-01T11:21:35.8243550Z Receiving objects:   3% (379/9606), 11.82 MiB | 49.00 KiB/s
2023-08-01T11:21:36.3494400Z Receiving objects:   3% (379/9606), 11.88 MiB | 49.00 KiB/s
2023-08-01T11:21:37.4121230Z Receiving objects:   3% (379/9606), 11.91 MiB | 51.00 KiB/s
2023-08-01T11:21:38.5398160Z Receiving objects:   3% (379/9606), 11.98 MiB | 55.00 KiB/s
2023-08-01T11:21:39.8086050Z Receiving objects:   3% (379/9606), 12.10 MiB | 68.00 KiB/s
2023-08-01T11:21:40.8495520Z Receiving objects:   3% (379/9606), 12.21 MiB | 80.00 KiB/s
2023-08-01T11:21:41.4352490Z Receiving objects:   3% (379/9606), 12.31 MiB | 87.00 KiB/s
2023-08-01T11:21:42.4868310Z Receiving objects:   3% (379/9606), 12.36 MiB | 89.00 KiB/s
2023-08-01T11:21:43.5606530Z Receiving objects:   3% (379/9606), 12.43 MiB | 91.00 KiB/s
2023-08-01T11:21:44.6076560Z Receiving objects:   3% (379/9606), 12.53 MiB | 87.00 KiB/s
2023-08-01T11:21:45.6520650Z Receiving objects:   3% (379/9606), 12.61 MiB | 85.00 KiB/s
2023-08-01T11:21:46.4141740Z Receiving objects:   3% (379/9606), 12.65 MiB | 73.00 KiB/s
2023-08-01T11:21:47.4954460Z Receiving objects:   3% (379/9606), 12.68 MiB | 65.00 KiB/s
2023-08-01T11:21:48.7634430Z Receiving objects:   3% (379/9606), 12.72 MiB | 59.00 KiB/s
2023-08-01T11:21:49.9799030Z Receiving objects:   3% (379/9606), 12.78 MiB | 49.00 KiB/s
2023-08-01T11:21:50.5078900Z Receiving objects:   3% (379/9606), 12.81 MiB | 37.00 KiB/s
2023-08-01T11:21:51.7773100Z Receiving objects:   3% (379/9606), 12.83 MiB | 38.00 KiB/s
2023-08-01T11:21:52.4568140Z Receiving objects:   3% (379/9606), 12.88 MiB | 38.00 KiB/s
2023-08-01T11:21:53.4818630Z Receiving objects:   3% (379/9606), 12.91 MiB | 39.00 KiB/s
2023-08-01T11:21:54.6438060Z Receiving objects:   3% (379/9606), 12.95 MiB | 38.00 KiB/s
2023-08-01T11:21:57.7758580Z Receiving objects:   3% (379/9606), 13.02 MiB | 43.00 KiB/s
2023-08-01T11:21:59.0575820Z Receiving objects:   3% (379/9606), 13.07 MiB | 34.00 KiB/s
2023-08-01T11:21:59.7427220Z Receiving objects:   3% (379/9606), 13.18 MiB | 41.00 KiB/s
2023-08-01T11:22:00.7652870Z Receiving objects:   3% (379/9606), 13.21 MiB | 42.00 KiB/s
2023-08-01T11:22:01.7358920Z Receiving objects:   3% (379/9606), 13.27 MiB | 45.00 KiB/s
2023-08-01T11:22:02.4288280Z Receiving objects:   3% (379/9606), 13.28 MiB | 38.00 KiB/s
2023-08-01T11:22:03.4958590Z Receiving objects:   3% (379/9606), 13.29 MiB | 35.00 KiB/s
2023-08-01T11:22:04.6053220Z Receiving objects:   3% (379/9606), 13.33 MiB | 46.00 KiB/s
2023-08-01T11:22:05.4484520Z Receiving objects:   3% (379/9606), 13.38 MiB | 37.00 KiB/s
2023-08-01T11:22:06.6658440Z Receiving objects:   3% (379/9606), 13.41 MiB | 35.00 KiB/s
2023-08-01T11:22:07.6901150Z Receiving objects:   3% (379/9606), 13.50 MiB | 39.00 KiB/s
2023-08-01T11:22:08.9172280Z Receiving objects:   3% (379/9606), 13.56 MiB | 51.00 KiB/s
2023-08-01T11:22:09.4514850Z Receiving objects:   3% (379/9606), 13.63 MiB | 56.00 KiB/s
2023-08-01T11:22:10.8465820Z Receiving objects:   3% (379/9606), 13.66 MiB | 57.00 KiB/s
2023-08-01T11:22:11.5467270Z Receiving objects:   3% (379/9606), 13.75 MiB | 65.00 KiB/s
2023-08-01T11:22:12.7222330Z Receiving objects:   3% (379/9606), 13.79 MiB | 63.00 KiB/s
2023-08-01T11:22:13.7930470Z Receiving objects:   3% (379/9606), 13.88 MiB | 63.00 KiB/s
2023-08-01T11:22:14.4660180Z Receiving objects:   3% (379/9606), 13.96 MiB | 69.00 KiB/s
2023-08-01T11:22:15.5202970Z Receiving objects:   3% (379/9606), 14.01 MiB | 70.00 KiB/s
2023-08-01T11:22:16.6193660Z Receiving objects:   3% (379/9606), 14.11 MiB | 87.00 KiB/s
2023-08-01T11:22:17.7074130Z Receiving objects:   3% (379/9606), 14.21 MiB | 83.00 KiB/s
2023-08-01T11:22:18.7659920Z Receiving objects:   3% (379/9606), 14.29 MiB | 85.00 KiB/s
2023-08-01T11:22:19.8819180Z Receiving objects:   3% (379/9606), 14.36 MiB | 82.00 KiB/s
2023-08-01T11:22:20.5081270Z Receiving objects:   3% (379/9606), 14.44 MiB | 78.00 KiB/s
2023-08-01T11:22:21.7397510Z Receiving objects:   3% (379/9606), 14.46 MiB | 72.00 KiB/s
2023-08-01T11:22:22.5974130Z Receiving objects:   3% (379/9606), 14.55 MiB | 68.00 KiB/s
2023-08-01T11:22:23.8454620Z Receiving objects:   3% (379/9606), 14.58 MiB | 63.00 KiB/s
2023-08-01T11:22:24.3914380Z Receiving objects:   3% (379/9606), 14.64 MiB | 55.00 KiB/s
2023-08-01T11:22:25.4512590Z Receiving objects:   3% (379/9606), 14.66 MiB | 54.00 KiB/s
2023-08-01T11:22:26.5031050Z Receiving objects:   3% (379/9606), 14.71 MiB | 48.00 KiB/s
2023-08-01T11:22:27.8743860Z Receiving objects:   3% (379/9606), 14.76 MiB | 47.00 KiB/s
2023-08-01T11:22:28.3946080Z Receiving objects:   3% (379/9606), 14.82 MiB | 47.00 KiB/s
2023-08-01T11:22:29.4198530Z Receiving objects:   3% (379/9606), 14.86 MiB | 48.00 KiB/s
2023-08-01T11:22:30.4782380Z Receiving objects:   3% (379/9606), 14.86 MiB | 41.00 KiB/s
2023-08-01T11:22:31.7091810Z Receiving objects:   3% (379/9606), 15.00 MiB | 59.00 KiB/s
2023-08-01T11:22:32.8936470Z Receiving objects:   3% (379/9606), 15.07 MiB | 58.00 KiB/s
2023-08-01T11:22:33.4794370Z Receiving objects:   3% (379/9606), 15.14 MiB | 62.00 KiB/s
2023-08-01T11:22:34.5727360Z Receiving objects:   3% (379/9606), 15.19 MiB | 67.00 KiB/s
2023-08-01T11:22:35.7667190Z Receiving objects:   3% (379/9606), 15.29 MiB | 85.00 KiB/s
2023-08-01T11:22:36.4260550Z Receiving objects:   3% (379/9606), 15.40 MiB | 78.00 KiB/s
2023-08-01T11:22:38.1688270Z Receiving objects:   3% (379/9606), 15.46 MiB | 83.00 KiB/s
2023-08-01T11:22:38.8426180Z Receiving objects:   3% (379/9606), 15.52 MiB | 71.00 KiB/s
2023-08-01T11:22:39.3434620Z Receiving objects:   3% (379/9606), 15.60 MiB | 76.00 KiB/s
2023-08-01T11:22:40.4434320Z Receiving objects:   3% (379/9606), 15.62 MiB | 75.00 KiB/s
2023-08-01T11:22:41.6661780Z Receiving objects:   3% (379/9606), 15.66 MiB | 66.00 KiB/s
2023-08-01T11:22:42.3653480Z Receiving objects:   3% (379/9606), 15.71 MiB | 56.00 KiB/s
2023-08-01T11:22:43.5246990Z Receiving objects:   3% (379/9606), 15.75 MiB | 53.00 KiB/s
2023-08-01T11:22:44.6806710Z Receiving objects:   3% (379/9606), 15.81 MiB | 55.00 KiB/s
2023-08-01T11:22:45.3928760Z Receiving objects:   3% (379/9606), 15.89 MiB | 52.00 KiB/s
2023-08-01T11:22:46.5046680Z Receiving objects:   3% (379/9606), 15.94 MiB | 55.00 KiB/s
2023-08-01T11:22:47.5751280Z Receiving objects:   3% (379/9606), 16.05 MiB | 68.00 KiB/s
2023-08-01T11:22:48.6885400Z Receiving objects:   3% (379/9606), 16.13 MiB | 75.00 KiB/s
2023-08-01T11:22:49.7214840Z Receiving objects:   3% (379/9606), 16.21 MiB | 79.00 KiB/s
2023-08-01T11:22:50.7996580Z Receiving objects:   3% (379/9606), 16.28 MiB | 77.00 KiB/s
2023-08-01T11:22:51.3848980Z Receiving objects:   3% (379/9606), 16.32 MiB | 69.00 KiB/s
2023-08-01T11:22:52.9062550Z Receiving objects:   3% (379/9606), 16.37 MiB | 67.00 KiB/s
2023-08-01T11:22:53.4883610Z Receiving objects:   3% (379/9606), 16.42 MiB | 55.00 KiB/s
2023-08-01T11:22:54.6979000Z Receiving objects:   3% (379/9606), 16.51 MiB | 66.00 KiB/s
2023-08-01T11:22:55.7413400Z Receiving objects:   3% (379/9606), 16.60 MiB | 65.00 KiB/s
2023-08-01T11:22:57.0254650Z Receiving objects:   3% (379/9606), 16.68 MiB | 68.00 KiB/s
2023-08-01T11:22:57.6656820Z Receiving objects:   3% (379/9606), 16.75 MiB | 69.00 KiB/s
2023-08-01T11:22:58.7952700Z Receiving objects:   3% (379/9606), 16.80 MiB | 71.00 KiB/s
2023-08-01T11:22:59.3668810Z Receiving objects:   3% (379/9606), 16.86 MiB | 67.00 KiB/s
2023-08-01T11:23:00.6333890Z Receiving objects:   3% (379/9606), 16.89 MiB | 67.00 KiB/s
2023-08-01T11:23:01.3629380Z Receiving objects:   3% (379/9606), 16.96 MiB | 59.00 KiB/s
2023-08-01T11:23:02.7313060Z Receiving objects:   3% (379/9606), 17.00 MiB | 58.00 KiB/s
2023-08-01T11:23:03.7600830Z Receiving objects:   3% (379/9606), 17.05 MiB | 53.00 KiB/s
2023-08-01T11:23:04.8241880Z Receiving objects:   3% (379/9606), 17.07 MiB | 43.00 KiB/s
2023-08-01T11:23:05.3450630Z Receiving objects:   3% (379/9606), 17.11 MiB | 39.00 KiB/s
2023-08-01T11:23:07.0614800Z Receiving objects:   3% (379/9606), 17.12 MiB | 36.00 KiB/s
2023-08-01T11:23:07.8190160Z Receiving objects:   3% (379/9606), 17.16 MiB | 29.00 KiB/s
2023-08-01T11:23:08.4659950Z Receiving objects:   3% (379/9606), 17.19 MiB | 29.00 KiB/s
2023-08-01T11:23:09.5374760Z Receiving objects:   3% (379/9606), 17.21 MiB | 27.00 KiB/s
2023-08-01T11:23:10.7948840Z Receiving objects:   3% (379/9606), 17.25 MiB | 30.00 KiB/s
2023-08-01T11:23:11.4103110Z Receiving objects:   3% (379/9606), 17.32 MiB | 36.00 KiB/s
2023-08-01T11:23:12.4735010Z Receiving objects:   3% (379/9606), 17.35 MiB | 38.00 KiB/s
2023-08-01T11:23:13.6378780Z Receiving objects:   3% (379/9606), 17.43 MiB | 51.00 KiB/s
2023-08-01T11:23:14.3946540Z Receiving objects:   3% (379/9606), 17.53 MiB | 63.00 KiB/s
2023-08-01T11:23:15.5314950Z Receiving objects:   3% (379/9606), 17.57 MiB | 65.00 KiB/s
2023-08-01T11:23:16.7792440Z Receiving objects:   3% (379/9606), 17.65 MiB | 71.00 KiB/s
2023-08-01T11:23:17.7528670Z Receiving objects:   3% (379/9606), 17.74 MiB | 74.00 KiB/s
2023-08-01T11:23:18.8207750Z Receiving objects:   3% (379/9606), 17.79 MiB | 69.00 KiB/s
2023-08-01T11:23:19.3477430Z Receiving objects:   3% (379/9606), 17.94 MiB | 82.00 KiB/s
2023-08-01T11:23:20.3923740Z Receiving objects:   3% (379/9606), 18.00 MiB | 84.00 KiB/s
2023-08-01T11:23:21.4438030Z Receiving objects:   3% (379/9606), 18.11 MiB | 93.00 KiB/s
2023-08-01T11:23:22.4511570Z Receiving objects:   3% (379/9606), 18.22 MiB | 100.00 KiB/s
2023-08-01T11:23:23.5944990Z Receiving objects:   3% (379/9606), 18.32 MiB | 115.00 KiB/s
2023-08-01T11:23:24.6595370Z Receiving objects:   3% (379/9606), 18.45 MiB | 109.00 KiB/s
2023-08-01T11:23:25.7314870Z Receiving objects:   3% (379/9606), 18.56 MiB | 110.00 KiB/s
2023-08-01T11:23:26.7612990Z Receiving objects:   3% (379/9606), 18.62 MiB | 98.00 KiB/s 
2023-08-01T11:23:27.8209420Z Receiving objects:   3% (379/9606), 18.82 MiB | 111.00 KiB/s
2023-08-01T11:23:28.4093780Z Receiving objects:   3% (379/9606), 18.99 MiB | 126.00 KiB/s
2023-08-01T11:23:29.8219680Z Receiving objects:   3% (379/9606), 19.05 MiB | 128.00 KiB/s
2023-08-01T11:23:30.3560990Z Receiving objects:   3% (379/9606), 19.23 MiB | 133.00 KiB/s
2023-08-01T11:23:31.5460050Z Receiving objects:   3% (379/9606), 19.31 MiB | 138.00 KiB/s
2023-08-01T11:23:32.5997860Z Receiving objects:   3% (379/9606), 19.40 MiB | 126.00 KiB/s
2023-08-01T11:23:33.8336350Z Receiving objects:   3% (379/9606), 19.50 MiB | 116.00 KiB/s
2023-08-01T11:23:34.3426600Z Receiving objects:   3% (379/9606), 19.64 MiB | 110.00 KiB/s
2023-08-01T11:23:35.4304660Z Receiving objects:   3% (379/9606), 19.69 MiB | 105.00 KiB/s
2023-08-01T11:23:36.6809390Z Receiving objects:   3% (379/9606), 19.81 MiB | 100.00 KiB/s
2023-08-01T11:23:37.3605330Z Receiving objects:   3% (379/9606), 19.90 MiB | 99.00 KiB/s 
2023-08-01T11:23:38.4552330Z Receiving objects:   3% (379/9606), 19.95 MiB | 96.00 KiB/s
2023-08-01T11:23:39.6284890Z Receiving objects:   3% (379/9606), 20.02 MiB | 99.00 KiB/s
2023-08-01T11:23:41.0481460Z Receiving objects:   3% (379/9606), 20.09 MiB | 77.00 KiB/s
2023-08-01T11:23:41.7893950Z Receiving objects:   3% (379/9606), 20.18 MiB | 66.00 KiB/s
2023-08-01T11:23:42.8840680Z Receiving objects:   3% (379/9606), 20.21 MiB | 64.00 KiB/s
2023-08-01T11:23:43.4584830Z Receiving objects:   3% (379/9606), 20.27 MiB | 59.00 KiB/s
2023-08-01T11:23:44.8473800Z Receiving objects:   3% (379/9606), 20.30 MiB | 57.00 KiB/s
2023-08-01T11:23:45.3570880Z Receiving objects:   3% (379/9606), 20.37 MiB | 56.00 KiB/s
2023-08-01T11:23:46.6961370Z Receiving objects:   3% (379/9606), 20.40 MiB | 55.00 KiB/s
2023-08-01T11:23:47.8403870Z Receiving objects:   3% (379/9606), 20.42 MiB | 45.00 KiB/s
2023-08-01T11:23:48.3536170Z Receiving objects:   3% (379/9606), 20.55 MiB | 56.00 KiB/s
2023-08-01T11:23:49.5217020Z Receiving objects:   3% (379/9606), 20.60 MiB | 59.00 KiB/s
2023-08-01T11:23:50.6607740Z Receiving objects:   3% (379/9606), 20.69 MiB | 65.00 KiB/s
2023-08-01T11:23:51.7340840Z Receiving objects:   3% (379/9606), 20.79 MiB | 72.00 KiB/s
2023-08-01T11:23:52.8254020Z Receiving objects:   3% (379/9606), 20.88 MiB | 93.00 KiB/s
2023-08-01T11:23:53.3571070Z Receiving objects:   3% (379/9606), 20.96 MiB | 85.00 KiB/s
2023-08-01T11:23:54.7526880Z Receiving objects:   3% (379/9606), 21.00 MiB | 83.00 KiB/s
2023-08-01T11:23:56.9194780Z Receiving objects:   3% (379/9606), 21.10 MiB | 79.00 KiB/s
2023-08-01T11:23:57.5921390Z Receiving objects:   3% (379/9606), 21.19 MiB | 66.00 KiB/s
2023-08-01T11:23:58.6078030Z Receiving objects:   3% (379/9606), 21.28 MiB | 72.00 KiB/s
2023-08-01T11:23:59.9531830Z Receiving objects:   3% (379/9606), 21.34 MiB | 66.00 KiB/s
2023-08-01T11:24:00.5798400Z Receiving objects:   3% (379/9606), 21.40 MiB | 61.00 KiB/s
2023-08-01T11:24:01.6511170Z Receiving objects:   3% (379/9606), 21.43 MiB | 60.00 KiB/s
2023-08-01T11:24:02.8279070Z Receiving objects:   3% (379/9606), 21.50 MiB | 55.00 KiB/s
2023-08-01T11:24:03.3691940Z Receiving objects:   3% (379/9606), 21.57 MiB | 58.00 KiB/s
2023-08-01T11:24:04.4588350Z Receiving objects:   3% (379/9606), 21.59 MiB | 53.00 KiB/s
2023-08-01T11:24:05.4758580Z Receiving objects:   3% (379/9606), 21.66 MiB | 56.00 KiB/s
2023-08-01T11:24:06.7227930Z Receiving objects:   3% (379/9606), 21.75 MiB | 65.00 KiB/s
2023-08-01T11:24:07.8262860Z Receiving objects:   3% (379/9606), 21.81 MiB | 61.00 KiB/s
2023-08-01T11:24:08.3492710Z Receiving objects:   3% (379/9606), 21.86 MiB | 57.00 KiB/s
2023-08-01T11:24:09.4267890Z Receiving objects:   3% (379/9606), 21.88 MiB | 59.00 KiB/s
2023-08-01T11:24:10.7034020Z Receiving objects:   3% (379/9606), 21.96 MiB | 61.00 KiB/s
2023-08-01T11:24:11.8879030Z Receiving objects:   3% (379/9606), 22.05 MiB | 59.00 KiB/s
2023-08-01T11:24:12.7912160Z Receiving objects:   3% (379/9606), 22.14 MiB | 65.00 KiB/s
2023-08-01T11:24:13.8532060Z Receiving objects:   3% (379/9606), 22.14 MiB | 58.00 KiB/s
2023-08-01T11:24:14.4274850Z Receiving objects:   3% (379/9606), 22.28 MiB | 74.00 KiB/s
2023-08-01T11:24:15.8063330Z Receiving objects:   3% (379/9606), 22.30 MiB | 71.00 KiB/s
2023-08-01T11:24:16.5464320Z Receiving objects:   3% (379/9606), 22.39 MiB | 68.00 KiB/s
2023-08-01T11:24:17.7742310Z Receiving objects:   3% (379/9606), 22.42 MiB | 64.00 KiB/s
2023-08-01T11:24:18.4400630Z Receiving objects:   3% (379/9606), 22.46 MiB | 55.00 KiB/s
2023-08-01T11:24:19.7757670Z Receiving objects:   3% (379/9606), 22.49 MiB | 62.00 KiB/s
2023-08-01T11:24:20.4223500Z Receiving objects:   3% (379/9606), 22.54 MiB | 46.00 KiB/s
2023-08-01T11:24:21.7072690Z Receiving objects:   3% (379/9606), 22.57 MiB | 45.00 KiB/s
2023-08-01T11:24:22.3711940Z Receiving objects:   3% (379/9606), 22.61 MiB | 37.00 KiB/s
2023-08-01T11:24:23.5704310Z Receiving objects:   3% (379/9606), 22.64 MiB | 38.00 KiB/s
2023-08-01T11:24:24.8528460Z Receiving objects:   3% (379/9606), 22.70 MiB | 42.00 KiB/s
2023-08-01T11:24:25.5717130Z Receiving objects:   3% (379/9606), 22.76 MiB | 43.00 KiB/s
2023-08-01T11:24:26.7922940Z Receiving objects:   3% (379/9606), 22.79 MiB | 44.00 KiB/s
2023-08-01T11:24:27.9125130Z Receiving objects:   3% (379/9606), 22.84 MiB | 44.00 KiB/s
2023-08-01T11:24:28.6140750Z Receiving objects:   3% (379/9606), 22.89 MiB | 47.00 KiB/s
2023-08-01T11:24:29.3631390Z Receiving objects:   3% (379/9606), 22.93 MiB | 47.00 KiB/s
2023-08-01T11:24:30.5831890Z Receiving objects:   3% (379/9606), 22.96 MiB | 47.00 KiB/s
2023-08-01T11:24:31.6957610Z Receiving objects:   3% (379/9606), 23.02 MiB | 46.00 KiB/s
2023-08-01T11:24:32.7215500Z Receiving objects:   3% (379/9606), 23.07 MiB | 46.00 KiB/s
2023-08-01T11:24:34.0584050Z Receiving objects:   3% (379/9606), 23.13 MiB | 50.00 KiB/s
2023-08-01T11:24:34.5666730Z Receiving objects:   3% (379/9606), 23.16 MiB | 44.00 KiB/s
2023-08-01T11:24:35.7841420Z Receiving objects:   3% (379/9606), 23.25 MiB | 56.00 KiB/s
2023-08-01T11:24:36.3860690Z Receiving objects:   3% (379/9606), 23.32 MiB | 58.00 KiB/s
2023-08-01T11:24:37.5605690Z Receiving objects:   3% (379/9606), 23.36 MiB | 59.00 KiB/s
2023-08-01T11:24:39.0098310Z Receiving objects:   3% (379/9606), 23.39 MiB | 55.00 KiB/s
2023-08-01T11:24:39.6015670Z Receiving objects:   3% (379/9606), 23.43 MiB | 48.00 KiB/s
2023-08-01T11:24:40.7022640Z Receiving objects:   3% (379/9606), 23.46 MiB | 54.00 KiB/s
2023-08-01T11:24:41.8247340Z Receiving objects:   3% (379/9606), 23.50 MiB | 39.00 KiB/s
2023-08-01T11:24:42.8572070Z Receiving objects:   3% (379/9606), 23.56 MiB | 38.00 KiB/s
2023-08-01T11:24:43.4359160Z Receiving objects:   3% (379/9606), 23.62 MiB | 45.00 KiB/s
2023-08-01T11:24:44.6481830Z Receiving objects:   3% (379/9606), 23.67 MiB | 50.00 KiB/s
2023-08-01T11:24:45.7823130Z Receiving objects:   3% (379/9606), 23.75 MiB | 58.00 KiB/s
2023-08-01T11:24:46.8781020Z Receiving objects:   3% (379/9606), 23.82 MiB | 64.00 KiB/s
2023-08-01T11:24:47.5540640Z Receiving objects:   3% (379/9606), 23.87 MiB | 63.00 KiB/s
2023-08-01T11:24:48.9527610Z Receiving objects:   3% (379/9606), 23.90 MiB | 61.00 KiB/s
2023-08-01T11:24:49.4745280Z Receiving objects:   3% (379/9606), 23.96 MiB | 53.00 KiB/s
2023-08-01T11:24:50.5341730Z Receiving objects:   3% (379/9606), 23.99 MiB | 53.00 KiB/s
2023-08-01T11:24:51.6404580Z Receiving objects:   3% (379/9606), 24.04 MiB | 46.00 KiB/s
2023-08-01T11:24:53.0918850Z Receiving objects:   3% (379/9606), 24.09 MiB | 46.00 KiB/s
2023-08-01T11:24:53.5994210Z Receiving objects:   3% (379/9606), 24.11 MiB | 39.00 KiB/s
2023-08-01T11:24:54.7091640Z Receiving objects:   3% (379/9606), 24.21 MiB | 51.00 KiB/s
2023-08-01T11:24:55.8524610Z Receiving objects:   3% (379/9606), 24.30 MiB | 61.00 KiB/s
2023-08-01T11:24:56.5346730Z Receiving objects:   3% (379/9606), 24.36 MiB | 60.00 KiB/s
2023-08-01T11:24:57.7970330Z Receiving objects:   3% (379/9606), 24.39 MiB | 61.00 KiB/s
2023-08-01T11:24:58.4059410Z Receiving objects:   3% (379/9606), 24.46 MiB | 61.00 KiB/s
2023-08-01T11:24:59.6254790Z Receiving objects:   3% (379/9606), 24.49 MiB | 72.00 KiB/s
2023-08-01T11:25:00.7088140Z Receiving objects:   3% (379/9606), 24.53 MiB | 51.00 KiB/s
2023-08-01T11:25:01.4131500Z Receiving objects:   3% (379/9606), 24.58 MiB | 47.00 KiB/s
2023-08-01T11:25:02.6650340Z Receiving objects:   3% (379/9606), 24.61 MiB | 46.00 KiB/s
2023-08-01T11:25:03.8719910Z Receiving objects:   3% (379/9606), 24.68 MiB | 50.00 KiB/s
2023-08-01T11:25:04.3989750Z Receiving objects:   3% (379/9606), 24.75 MiB | 48.00 KiB/s
2023-08-01T11:25:05.4822100Z Receiving objects:   3% (379/9606), 24.78 MiB | 52.00 KiB/s
2023-08-01T11:25:06.8228900Z Receiving objects:   3% (379/9606), 24.85 MiB | 57.00 KiB/s
2023-08-01T11:25:07.4211570Z Receiving objects:   3% (379/9606), 24.93 MiB | 59.00 KiB/s
2023-08-01T11:25:08.6924730Z Receiving objects:   3% (379/9606), 24.97 MiB | 61.00 KiB/s
2023-08-01T11:25:09.9531470Z Receiving objects:   3% (379/9606), 25.05 MiB | 63.00 KiB/s
2023-08-01T11:25:10.5955250Z Receiving objects:   3% (379/9606), 25.13 MiB | 64.00 KiB/s
2023-08-01T11:25:11.6390550Z Receiving objects:   3% (379/9606), 25.17 MiB | 65.00 KiB/s
2023-08-01T11:25:12.6756850Z Receiving objects:   3% (379/9606), 25.22 MiB | 63.00 KiB/s
2023-08-01T11:25:13.9524280Z Receiving objects:   3% (379/9606), 25.30 MiB | 64.00 KiB/s
2023-08-01T11:25:14.9103620Z Receiving objects:   3% (379/9606), 25.38 MiB | 63.00 KiB/s
2023-08-01T11:25:15.6065590Z Receiving objects:   3% (379/9606), 25.43 MiB | 60.00 KiB/s
2023-08-01T11:25:16.9627700Z Receiving objects:   3% (379/9606), 25.45 MiB | 58.00 KiB/s
2023-08-01T11:25:17.4986120Z Receiving objects:   3% (379/9606), 25.53 MiB | 58.00 KiB/s
2023-08-01T11:25:18.5361950Z Receiving objects:   3% (379/9606), 25.57 MiB | 60.00 KiB/s
2023-08-01T11:25:19.9671180Z Receiving objects:   3% (379/9606), 25.64 MiB | 58.00 KiB/s
2023-08-01T11:25:20.6995570Z Receiving objects:   3% (379/9606), 25.73 MiB | 59.00 KiB/s
2023-08-01T11:25:21.4294140Z Receiving objects:   3% (379/9606), 25.79 MiB | 64.00 KiB/s
2023-08-01T11:25:22.7505880Z Receiving objects:   3% (379/9606), 25.84 MiB | 68.00 KiB/s
2023-08-01T11:25:24.1803360Z Receiving objects:   3% (379/9606), 25.90 MiB | 66.00 KiB/s
2023-08-01T11:25:24.7138640Z Receiving objects:   3% (379/9606), 25.91 MiB | 52.00 KiB/s
2023-08-01T11:25:25.7959700Z Receiving objects:   3% (379/9606), 25.99 MiB | 59.00 KiB/s
2023-08-01T11:25:26.8631650Z Receiving objects:   3% (379/9606), 26.05 MiB | 57.00 KiB/s
2023-08-01T11:25:27.3939340Z Receiving objects:   3% (379/9606), 26.11 MiB | 53.00 KiB/s
2023-08-01T11:25:28.4542660Z Receiving objects:   3% (379/9606), 26.14 MiB | 52.00 KiB/s
2023-08-01T11:25:29.6184670Z Receiving objects:   3% (379/9606), 26.22 MiB | 57.00 KiB/s
2023-08-01T11:25:30.5014920Z Receiving objects:   3% (379/9606), 26.25 MiB | 53.00 KiB/s
2023-08-01T11:25:31.7614320Z Receiving objects:   3% (379/9606), 26.28 MiB | 51.00 KiB/s
2023-08-01T11:25:32.5234620Z Receiving objects:   3% (379/9606), 26.34 MiB | 48.00 KiB/s
2023-08-01T11:25:33.6374930Z Receiving objects:   3% (379/9606), 26.38 MiB | 48.00 KiB/s
2023-08-01T11:25:34.6773230Z Receiving objects:   3% (379/9606), 26.44 MiB | 46.00 KiB/s
2023-08-01T11:25:35.8078860Z Receiving objects:   3% (379/9606), 26.50 MiB | 50.00 KiB/s
2023-08-01T11:25:36.3424020Z Receiving objects:   3% (379/9606), 26.57 MiB | 55.00 KiB/s
2023-08-01T11:25:37.4063270Z Receiving objects:   3% (379/9606), 26.60 MiB | 54.00 KiB/s
2023-08-01T11:25:38.4761070Z Receiving objects:   3% (379/9606), 26.64 MiB | 53.00 KiB/s
2023-08-01T11:25:39.5396140Z Receiving objects:   3% (379/9606), 26.73 MiB | 59.00 KiB/s
2023-08-01T11:25:40.5810410Z Receiving objects:   3% (379/9606), 26.82 MiB | 64.00 KiB/s
2023-08-01T11:25:41.8567790Z Receiving objects:   3% (379/9606), 26.90 MiB | 70.00 KiB/s
2023-08-01T11:25:42.3574030Z Receiving objects:   3% (379/9606), 26.92 MiB | 59.00 KiB/s
2023-08-01T11:25:43.6342100Z Receiving objects:   3% (379/9606), 27.00 MiB | 69.00 KiB/s
2023-08-01T11:25:44.9368820Z Receiving objects:   3% (379/9606), 27.04 MiB | 63.00 KiB/s
2023-08-01T11:25:45.4568830Z Receiving objects:   3% (379/9606), 27.10 MiB | 56.00 KiB/s
2023-08-01T11:25:46.4856260Z Receiving objects:   3% (379/9606), 27.12 MiB | 52.00 KiB/s
2023-08-01T11:25:47.7223720Z Receiving objects:   3% (379/9606), 27.16 MiB | 44.00 KiB/s
2023-08-01T11:25:48.7551220Z Receiving objects:   3% (379/9606), 27.21 MiB | 40.00 KiB/s
2023-08-01T11:25:49.8475510Z Receiving objects:   3% (379/9606), 27.27 MiB | 45.00 KiB/s
2023-08-01T11:25:50.3671950Z Receiving objects:   3% (379/9606), 27.32 MiB | 47.00 KiB/s
2023-08-01T11:25:51.6135440Z Receiving objects:   3% (379/9606), 27.35 MiB | 47.00 KiB/s
2023-08-01T11:25:52.6550770Z Receiving objects:   3% (379/9606), 27.41 MiB | 49.00 KiB/s
2023-08-01T11:25:53.6969570Z Receiving objects:   3% (379/9606), 27.47 MiB | 53.00 KiB/s
2023-08-01T11:25:54.7460230Z Receiving objects:   3% (379/9606), 27.54 MiB | 55.00 KiB/s
2023-08-01T11:25:55.8242970Z Receiving objects:   3% (379/9606), 27.59 MiB | 55.00 KiB/s
2023-08-01T11:25:56.3438640Z Receiving objects:   3% (379/9606), 27.67 MiB | 60.00 KiB/s
2023-08-01T11:25:57.4863740Z Receiving objects:   3% (379/9606), 27.70 MiB | 62.00 KiB/s
2023-08-01T11:25:58.6408180Z Receiving objects:   3% (379/9606), 27.75 MiB | 59.00 KiB/s
2023-08-01T11:25:59.6697230Z Receiving objects:   3% (379/9606), 27.81 MiB | 56.00 KiB/s
2023-08-01T11:26:00.3569960Z Receiving objects:   3% (379/9606), 27.84 MiB | 52.00 KiB/s
2023-08-01T11:26:02.1617530Z Receiving objects:   3% (379/9606), 27.86 MiB | 45.00 KiB/s
2023-08-01T11:26:02.6996020Z Receiving objects:   3% (379/9606), 27.88 MiB | 34.00 KiB/s
2023-08-01T11:26:03.7503180Z Receiving objects:   3% (379/9606), 27.96 MiB | 41.00 KiB/s
2023-08-01T11:26:04.7987080Z Receiving objects:   3% (379/9606), 28.00 MiB | 39.00 KiB/s
2023-08-01T11:26:05.8515470Z Receiving objects:   3% (379/9606), 28.05 MiB | 40.00 KiB/s
2023-08-01T11:26:06.6421750Z Receiving objects:   3% (379/9606), 28.11 MiB | 45.00 KiB/s
2023-08-01T11:26:07.7376770Z Receiving objects:   3% (379/9606), 28.16 MiB | 49.00 KiB/s
2023-08-01T11:26:08.4061140Z Receiving objects:   3% (379/9606), 28.22 MiB | 54.00 KiB/s
2023-08-01T11:26:09.5696410Z Receiving objects:   3% (379/9606), 28.26 MiB | 57.00 KiB/s
2023-08-01T11:26:10.7923450Z Receiving objects:   3% (379/9606), 28.34 MiB | 62.00 KiB/s
2023-08-01T11:26:11.5092300Z Receiving objects:   3% (379/9606), 28.43 MiB | 64.00 KiB/s
2023-08-01T11:26:12.6366630Z Receiving objects:   3% (380/9606), 28.47 MiB | 65.00 KiB/s
2023-08-01T11:26:13.7685120Z Receiving objects:   3% (380/9606), 28.57 MiB | 72.00 KiB/s
2023-08-01T11:26:14.8276260Z Receiving objects:   3% (380/9606), 28.65 MiB | 74.00 KiB/s
2023-08-01T11:26:15.3492760Z Receiving objects:   3% (380/9606), 28.75 MiB | 79.00 KiB/s
2023-08-01T11:26:16.7266820Z Receiving objects:   3% (380/9606), 28.79 MiB | 79.00 KiB/s
2023-08-01T11:26:17.3878030Z Receiving objects:   3% (380/9606), 28.89 MiB | 81.00 KiB/s
2023-08-01T11:26:18.4078200Z Receiving objects:   3% (380/9606), 28.93 MiB | 77.00 KiB/s
2023-08-01T11:26:19.4321290Z Receiving objects:   3% (380/9606), 29.00 MiB | 76.00 KiB/s
2023-08-01T11:26:20.5086480Z Receiving objects:   3% (380/9606), 29.07 MiB | 74.00 KiB/s
2023-08-01T11:26:21.5197480Z Receiving objects:   3% (380/9606), 29.17 MiB | 74.00 KiB/s
2023-08-01T11:26:22.7950100Z Receiving objects:   3% (380/9606), 29.23 MiB | 73.00 KiB/s
2023-08-01T11:26:23.4920050Z Receiving objects:   3% (380/9606), 29.29 MiB | 67.00 KiB/s
2023-08-01T11:26:24.7669250Z Receiving objects:   3% (380/9606), 29.30 MiB | 61.00 KiB/s
2023-08-01T11:26:25.4797120Z Receiving objects:   3% (380/9606), 29.36 MiB | 54.00 KiB/s
2023-08-01T11:26:26.5528310Z Receiving objects:   3% (380/9606), 29.38 MiB | 49.00 KiB/s
2023-08-01T11:26:27.6170970Z Receiving objects:   3% (380/9606), 29.42 MiB | 39.00 KiB/s
2023-08-01T11:26:28.6652990Z Receiving objects:   3% (380/9606), 29.47 MiB | 40.00 KiB/s
2023-08-01T11:26:29.7238210Z Receiving objects:   3% (380/9606), 29.54 MiB | 47.00 KiB/s
2023-08-01T11:26:30.7967090Z Receiving objects:   3% (380/9606), 29.61 MiB | 53.00 KiB/s
2023-08-01T11:26:31.8362800Z Receiving objects:   3% (380/9606), 29.67 MiB | 58.00 KiB/s
2023-08-01T11:26:32.3701870Z Receiving objects:   3% (380/9606), 29.73 MiB | 62.00 KiB/s
2023-08-01T11:26:33.4822940Z Receiving objects:   3% (380/9606), 29.75 MiB | 60.00 KiB/s
2023-08-01T11:26:34.6603660Z Receiving objects:   3% (380/9606), 29.82 MiB | 59.00 KiB/s
2023-08-01T11:26:36.8011940Z Receiving objects:   3% (380/9606), 29.89 MiB | 56.00 KiB/s
2023-08-01T11:26:37.4434800Z Receiving objects:   3% (380/9606), 29.96 MiB | 50.00 KiB/s
2023-08-01T11:26:38.5042040Z Receiving objects:   3% (380/9606), 30.04 MiB | 57.00 KiB/s
2023-08-01T11:26:39.5606000Z Receiving objects:   3% (380/9606), 30.07 MiB | 53.00 KiB/s
2023-08-01T11:26:40.9683010Z Receiving objects:   3% (380/9606), 30.12 MiB | 50.00 KiB/s
2023-08-01T11:26:41.6184560Z Receiving objects:   3% (380/9606), 30.18 MiB | 46.00 KiB/s
2023-08-01T11:26:42.8805940Z Receiving objects:   3% (380/9606), 30.21 MiB | 45.00 KiB/s
2023-08-01T11:26:43.4270880Z Receiving objects:   3% (380/9606), 30.26 MiB | 41.00 KiB/s
2023-08-01T11:26:44.4735260Z Receiving objects:   3% (380/9606), 30.29 MiB | 42.00 KiB/s
2023-08-01T11:26:45.5180890Z Receiving objects:   3% (380/9606), 30.35 MiB | 47.00 KiB/s
2023-08-01T11:26:46.7930320Z Receiving objects:   3% (380/9606), 30.40 MiB | 48.00 KiB/s
2023-08-01T11:26:47.8591890Z Receiving objects:   3% (380/9606), 30.46 MiB | 51.00 KiB/s
2023-08-01T11:26:48.5683510Z Receiving objects:   3% (380/9606), 30.55 MiB | 59.00 KiB/s
2023-08-01T11:26:49.6036480Z Receiving objects:   3% (380/9606), 30.58 MiB | 59.00 KiB/s
2023-08-01T11:26:50.6446910Z Receiving objects:   3% (380/9606), 30.65 MiB | 60.00 KiB/s
2023-08-01T11:26:52.0169160Z Receiving objects:   3% (380/9606), 30.71 MiB | 62.00 KiB/s
2023-08-01T11:26:52.5749360Z Receiving objects:   3% (380/9606), 30.79 MiB | 62.00 KiB/s
2023-08-01T11:26:53.7668420Z Receiving objects:   3% (380/9606), 30.82 MiB | 61.00 KiB/s
2023-08-01T11:26:54.3424980Z Receiving objects:   3% (380/9606), 30.89 MiB | 61.00 KiB/s
2023-08-01T11:26:55.3938640Z Receiving objects:   3% (380/9606), 30.93 MiB | 62.00 KiB/s
2023-08-01T11:26:56.4310990Z Receiving objects:   3% (380/9606), 31.00 MiB | 57.00 KiB/s
2023-08-01T11:26:57.5423930Z Receiving objects:   3% (380/9606), 31.07 MiB | 61.00 KiB/s
2023-08-01T11:26:58.5814560Z Receiving objects:   3% (380/9606), 31.15 MiB | 67.00 KiB/s
2023-08-01T11:26:59.6151600Z Receiving objects:   3% (380/9606), 31.23 MiB | 71.00 KiB/s
2023-08-01T11:27:00.7654890Z Receiving objects:   3% (380/9606), 31.31 MiB | 74.00 KiB/s
2023-08-01T11:27:01.6691530Z Receiving objects:   3% (380/9606), 31.39 MiB | 76.00 KiB/s
2023-08-01T11:27:03.0300560Z Receiving objects:   3% (380/9606), 31.43 MiB | 70.00 KiB/s
2023-08-01T11:27:03.5439730Z Receiving objects:   3% (380/9606), 31.49 MiB | 62.00 KiB/s
2023-08-01T11:27:04.7412440Z Receiving objects:   3% (380/9606), 31.51 MiB | 61.00 KiB/s
2023-08-01T11:27:05.8047120Z Receiving objects:   3% (380/9606), 31.57 MiB | 52.00 KiB/s
2023-08-01T11:27:06.3315850Z Receiving objects:   3% (380/9606), 31.63 MiB | 51.00 KiB/s
2023-08-01T11:27:08.9878190Z Receiving objects:   3% (380/9606), 31.64 MiB | 47.00 KiB/s
2023-08-01T11:27:09.5110380Z Receiving objects:   3% (380/9606), 31.70 MiB | 37.00 KiB/s
2023-08-01T11:27:10.8305450Z Receiving objects:   3% (380/9606), 31.78 MiB | 45.00 KiB/s
2023-08-01T11:27:11.3597470Z Receiving objects:   3% (380/9606), 31.83 MiB | 45.00 KiB/s
2023-08-01T11:27:12.6401410Z Receiving objects:   3% (380/9606), 31.86 MiB | 44.00 KiB/s
2023-08-01T11:27:13.8323270Z Receiving objects:   3% (380/9606), 31.92 MiB | 43.00 KiB/s
2023-08-01T11:27:14.3474400Z Receiving objects:   3% (380/9606), 32.00 MiB | 47.00 KiB/s
2023-08-01T11:27:15.5844980Z Receiving objects:   3% (380/9606), 32.04 MiB | 64.00 KiB/s
2023-08-01T11:27:16.7089390Z Receiving objects:   3% (380/9606), 32.10 MiB | 56.00 KiB/s
2023-08-01T11:27:17.7869110Z Receiving objects:   3% (380/9606), 32.15 MiB | 56.00 KiB/s
2023-08-01T11:27:19.0136230Z Receiving objects:   3% (380/9606), 32.22 MiB | 60.00 KiB/s
2023-08-01T11:27:19.5991620Z Receiving objects:   3% (380/9606), 32.27 MiB | 54.00 KiB/s
2023-08-01T11:27:20.8033310Z Receiving objects:   3% (380/9606), 32.31 MiB | 53.00 KiB/s
2023-08-01T11:27:21.3509360Z Receiving objects:   3% (380/9606), 32.37 MiB | 53.00 KiB/s
2023-08-01T11:27:22.3771220Z Receiving objects:   3% (380/9606), 32.39 MiB | 52.00 KiB/s
2023-08-01T11:27:23.5902450Z Receiving objects:   3% (380/9606), 32.43 MiB | 46.00 KiB/s
2023-08-01T11:27:25.5936130Z Receiving objects:   3% (380/9606), 32.49 MiB | 48.00 KiB/s
2023-08-01T11:27:26.8275710Z Receiving objects:   3% (380/9606), 32.54 MiB | 38.00 KiB/s
2023-08-01T11:27:27.5228350Z Receiving objects:   3% (380/9606), 32.58 MiB | 35.00 KiB/s
2023-08-01T11:27:28.6302330Z Receiving objects:   3% (380/9606), 32.60 MiB | 33.00 KiB/s
2023-08-01T11:27:29.7928410Z Receiving objects:   3% (380/9606), 32.65 MiB | 37.00 KiB/s
2023-08-01T11:27:30.4028310Z Receiving objects:   3% (380/9606), 32.70 MiB | 34.00 KiB/s
2023-08-01T11:27:31.6401720Z Receiving objects:   3% (380/9606), 32.72 MiB | 34.00 KiB/s
2023-08-01T11:27:32.7907690Z Receiving objects:   3% (380/9606), 32.78 MiB | 43.00 KiB/s
2023-08-01T11:27:33.3477470Z Receiving objects:   3% (380/9606), 32.82 MiB | 44.00 KiB/s
2023-08-01T11:27:34.6662560Z Receiving objects:   3% (380/9606), 32.85 MiB | 42.00 KiB/s
2023-08-01T11:27:35.4648470Z Receiving objects:   3% (380/9606), 32.89 MiB | 42.00 KiB/s
2023-08-01T11:27:36.5180060Z Receiving objects:   3% (380/9606), 32.92 MiB | 39.00 KiB/s
2023-08-01T11:27:37.6557070Z Receiving objects:   3% (380/9606), 32.99 MiB | 43.00 KiB/s
2023-08-01T11:27:38.8187640Z Receiving objects:   3% (380/9606), 33.04 MiB | 45.00 KiB/s
2023-08-01T11:27:39.3320240Z Receiving objects:   3% (380/9606), 33.12 MiB | 51.00 KiB/s
2023-08-01T11:27:40.5579260Z Receiving objects:   3% (380/9606), 33.14 MiB | 52.00 KiB/s
2023-08-01T11:27:41.7702330Z Receiving objects:   3% (380/9606), 33.20 MiB | 56.00 KiB/s
2023-08-01T11:27:43.1486120Z Receiving objects:   3% (380/9606), 33.25 MiB | 50.00 KiB/s
2023-08-01T11:27:43.6853430Z Receiving objects:   3% (380/9606), 33.30 MiB | 48.00 KiB/s
2023-08-01T11:27:44.7470790Z Receiving objects:   3% (380/9606), 33.33 MiB | 47.00 KiB/s
2023-08-01T11:27:45.3765780Z Receiving objects:   3% (380/9606), 33.37 MiB | 42.00 KiB/s
2023-08-01T11:27:46.4634900Z Receiving objects:   3% (380/9606), 33.40 MiB | 43.00 KiB/s
2023-08-01T11:27:47.7608920Z Receiving objects:   3% (380/9606), 33.44 MiB | 42.00 KiB/s
2023-08-01T11:27:48.6023710Z Receiving objects:   3% (380/9606), 33.49 MiB | 41.00 KiB/s
2023-08-01T11:27:49.6979290Z Receiving objects:   3% (380/9606), 33.52 MiB | 41.00 KiB/s
2023-08-01T11:27:50.8480020Z Receiving objects:   3% (380/9606), 33.56 MiB | 39.00 KiB/s
2023-08-01T11:27:51.5396540Z Receiving objects:   3% (380/9606), 33.60 MiB | 36.00 KiB/s
2023-08-01T11:27:52.5954220Z Receiving objects:   3% (380/9606), 33.61 MiB | 33.00 KiB/s
2023-08-01T11:27:53.7283280Z Receiving objects:   3% (380/9606), 33.66 MiB | 34.00 KiB/s
2023-08-01T11:27:54.3844480Z Receiving objects:   3% (380/9606), 33.67 MiB | 30.00 KiB/s
2023-08-01T11:27:55.7762580Z Receiving objects:   3% (380/9606), 33.76 MiB | 42.00 KiB/s
2023-08-01T11:27:56.3736560Z Receiving objects:   3% (380/9606), 33.83 MiB | 46.00 KiB/s
2023-08-01T11:27:57.6923310Z Receiving objects:   3% (380/9606), 33.86 MiB | 48.00 KiB/s
2023-08-01T11:27:58.4129130Z Receiving objects:   3% (380/9606), 33.92 MiB | 50.00 KiB/s
2023-08-01T11:27:59.8131710Z Receiving objects:   3% (380/9606), 33.94 MiB | 49.00 KiB/s
2023-08-01T11:28:00.3945710Z Receiving objects:   3% (380/9606), 34.00 MiB | 55.00 KiB/s
2023-08-01T11:28:01.5009160Z Receiving objects:   3% (380/9606), 34.03 MiB | 45.00 KiB/s
2023-08-01T11:28:02.5110800Z Receiving objects:   3% (380/9606), 34.08 MiB | 44.00 KiB/s
2023-08-01T11:28:03.5831220Z Receiving objects:   3% (380/9606), 34.15 MiB | 50.00 KiB/s
2023-08-01T11:28:04.5887810Z Receiving objects:   3% (380/9606), 34.23 MiB | 57.00 KiB/s
2023-08-01T11:28:05.9238860Z Receiving objects:   3% (380/9606), 34.29 MiB | 63.00 KiB/s
2023-08-01T11:28:06.4267600Z Receiving objects:   3% (380/9606), 34.38 MiB | 68.00 KiB/s
2023-08-01T11:28:07.4699850Z Receiving objects:   3% (380/9606), 34.41 MiB | 67.00 KiB/s
2023-08-01T11:28:08.6283190Z Receiving objects:   3% (380/9606), 34.46 MiB | 62.00 KiB/s
2023-08-01T11:28:09.7662030Z Receiving objects:   3% (380/9606), 34.50 MiB | 55.00 KiB/s
2023-08-01T11:28:10.8009420Z Receiving objects:   3% (380/9606), 34.56 MiB | 52.00 KiB/s
2023-08-01T11:28:11.9151790Z Receiving objects:   3% (380/9606), 34.62 MiB | 50.00 KiB/s
2023-08-01T11:28:12.4224650Z Receiving objects:   3% (380/9606), 34.68 MiB | 49.00 KiB/s
2023-08-01T11:28:13.6484020Z Receiving objects:   3% (380/9606), 34.71 MiB | 53.00 KiB/s
2023-08-01T11:28:14.8279260Z Receiving objects:   3% (380/9606), 34.78 MiB | 55.00 KiB/s
2023-08-01T11:28:15.3668070Z Receiving objects:   3% (380/9606), 34.87 MiB | 63.00 KiB/s
2023-08-01T11:28:16.5656220Z Receiving objects:   3% (380/9606), 34.90 MiB | 64.00 KiB/s
2023-08-01T11:28:17.6266250Z Receiving objects:   3% (380/9606), 34.96 MiB | 64.00 KiB/s
2023-08-01T11:28:18.8530110Z Receiving objects:   3% (380/9606), 35.01 MiB | 58.00 KiB/s
2023-08-01T11:28:19.3990540Z Receiving objects:   3% (380/9606), 35.06 MiB | 55.00 KiB/s
2023-08-01T11:28:20.5777570Z Receiving objects:   3% (380/9606), 35.09 MiB | 52.00 KiB/s
2023-08-01T11:28:21.8432010Z Receiving objects:   3% (380/9606), 35.10 MiB | 40.00 KiB/s
2023-08-01T11:28:22.5295490Z Receiving objects:   3% (380/9606), 35.23 MiB | 51.00 KiB/s
2023-08-01T11:28:23.6984740Z Receiving objects:   3% (380/9606), 35.27 MiB | 52.00 KiB/s
2023-08-01T11:28:24.5592510Z Receiving objects:   3% (380/9606), 35.32 MiB | 52.00 KiB/s
2023-08-01T11:28:25.7570940Z Receiving objects:   3% (380/9606), 35.36 MiB | 52.00 KiB/s
2023-08-01T11:28:26.3803000Z Receiving objects:   3% (380/9606), 35.42 MiB | 52.00 KiB/s
2023-08-01T11:28:27.6138680Z Receiving objects:   3% (380/9606), 35.43 MiB | 59.00 KiB/s
2023-08-01T11:28:28.3399160Z Receiving objects:   3% (380/9606), 35.47 MiB | 42.00 KiB/s
2023-08-01T11:28:29.6232060Z Receiving objects:   3% (380/9606), 35.50 MiB | 39.00 KiB/s
2023-08-01T11:28:30.8277060Z Receiving objects:   3% (380/9606), 35.54 MiB | 37.00 KiB/s
2023-08-01T11:28:31.3969440Z Receiving objects:   3% (380/9606), 35.58 MiB | 34.00 KiB/s
2023-08-01T11:28:32.5963110Z Receiving objects:   3% (380/9606), 35.61 MiB | 34.00 KiB/s
2023-08-01T11:28:33.7075360Z Receiving objects:   3% (380/9606), 35.67 MiB | 39.00 KiB/s
2023-08-01T11:28:34.3667170Z Receiving objects:   3% (380/9606), 35.75 MiB | 47.00 KiB/s
2023-08-01T11:28:35.4471390Z Receiving objects:   3% (380/9606), 35.79 MiB | 50.00 KiB/s
2023-08-01T11:28:36.4914260Z Receiving objects:   3% (380/9606), 35.88 MiB | 62.00 KiB/s
2023-08-01T11:28:37.5187040Z Receiving objects:   3% (380/9606), 35.94 MiB | 67.00 KiB/s
2023-08-01T11:28:38.6908150Z Receiving objects:   3% (380/9606), 36.01 MiB | 71.00 KiB/s
2023-08-01T11:28:39.8931880Z Receiving objects:   3% (380/9606), 36.07 MiB | 67.00 KiB/s
2023-08-01T11:28:40.4357610Z Receiving objects:   3% (380/9606), 36.12 MiB | 59.00 KiB/s
2023-08-01T11:28:41.4938260Z Receiving objects:   3% (380/9606), 36.15 MiB | 56.00 KiB/s
2023-08-01T11:28:42.7076040Z Receiving objects:   3% (380/9606), 36.21 MiB | 56.00 KiB/s
2023-08-01T11:28:43.9904320Z Receiving objects:   3% (380/9606), 36.29 MiB | 54.00 KiB/s
2023-08-01T11:28:44.5026070Z Receiving objects:   3% (380/9606), 36.34 MiB | 51.00 KiB/s
2023-08-01T11:28:45.5300400Z Receiving objects:   3% (380/9606), 36.38 MiB | 56.00 KiB/s
2023-08-01T11:28:46.6052550Z Receiving objects:   3% (380/9606), 36.44 MiB | 58.00 KiB/s
2023-08-01T11:28:47.6533100Z Receiving objects:   3% (380/9606), 36.51 MiB | 59.00 KiB/s
2023-08-01T11:28:48.3803680Z Receiving objects:   3% (380/9606), 36.59 MiB | 63.00 KiB/s
2023-08-01T11:28:49.4220150Z Receiving objects:   3% (380/9606), 36.64 MiB | 65.00 KiB/s
2023-08-01T11:28:50.6690330Z Receiving objects:   3% (380/9606), 36.72 MiB | 71.00 KiB/s
2023-08-01T11:28:52.0235430Z Receiving objects:   3% (380/9606), 36.79 MiB | 70.00 KiB/s
2023-08-01T11:28:52.5246210Z Receiving objects:   3% (380/9606), 36.86 MiB | 66.00 KiB/s
2023-08-01T11:28:53.7683740Z Receiving objects:   3% (380/9606), 36.89 MiB | 64.00 KiB/s
2023-08-01T11:28:54.4077020Z Receiving objects:   3% (380/9606), 36.94 MiB | 57.00 KiB/s
2023-08-01T11:28:55.5226710Z Receiving objects:   3% (380/9606), 36.97 MiB | 52.00 KiB/s
2023-08-01T11:28:56.7623320Z Receiving objects:   3% (380/9606), 37.03 MiB | 49.00 KiB/s
2023-08-01T11:28:57.8303890Z Receiving objects:   3% (380/9606), 37.09 MiB | 48.00 KiB/s
2023-08-01T11:28:58.5801460Z Receiving objects:   3% (380/9606), 37.16 MiB | 52.00 KiB/s
2023-08-01T11:28:59.7352280Z Receiving objects:   3% (380/9606), 37.21 MiB | 56.00 KiB/s
2023-08-01T11:29:01.3396900Z Receiving objects:   3% (380/9606), 37.30 MiB | 63.00 KiB/s
2023-08-01T11:29:02.3921560Z Receiving objects:   3% (380/9606), 37.37 MiB | 60.00 KiB/s
2023-08-01T11:29:03.4727970Z Receiving objects:   3% (380/9606), 37.52 MiB | 78.00 KiB/s
2023-08-01T11:29:04.5400700Z Receiving objects:   3% (380/9606), 37.59 MiB | 77.00 KiB/s
2023-08-01T11:29:05.5881160Z Receiving objects:   3% (380/9606), 37.66 MiB | 77.00 KiB/s
2023-08-01T11:29:06.6171380Z Receiving objects:   3% (380/9606), 37.74 MiB | 76.00 KiB/s
2023-08-01T11:29:07.4417290Z Receiving objects:   3% (380/9606), 37.80 MiB | 70.00 KiB/s
2023-08-01T11:29:08.5477500Z Receiving objects:   3% (380/9606), 37.85 MiB | 66.00 KiB/s
2023-08-01T11:29:09.7817500Z Receiving objects:   3% (380/9606), 37.91 MiB | 64.00 KiB/s
2023-08-01T11:29:10.5537680Z Receiving objects:   3% (380/9606), 37.96 MiB | 59.00 KiB/s
2023-08-01T11:29:11.7498570Z Receiving objects:   3% (380/9606), 38.01 MiB | 58.00 KiB/s
2023-08-01T11:29:12.9790680Z Receiving objects:   3% (380/9606), 38.07 MiB | 54.00 KiB/s
2023-08-01T11:29:13.6779840Z Receiving objects:   3% (380/9606), 38.12 MiB | 50.00 KiB/s
2023-08-01T11:29:14.8152910Z Receiving objects:   3% (380/9606), 38.15 MiB | 48.00 KiB/s
2023-08-01T11:29:15.5108940Z Receiving objects:   3% (380/9606), 38.18 MiB | 43.00 KiB/s
2023-08-01T11:29:16.5722330Z Receiving objects:   3% (380/9606), 38.21 MiB | 43.00 KiB/s
2023-08-01T11:29:17.9072740Z Receiving objects:   3% (380/9606), 38.24 MiB | 35.00 KiB/s
2023-08-01T11:29:18.5382710Z Receiving objects:   3% (380/9606), 38.27 MiB | 31.00 KiB/s
2023-08-01T11:29:19.6642370Z Receiving objects:   3% (380/9606), 38.29 MiB | 31.00 KiB/s
2023-08-01T11:29:20.9190190Z Receiving objects:   3% (380/9606), 38.35 MiB | 34.00 KiB/s
2023-08-01T11:29:21.4574770Z Receiving objects:   3% (380/9606), 38.41 MiB | 38.00 KiB/s
2023-08-01T11:29:22.9208390Z Receiving objects:   3% (380/9606), 38.44 MiB | 41.00 KiB/s
2023-08-01T11:29:23.4492670Z Receiving objects:   3% (380/9606), 38.50 MiB | 44.00 KiB/s
2023-08-01T11:29:24.6899920Z Receiving objects:   3% (380/9606), 38.52 MiB | 46.00 KiB/s
2023-08-01T11:29:26.0620270Z Receiving objects:   3% (380/9606), 38.57 MiB | 44.00 KiB/s
2023-08-01T11:29:26.5884370Z Receiving objects:   3% (380/9606), 38.61 MiB | 42.00 KiB/s
2023-08-01T11:29:27.6946110Z Receiving objects:   3% (380/9606), 38.64 MiB | 40.00 KiB/s
2023-08-01T11:29:28.8682090Z Receiving objects:   3% (380/9606), 38.69 MiB | 41.00 KiB/s
2023-08-01T11:29:29.3695420Z Receiving objects:   3% (380/9606), 38.78 MiB | 48.00 KiB/s
2023-08-01T11:29:30.4021850Z Receiving objects:   3% (380/9606), 38.82 MiB | 54.00 KiB/s
2023-08-01T11:29:31.7039580Z Receiving objects:   3% (380/9606), 38.89 MiB | 59.00 KiB/s
2023-08-01T11:29:32.7700450Z Receiving objects:   3% (380/9606), 38.92 MiB | 55.00 KiB/s
2023-08-01T11:29:33.4750740Z Receiving objects:   3% (380/9606), 39.02 MiB | 65.00 KiB/s
2023-08-01T11:29:34.7618350Z Receiving objects:   3% (380/9606), 39.05 MiB | 63.00 KiB/s
2023-08-01T11:29:35.3439500Z Receiving objects:   3% (380/9606), 39.12 MiB | 59.00 KiB/s
2023-08-01T11:29:36.8467490Z Receiving objects:   3% (380/9606), 39.14 MiB | 53.00 KiB/s
2023-08-01T11:29:37.4862460Z Receiving objects:   3% (380/9606), 39.18 MiB | 47.00 KiB/s
2023-08-01T11:29:38.7235990Z Receiving objects:   3% (380/9606), 39.21 MiB | 51.00 KiB/s
2023-08-01T11:29:39.4140720Z Receiving objects:   3% (380/9606), 39.25 MiB | 39.00 KiB/s
2023-08-01T11:29:40.7013140Z Receiving objects:   3% (380/9606), 39.26 MiB | 36.00 KiB/s
2023-08-01T11:29:41.3499930Z Receiving objects:   3% (380/9606), 39.31 MiB | 32.00 KiB/s
2023-08-01T11:29:42.6342040Z Receiving objects:   3% (380/9606), 39.33 MiB | 33.00 KiB/s
2023-08-01T11:29:43.7591260Z Receiving objects:   3% (380/9606), 39.38 MiB | 34.00 KiB/s
2023-08-01T11:29:44.3550090Z Receiving objects:   3% (380/9606), 39.43 MiB | 37.00 KiB/s
2023-08-01T11:29:45.4049320Z Receiving objects:   3% (380/9606), 39.46 MiB | 38.00 KiB/s
2023-08-01T11:29:46.7128220Z Receiving objects:   3% (380/9606), 39.53 MiB | 45.00 KiB/s
2023-08-01T11:29:47.9814470Z Receiving objects:   3% (380/9606), 39.62 MiB | 55.00 KiB/s
2023-08-01T11:29:48.6684060Z Receiving objects:   3% (380/9606), 39.70 MiB | 61.00 KiB/s
2023-08-01T11:29:49.9630870Z Receiving objects:   3% (380/9606), 39.73 MiB | 62.00 KiB/s
2023-08-01T11:29:50.4911780Z Receiving objects:   3% (380/9606), 39.79 MiB | 61.00 KiB/s
2023-08-01T11:29:51.5376930Z Receiving objects:   3% (380/9606), 39.82 MiB | 61.00 KiB/s
2023-08-01T11:29:52.6435000Z Receiving objects:   3% (380/9606), 39.89 MiB | 58.00 KiB/s
2023-08-01T11:29:53.6831740Z Receiving objects:   3% (380/9606), 39.94 MiB | 55.00 KiB/s
2023-08-01T11:29:54.8404260Z Receiving objects:   3% (380/9606), 40.00 MiB | 55.00 KiB/s
2023-08-01T11:29:55.3787910Z Receiving objects:   3% (380/9606), 40.07 MiB | 57.00 KiB/s
2023-08-01T11:29:56.6142900Z Receiving objects:   3% (380/9606), 40.11 MiB | 58.00 KiB/s
2023-08-01T11:29:57.6740580Z Receiving objects:   3% (380/9606), 40.18 MiB | 58.00 KiB/s
2023-08-01T11:29:58.7767640Z Receiving objects:   3% (380/9606), 40.25 MiB | 62.00 KiB/s
2023-08-01T11:29:59.8144790Z Receiving objects:   3% (380/9606), 40.31 MiB | 61.00 KiB/s
2023-08-01T11:30:00.3435590Z Receiving objects:   3% (380/9606), 40.39 MiB | 65.00 KiB/s
2023-08-01T11:30:01.3990660Z Receiving objects:   3% (380/9606), 40.43 MiB | 66.00 KiB/s
2023-08-01T11:30:02.4183760Z Receiving objects:   3% (380/9606), 40.52 MiB | 73.00 KiB/s
2023-08-01T11:30:03.5075960Z Receiving objects:   3% (380/9606), 40.62 MiB | 81.00 KiB/s
2023-08-01T11:30:04.5411850Z Receiving objects:   3% (380/9606), 40.74 MiB | 93.00 KiB/s
2023-08-01T11:30:05.6054620Z Receiving objects:   3% (380/9606), 40.83 MiB | 96.00 KiB/s
2023-08-01T11:30:06.7058230Z Receiving objects:   3% (380/9606), 40.93 MiB | 99.00 KiB/s
2023-08-01T11:30:07.7610560Z Receiving objects:   3% (380/9606), 41.04 MiB | 98.00 KiB/s
2023-08-01T11:30:08.8127130Z Receiving objects:   3% (380/9606), 41.15 MiB | 99.00 KiB/s
2023-08-01T11:30:10.0220770Z Receiving objects:   3% (380/9606), 41.24 MiB | 97.00 KiB/s
2023-08-01T11:30:10.5572920Z Receiving objects:   3% (380/9606), 41.25 MiB | 77.00 KiB/s
2023-08-01T11:30:11.6439650Z Receiving objects:   3% (380/9606), 41.34 MiB | 84.00 KiB/s
2023-08-01T11:30:12.4719840Z Receiving objects:   3% (380/9606), 41.40 MiB | 79.00 KiB/s
2023-08-01T11:30:13.7005190Z Receiving objects:   3% (380/9606), 41.44 MiB | 70.00 KiB/s
2023-08-01T11:30:14.5836300Z Receiving objects:   3% (380/9606), 41.49 MiB | 57.00 KiB/s
2023-08-01T11:30:15.7942040Z Receiving objects:   3% (380/9606), 41.51 MiB | 53.00 KiB/s
2023-08-01T11:30:16.8861280Z Receiving objects:   3% (380/9606), 41.55 MiB | 54.00 KiB/s
2023-08-01T11:30:17.4613910Z Receiving objects:   3% (380/9606), 41.59 MiB | 37.00 KiB/s
2023-08-01T11:30:18.6865520Z Receiving objects:   3% (380/9606), 41.61 MiB | 37.00 KiB/s
2023-08-01T11:30:20.8619980Z Receiving objects:   3% (380/9606), 41.65 MiB | 33.00 KiB/s
2023-08-01T11:30:21.5747540Z Receiving objects:   3% (380/9606), 41.70 MiB | 30.00 KiB/s
2023-08-01T11:30:22.7283040Z Receiving objects:   3% (380/9606), 41.78 MiB | 39.00 KiB/s
2023-08-01T11:30:23.4877930Z Receiving objects:   3% (380/9606), 41.81 MiB | 37.00 KiB/s
2023-08-01T11:30:24.5211830Z Receiving objects:   3% (380/9606), 41.82 MiB | 36.00 KiB/s
2023-08-01T11:30:25.7277750Z Receiving objects:   3% (380/9606), 41.84 MiB | 32.00 KiB/s
2023-08-01T11:30:26.7580530Z Receiving objects:   3% (380/9606), 41.87 MiB | 31.00 KiB/s
2023-08-01T11:30:28.0210820Z Receiving objects:   3% (380/9606), 41.93 MiB | 39.00 KiB/s
2023-08-01T11:30:28.5430870Z Receiving objects:   3% (380/9606), 42.00 MiB | 33.00 KiB/s
2023-08-01T11:30:29.8891960Z Receiving objects:   3% (380/9606), 42.02 MiB | 37.00 KiB/s
2023-08-01T11:30:30.4105510Z Receiving objects:   3% (380/9606), 42.06 MiB | 41.00 KiB/s
2023-08-01T11:30:31.6343540Z Receiving objects:   3% (380/9606), 42.07 MiB | 43.00 KiB/s
2023-08-01T11:30:32.6824160Z Receiving objects:   3% (380/9606), 42.12 MiB | 42.00 KiB/s
2023-08-01T11:30:33.3477420Z Receiving objects:   3% (380/9606), 42.18 MiB | 41.00 KiB/s
2023-08-01T11:30:34.4620820Z Receiving objects:   3% (380/9606), 42.20 MiB | 39.00 KiB/s
2023-08-01T11:30:35.5337690Z Receiving objects:   3% (380/9606), 42.25 MiB | 43.00 KiB/s
2023-08-01T11:30:37.6971740Z Receiving objects:   3% (380/9606), 42.32 MiB | 50.00 KiB/s
2023-08-01T11:30:38.3349130Z Receiving objects:   3% (380/9606), 42.39 MiB | 44.00 KiB/s
2023-08-01T11:30:39.5110700Z Receiving objects:   3% (380/9606), 42.47 MiB | 54.00 KiB/s
2023-08-01T11:30:40.8990630Z Receiving objects:   3% (380/9606), 42.52 MiB | 53.00 KiB/s
2023-08-01T11:30:41.6170160Z Receiving objects:   3% (380/9606), 42.59 MiB | 53.00 KiB/s
2023-08-01T11:30:42.7015110Z Receiving objects:   3% (380/9606), 42.62 MiB | 51.00 KiB/s
2023-08-01T11:30:43.3617410Z Receiving objects:   3% (380/9606), 42.68 MiB | 51.00 KiB/s
2023-08-01T11:30:44.3916290Z Receiving objects:   3% (380/9606), 42.72 MiB | 60.00 KiB/s
2023-08-01T11:30:45.4853890Z Receiving objects:   3% (380/9606), 42.78 MiB | 53.00 KiB/s
2023-08-01T11:30:46.5069490Z Receiving objects:   3% (380/9606), 42.85 MiB | 59.00 KiB/s
2023-08-01T11:30:47.7569540Z Receiving objects:   3% (380/9606), 42.87 MiB | 51.00 KiB/s
2023-08-01T11:30:48.8335050Z Receiving objects:   3% (380/9606), 42.91 MiB | 47.00 KiB/s
2023-08-01T11:30:49.3594990Z Receiving objects:   3% (380/9606), 42.96 MiB | 43.00 KiB/s
2023-08-01T11:30:50.5425540Z Receiving objects:   3% (380/9606), 42.98 MiB | 40.00 KiB/s
2023-08-01T11:30:51.7008060Z Receiving objects:   3% (380/9606), 43.05 MiB | 39.00 KiB/s
2023-08-01T11:30:52.9111180Z Receiving objects:   3% (380/9606), 43.12 MiB | 49.00 KiB/s
2023-08-01T11:30:53.4153090Z Receiving objects:   3% (380/9606), 43.21 MiB | 59.00 KiB/s
2023-08-01T11:30:55.1956680Z Receiving objects:   3% (380/9606), 43.24 MiB | 61.00 KiB/s
2023-08-01T11:30:55.7070390Z Receiving objects:   3% (380/9606), 43.28 MiB | 52.00 KiB/s
2023-08-01T11:30:56.7423090Z Receiving objects:   3% (380/9606), 43.37 MiB | 63.00 KiB/s
2023-08-01T11:30:57.5773190Z Receiving objects:   3% (380/9606), 43.46 MiB | 67.00 KiB/s
2023-08-01T11:30:58.7986860Z Receiving objects:   3% (380/9606), 43.50 MiB | 66.00 KiB/s
2023-08-01T11:30:59.9022920Z Receiving objects:   3% (380/9606), 43.57 MiB | 62.00 KiB/s
2023-08-01T11:31:00.4242810Z Receiving objects:   3% (380/9606), 43.61 MiB | 58.00 KiB/s
2023-08-01T11:31:01.6090830Z Receiving objects:   3% (380/9606), 43.64 MiB | 70.00 KiB/s
2023-08-01T11:31:02.8754390Z Receiving objects:   3% (380/9606), 43.71 MiB | 54.00 KiB/s
2023-08-01T11:31:03.4539320Z Receiving objects:   3% (380/9606), 43.77 MiB | 51.00 KiB/s
2023-08-01T11:31:04.7945060Z Receiving objects:   3% (380/9606), 43.80 MiB | 51.00 KiB/s
2023-08-01T11:31:05.0332590Z Receiving objects:   3% (380/9606), 43.86 MiB | 51.00 KiB/s
2023-08-01T11:31:05.3473380Z Receiving objects:   4% (385/9606), 43.86 MiB | 51.00 KiB/s
2023-08-01T11:31:06.4882060Z Receiving objects:   4% (390/9606), 43.89 MiB | 54.00 KiB/s
2023-08-01T11:31:07.3822690Z Receiving objects:   4% (424/9606), 43.94 MiB | 50.00 KiB/s
2023-08-01T11:31:08.4627900Z Receiving objects:   4% (442/9606), 43.98 MiB | 51.00 KiB/s
2023-08-01T11:31:08.7866540Z Receiving objects:   4% (450/9606), 44.06 MiB | 52.00 KiB/s
2023-08-01T11:31:08.7885450Z Receiving objects:   5% (481/9606), 44.06 MiB | 52.00 KiB/s
2023-08-01T11:31:08.9319280Z Receiving objects:   6% (577/9606), 44.06 MiB | 52.00 KiB/s
2023-08-01T11:31:09.2134470Z Receiving objects:   7% (673/9606), 44.06 MiB | 52.00 KiB/s
2023-08-01T11:31:09.7347550Z Receiving objects:   8% (769/9606), 44.11 MiB | 54.00 KiB/s
2023-08-01T11:31:10.3945180Z Receiving objects:   8% (778/9606), 44.13 MiB | 54.00 KiB/s
2023-08-01T11:31:11.4885270Z Receiving objects:   8% (812/9606), 44.16 MiB | 54.00 KiB/s
2023-08-01T11:31:11.6079440Z Receiving objects:   8% (853/9606), 44.23 MiB | 56.00 KiB/s
2023-08-01T11:31:12.3871640Z Receiving objects:   9% (865/9606), 44.23 MiB | 56.00 KiB/s
2023-08-01T11:31:13.3776590Z Receiving objects:   9% (888/9606), 44.27 MiB | 59.00 KiB/s
2023-08-01T11:31:13.3786780Z Receiving objects:   9% (953/9606), 44.34 MiB | 58.00 KiB/s
2023-08-01T11:31:14.3484050Z Receiving objects:  10% (961/9606), 44.34 MiB | 58.00 KiB/s
2023-08-01T11:31:15.4753400Z Receiving objects:  10% (983/9606), 44.37 MiB | 58.00 KiB/s
2023-08-01T11:31:16.4722050Z Receiving objects:  10% (998/9606), 44.43 MiB | 56.00 KiB/s
2023-08-01T11:31:17.5309630Z Receiving objects:  10% (1005/9606), 44.49 MiB | 55.00 KiB/s
2023-08-01T11:31:18.8369820Z Receiving objects:  10% (1023/9606), 44.54 MiB | 51.00 KiB/s
2023-08-01T11:31:19.3528890Z Receiving objects:  10% (1036/9606), 44.61 MiB | 50.00 KiB/s
2023-08-01T11:31:20.4759900Z Receiving objects:  10% (1036/9606), 44.66 MiB | 54.00 KiB/s
2023-08-01T11:31:21.5865250Z Receiving objects:  10% (1036/9606), 44.73 MiB | 58.00 KiB/s
2023-08-01T11:31:22.6607780Z Receiving objects:  10% (1036/9606), 44.79 MiB | 61.00 KiB/s
2023-08-01T11:31:22.8128200Z Receiving objects:  10% (1036/9606), 44.82 MiB | 54.00 KiB/s
2023-08-01T11:31:23.3599080Z Receiving objects:  11% (1057/9606), 44.82 MiB | 54.00 KiB/s
2023-08-01T11:31:24.2263570Z Receiving objects:  11% (1117/9606), 44.84 MiB | 53.00 KiB/s
2023-08-01T11:31:24.3680600Z Receiving objects:  12% (1153/9606), 44.86 MiB | 51.00 KiB/s
2023-08-01T11:31:25.4348840Z Receiving objects:  12% (1155/9606), 44.89 MiB | 47.00 KiB/s
2023-08-01T11:31:26.2885560Z Receiving objects:  12% (1217/9606), 44.96 MiB | 48.00 KiB/s
2023-08-01T11:31:26.4764000Z Receiving objects:  13% (1249/9606), 45.00 MiB | 50.00 KiB/s
2023-08-01T11:31:27.3527650Z Receiving objects:  13% (1250/9606), 45.06 MiB | 55.00 KiB/s
2023-08-01T11:31:28.5454790Z Receiving objects:  13% (1289/9606), 45.10 MiB | 62.00 KiB/s
2023-08-01T11:31:29.0376720Z Receiving objects:  13% (1322/9606), 45.16 MiB | 67.00 KiB/s
2023-08-01T11:31:29.4757850Z Receiving objects:  14% (1345/9606), 45.18 MiB | 68.00 KiB/s
2023-08-01T11:31:30.4726980Z Receiving objects:  14% (1351/9606), 45.22 MiB | 69.00 KiB/s
2023-08-01T11:31:30.6640900Z Receiving objects:  14% (1421/9606), 45.29 MiB | 67.00 KiB/s
2023-08-01T11:31:31.3620510Z Receiving objects:  15% (1441/9606), 45.29 MiB | 67.00 KiB/s
2023-08-01T11:31:32.3883850Z Receiving objects:  15% (1471/9606), 45.36 MiB | 62.00 KiB/s
2023-08-01T11:31:32.3944160Z Receiving objects:  15% (1513/9606), 45.40 MiB | 63.00 KiB/s
2023-08-01T11:31:33.4581620Z Receiving objects:  16% (1537/9606), 45.40 MiB | 63.00 KiB/s
2023-08-01T11:31:34.3329160Z Receiving objects:  16% (1574/9606), 45.48 MiB | 66.00 KiB/s
2023-08-01T11:31:35.1634190Z Receiving objects:  16% (1590/9606), 45.53 MiB | 62.00 KiB/s
2023-08-01T11:31:35.3980990Z Receiving objects:  17% (1634/9606), 45.54 MiB | 59.00 KiB/s
2023-08-01T11:31:36.3277840Z Receiving objects:  17% (1651/9606), 45.57 MiB | 58.00 KiB/s
2023-08-01T11:31:37.5322390Z Receiving objects:  17% (1693/9606), 45.62 MiB | 54.00 KiB/s
2023-08-01T11:31:37.5366950Z Receiving objects:  17% (1724/9606), 45.69 MiB | 48.00 KiB/s
2023-08-01T11:31:38.8173670Z Receiving objects:  18% (1730/9606), 45.69 MiB | 48.00 KiB/s
2023-08-01T11:31:38.8220380Z Receiving objects:  18% (1745/9606), 45.73 MiB | 44.00 KiB/s
2023-08-01T11:31:39.4238810Z Receiving objects:  19% (1826/9606), 45.73 MiB | 44.00 KiB/s
2023-08-01T11:31:39.4242120Z Receiving objects:  19% (1921/9606), 45.84 MiB | 60.00 KiB/s
2023-08-01T11:31:39.9569390Z Receiving objects:  20% (1922/9606), 45.84 MiB | 60.00 KiB/s
2023-08-01T11:31:40.2765090Z Receiving objects:  21% (2018/9606), 45.88 MiB | 63.00 KiB/s
2023-08-01T11:31:40.4538700Z Receiving objects:  22% (2114/9606), 45.88 MiB | 63.00 KiB/s
2023-08-01T11:31:40.8183330Z Receiving objects:  22% (2123/9606), 45.95 MiB | 72.00 KiB/s
2023-08-01T11:31:41.2585920Z Receiving objects:  23% (2210/9606), 45.95 MiB | 72.00 KiB/s
2023-08-01T11:31:41.3567860Z Receiving objects:  24% (2306/9606), 46.01 MiB | 79.00 KiB/s
2023-08-01T11:31:42.2873670Z Receiving objects:  24% (2318/9606), 46.01 MiB | 79.00 KiB/s
2023-08-01T11:31:42.3744940Z Receiving objects:  25% (2402/9606), 46.15 MiB | 95.00 KiB/s
2023-08-01T11:31:42.4475330Z Receiving objects:  25% (2409/9606), 46.15 MiB | 95.00 KiB/s
2023-08-01T11:31:42.6463930Z ##[error]The operation was canceled.
2023-08-01T11:31:42.8868790Z Post job cleanup.
2023-08-01T11:31:44.3666500Z [command]/usr/bin/git version
2023-08-01T11:31:44.5564680Z git version 2.37.0 (Apple Git-136)
2023-08-01T11:31:44.6070660Z Copying '/Users/faisceaume/.gitconfig' to '/Users/faisceaume/Desktop/Steeve/test-deployment/actions-runner/_work/_temp/3458b443-99f2-4fc9-9a61-d65e5dcf73dc/.gitconfig'
2023-08-01T11:31:44.6278020Z Temporarily overriding HOME='/Users/faisceaume/Desktop/Steeve/test-deployment/actions-runner/_work/_temp/3458b443-99f2-4fc9-9a61-d65e5dcf73dc' before making global git config changes
2023-08-01T11:31:44.6678900Z Adding repository directory to the temporary git global config as a safe directory
2023-08-01T11:31:44.7152350Z [command]/usr/bin/git config --global --add safe.directory /Users/faisceaume/Desktop/Steeve/test-deployment/actions-runner/_work/test-deployment/test-deployment
2023-08-01T11:31:53.0564450Z [command]/usr/bin/git config --local --name-only --get-regexp core\.sshCommand
2023-08-01T11:31:53.1301550Z [command]/usr/bin/git submodule foreach --recursive sh -c "git config --local --name-only --get-regexp 'core\.sshCommand' && git config --local --unset-all 'core.sshCommand' || :"
2023-08-01T11:31:54.0223310Z [command]/usr/bin/git config --local --name-only --get-regexp http\.https\:\/\/github\.com\/\.extraheader
2023-08-01T11:31:54.1568870Z http.https://github.com/.extraheader
2023-08-01T11:31:54.1848020Z [command]/usr/bin/git config --local --unset-all http.https://github.com/.extraheader
2023-08-01T11:31:54.4924600Z [command]/usr/bin/git submodule foreach --recursive sh -c "git config --local --name-only --get-regexp 'http\.https\:\/\/github\.com\/\.extraheader' && git config --local --unset-all 'http.https://github.com/.extraheader' || :"
2023-08-01T11:31:55.6339090Z Cleaning up orphan processes
