[2023-08-01 09:52:51Z INFO HostContext] No proxy settings were found based on environmental variables (http_proxy/https_proxy/HTTP_PROXY/HTTPS_PROXY)
[2023-08-01 09:52:51Z INFO HostContext] Well known directory 'Bin': '/Users/faisceaume/Desktop/Steeve/test-deployment/actions-runner/bin'
[2023-08-01 09:52:51Z INFO HostContext] Well known directory 'Root': '/Users/faisceaume/Desktop/Steeve/test-deployment/actions-runner'
[2023-08-01 09:52:51Z INFO HostContext] Well known config file 'Credentials': '/Users/faisceaume/Desktop/Steeve/test-deployment/actions-runner/.credentials'
[2023-08-01 09:52:51Z INFO HostContext] Well known directory 'Bin': '/Users/faisceaume/Desktop/Steeve/test-deployment/actions-runner/bin'
[2023-08-01 09:52:51Z INFO HostContext] Well known directory 'Root': '/Users/faisceaume/Desktop/Steeve/test-deployment/actions-runner'
[2023-08-01 09:52:51Z INFO HostContext] Well known config file 'Runner': '/Users/faisceaume/Desktop/Steeve/test-deployment/actions-runner/.runner'
[2023-08-01 09:52:52Z INFO Listener] Runner is built for OSX (X64) - osx-x64.
[2023-08-01 09:52:52Z INFO Listener] RuntimeInformation: Darwin 21.6.0 Darwin Kernel Version 21.6.0: Mon Dec 19 20:44:01 PST 2022; root:xnu-8020.240.18~2/RELEASE_X86_64.
[2023-08-01 09:52:52Z INFO Listener] Version: 2.307.1
[2023-08-01 09:52:52Z INFO Listener] Commit: 2a7e9ad3a7574c9c3e72b8cf7cf2e19c129d2ca8
[2023-08-01 09:52:52Z INFO Listener] Culture: fr-FR
[2023-08-01 09:52:52Z INFO Listener] UI Culture: fr-FR
[2023-08-01 09:52:52Z INFO HostContext] Well known directory 'Bin': '/Users/faisceaume/Desktop/Steeve/test-deployment/actions-runner/bin'
[2023-08-01 09:52:52Z INFO HostContext] Well known directory 'Root': '/Users/faisceaume/Desktop/Steeve/test-deployment/actions-runner'
[2023-08-01 09:52:52Z INFO Listener] Validating directory permissions for: '/Users/faisceaume/Desktop/Steeve/test-deployment/actions-runner'
[2023-08-01 09:52:52Z INFO CommandLineParser] Parse
[2023-08-01 09:52:52Z INFO CommandLineParser] Parsing 5 args
[2023-08-01 09:52:52Z INFO CommandLineParser] parsing argument
[2023-08-01 09:52:52Z INFO CommandLineParser] HasArgs: False
[2023-08-01 09:52:52Z INFO CommandLineParser] Adding Command: configure
[2023-08-01 09:52:52Z INFO CommandLineParser] parsing argument
[2023-08-01 09:52:52Z INFO CommandLineParser] HasArgs: True
[2023-08-01 09:52:52Z INFO CommandLineParser] arg: url
[2023-08-01 09:52:52Z INFO CommandLineParser] parsing argument
[2023-08-01 09:52:52Z INFO CommandLineParser] HasArgs: True
[2023-08-01 09:52:52Z INFO CommandLineParser] Adding option 'url': 'https://github.com/ivan-oule/test-deployment'
[2023-08-01 09:52:52Z INFO CommandLineParser] parsing argument
[2023-08-01 09:52:52Z INFO CommandLineParser] HasArgs: True
[2023-08-01 09:52:52Z INFO CommandLineParser] arg: token
[2023-08-01 09:52:52Z INFO CommandLineParser] parsing argument
[2023-08-01 09:52:52Z INFO CommandLineParser] HasArgs: True
[2023-08-01 09:52:52Z INFO CommandLineParser] Adding option 'token': '***'
[2023-08-01 09:52:52Z INFO Listener] Arguments parsed
[2023-08-01 09:52:53Z INFO Runner] ExecuteCommand
[2023-08-01 09:52:53Z INFO ConfigurationStore] currentAssemblyLocation: /Users/faisceaume/Desktop/Steeve/test-deployment/actions-runner/bin/Runner.Listener.dll
[2023-08-01 09:52:53Z INFO HostContext] Well known directory 'Bin': '/Users/faisceaume/Desktop/Steeve/test-deployment/actions-runner/bin'
[2023-08-01 09:52:53Z INFO ConfigurationStore] binPath: /Users/faisceaume/Desktop/Steeve/test-deployment/actions-runner/bin
[2023-08-01 09:52:53Z INFO HostContext] Well known directory 'Bin': '/Users/faisceaume/Desktop/Steeve/test-deployment/actions-runner/bin'
[2023-08-01 09:52:53Z INFO HostContext] Well known directory 'Root': '/Users/faisceaume/Desktop/Steeve/test-deployment/actions-runner'
[2023-08-01 09:52:53Z INFO ConfigurationStore] RootFolder: /Users/faisceaume/Desktop/Steeve/test-deployment/actions-runner
[2023-08-01 09:52:53Z INFO HostContext] Well known directory 'Bin': '/Users/faisceaume/Desktop/Steeve/test-deployment/actions-runner/bin'
[2023-08-01 09:52:53Z INFO HostContext] Well known directory 'Root': '/Users/faisceaume/Desktop/Steeve/test-deployment/actions-runner'
[2023-08-01 09:52:53Z INFO HostContext] Well known config file 'Runner': '/Users/faisceaume/Desktop/Steeve/test-deployment/actions-runner/.runner'
[2023-08-01 09:52:53Z INFO ConfigurationStore] ConfigFilePath: /Users/faisceaume/Desktop/Steeve/test-deployment/actions-runner/.runner
[2023-08-01 09:52:53Z INFO HostContext] Well known directory 'Bin': '/Users/faisceaume/Desktop/Steeve/test-deployment/actions-runner/bin'
[2023-08-01 09:52:53Z INFO HostContext] Well known directory 'Root': '/Users/faisceaume/Desktop/Steeve/test-deployment/actions-runner'
[2023-08-01 09:52:53Z INFO HostContext] Well known config file 'Credentials': '/Users/faisceaume/Desktop/Steeve/test-deployment/actions-runner/.credentials'
[2023-08-01 09:52:53Z INFO ConfigurationStore] CredFilePath: /Users/faisceaume/Desktop/Steeve/test-deployment/actions-runner/.credentials
[2023-08-01 09:52:53Z INFO HostContext] Well known directory 'Bin': '/Users/faisceaume/Desktop/Steeve/test-deployment/actions-runner/bin'
[2023-08-01 09:52:53Z INFO HostContext] Well known directory 'Root': '/Users/faisceaume/Desktop/Steeve/test-deployment/actions-runner'
[2023-08-01 09:52:53Z INFO HostContext] Well known config file 'MigratedCredentials': '/Users/faisceaume/Desktop/Steeve/test-deployment/actions-runner/.credentials_migrated'
[2023-08-01 09:52:53Z INFO ConfigurationStore] MigratedCredFilePath: /Users/faisceaume/Desktop/Steeve/test-deployment/actions-runner/.credentials_migrated
[2023-08-01 09:52:53Z INFO HostContext] Well known directory 'Bin': '/Users/faisceaume/Desktop/Steeve/test-deployment/actions-runner/bin'
[2023-08-01 09:52:53Z INFO HostContext] Well known directory 'Root': '/Users/faisceaume/Desktop/Steeve/test-deployment/actions-runner'
[2023-08-01 09:52:53Z INFO HostContext] Well known config file 'Service': '/Users/faisceaume/Desktop/Steeve/test-deployment/actions-runner/.service'
[2023-08-01 09:52:53Z INFO ConfigurationStore] ServiceConfigFilePath: /Users/faisceaume/Desktop/Steeve/test-deployment/actions-runner/.service
[2023-08-01 09:52:53Z INFO CommandSettings] Flag 'help': 'False'
[2023-08-01 09:52:53Z INFO CommandSettings] Flag 'version': 'False'
[2023-08-01 09:52:53Z INFO CommandSettings] Flag 'commit': 'False'
[2023-08-01 09:52:53Z INFO CommandSettings] Flag 'check': 'False'
[2023-08-01 09:52:53Z INFO CommandSettings] Command 'configure': 'True'
[2023-08-01 09:52:53Z INFO Terminal] WRITE LINE: 
[2023-08-01 09:52:53Z INFO Terminal] WRITE LINE: --------------------------------------------------------------------------------
[2023-08-01 09:52:53Z INFO Terminal] WRITE LINE: |        ____ _ _   _   _       _          _        _   _                      |
[2023-08-01 09:52:53Z INFO Terminal] WRITE LINE: |       / ___(_) |_| | | |_   _| |__      / \   ___| |_(_) ___  _ __  ___      |
[2023-08-01 09:52:53Z INFO Terminal] WRITE LINE: |      | |  _| | __| |_| | | | | '_ \    / _ \ / __| __| |/ _ \| '_ \/ __|     |
[2023-08-01 09:52:53Z INFO Terminal] WRITE LINE: |      | |_| | | |_|  _  | |_| | |_) |  / ___ \ (__| |_| | (_) | | | \__ \     |
[2023-08-01 09:52:53Z INFO Terminal] WRITE LINE: |       \____|_|\__|_| |_|\__,_|_.__/  /_/   \_\___|\__|_|\___/|_| |_|___/     |
[2023-08-01 09:52:53Z INFO Terminal] WRITE LINE: |                                                                              |
[2023-08-01 09:52:53Z INFO Terminal] WRITE: |                       
[2023-08-01 09:52:53Z INFO Terminal] WRITE: Self-hosted runner registration
[2023-08-01 09:52:53Z INFO Terminal] WRITE LINE:                         |
[2023-08-01 09:52:53Z INFO Terminal] WRITE LINE: |                                                                              |
[2023-08-01 09:52:53Z INFO Terminal] WRITE LINE: --------------------------------------------------------------------------------
[2023-08-01 09:52:53Z INFO ConfigurationManager] ConfigureAsync
[2023-08-01 09:52:53Z INFO CommandSettings] Flag 'generateServiceConfig': 'False'
[2023-08-01 09:52:53Z INFO ConfigurationStore] IsConfigured()
[2023-08-01 09:52:53Z INFO ConfigurationStore] IsConfigured: False
[2023-08-01 09:52:53Z INFO ConfigurationManager] Is configured: False
[2023-08-01 09:52:53Z INFO CommandSettings] Arg 'url': 'https://github.com/ivan-oule/test-deployment'
[2023-08-01 09:52:53Z INFO CommandSettings] Remove url from Arg dictionary.
[2023-08-01 09:52:53Z INFO CommandSettings] Arg 'token': '***'
[2023-08-01 09:52:53Z INFO CommandSettings] Remove token from Arg dictionary.
[2023-08-01 09:53:00Z ERR  Terminal] WRITE ERROR: Http response code: NotFound from 'POST https://api.github.com/actions/runner-registration' (Request Id: DD75:D73E:4A9A371:4B44A08:64C8D5FB)
[2023-08-01 09:53:00Z ERR  Terminal] WRITE ERROR: {"message":"Not Found","documentation_url":"https://docs.github.com/rest"}
[2023-08-01 09:53:01Z ERR  Runner] System.Net.Http.HttpRequestException: Response status code does not indicate success: 404 (Not Found).
   at System.Net.Http.HttpResponseMessage.EnsureSuccessStatusCode()
   at GitHub.Runner.Listener.Configuration.ConfigurationManager.GetTenantCredential(String githubUrl, String githubToken, String runnerEvent)
   at GitHub.Runner.Listener.Configuration.ConfigurationManager.ConfigureAsync(CommandSettings command)
   at GitHub.Runner.Listener.Runner.ExecuteCommand(CommandSettings command)
[2023-08-01 09:53:01Z ERR  Terminal] WRITE ERROR: Response status code does not indicate success: 404 (Not Found).
[2023-08-01 09:53:01Z INFO Listener] Runner execution has finished with return code 1
