[2023-08-01 10:02:20Z INFO HostContext] No proxy settings were found based on environmental variables (http_proxy/https_proxy/HTTP_PROXY/HTTPS_PROXY)
[2023-08-01 10:02:20Z INFO HostContext] Well known directory 'Bin': '/Users/faisceaume/Desktop/Steeve/test-deployment/actions-runner/bin'
[2023-08-01 10:02:20Z INFO HostContext] Well known directory 'Root': '/Users/faisceaume/Desktop/Steeve/test-deployment/actions-runner'
[2023-08-01 10:02:20Z INFO HostContext] Well known config file 'Credentials': '/Users/faisceaume/Desktop/Steeve/test-deployment/actions-runner/.credentials'
[2023-08-01 10:02:20Z INFO HostContext] Well known directory 'Bin': '/Users/faisceaume/Desktop/Steeve/test-deployment/actions-runner/bin'
[2023-08-01 10:02:20Z INFO HostContext] Well known directory 'Root': '/Users/faisceaume/Desktop/Steeve/test-deployment/actions-runner'
[2023-08-01 10:02:20Z INFO HostContext] Well known config file 'Runner': '/Users/faisceaume/Desktop/Steeve/test-deployment/actions-runner/.runner'
[2023-08-01 10:02:20Z INFO Listener] Runner is built for OSX (X64) - osx-x64.
[2023-08-01 10:02:20Z INFO Listener] RuntimeInformation: Darwin 21.6.0 Darwin Kernel Version 21.6.0: Mon Dec 19 20:44:01 PST 2022; root:xnu-8020.240.18~2/RELEASE_X86_64.
[2023-08-01 10:02:20Z INFO Listener] Version: 2.307.1
[2023-08-01 10:02:20Z INFO Listener] Commit: 2a7e9ad3a7574c9c3e72b8cf7cf2e19c129d2ca8
[2023-08-01 10:02:20Z INFO Listener] Culture: fr-FR
[2023-08-01 10:02:20Z INFO Listener] UI Culture: fr-FR
[2023-08-01 10:02:20Z INFO HostContext] Well known directory 'Bin': '/Users/faisceaume/Desktop/Steeve/test-deployment/actions-runner/bin'
[2023-08-01 10:02:20Z INFO HostContext] Well known directory 'Root': '/Users/faisceaume/Desktop/Steeve/test-deployment/actions-runner'
[2023-08-01 10:02:20Z INFO Listener] Validating directory permissions for: '/Users/faisceaume/Desktop/Steeve/test-deployment/actions-runner'
[2023-08-01 10:02:20Z INFO CommandLineParser] Parse
[2023-08-01 10:02:20Z INFO CommandLineParser] Parsing 1 args
[2023-08-01 10:02:20Z INFO CommandLineParser] parsing argument
[2023-08-01 10:02:20Z INFO CommandLineParser] HasArgs: False
[2023-08-01 10:02:20Z INFO CommandLineParser] Adding Command: run
[2023-08-01 10:02:20Z INFO Listener] Arguments parsed
[2023-08-01 10:02:20Z INFO Runner] ExecuteCommand
[2023-08-01 10:02:20Z INFO ConfigurationStore] currentAssemblyLocation: /Users/faisceaume/Desktop/Steeve/test-deployment/actions-runner/bin/Runner.Listener.dll
[2023-08-01 10:02:20Z INFO HostContext] Well known directory 'Bin': '/Users/faisceaume/Desktop/Steeve/test-deployment/actions-runner/bin'
[2023-08-01 10:02:20Z INFO ConfigurationStore] binPath: /Users/faisceaume/Desktop/Steeve/test-deployment/actions-runner/bin
[2023-08-01 10:02:20Z INFO HostContext] Well known directory 'Bin': '/Users/faisceaume/Desktop/Steeve/test-deployment/actions-runner/bin'
[2023-08-01 10:02:20Z INFO HostContext] Well known directory 'Root': '/Users/faisceaume/Desktop/Steeve/test-deployment/actions-runner'
[2023-08-01 10:02:20Z INFO ConfigurationStore] RootFolder: /Users/faisceaume/Desktop/Steeve/test-deployment/actions-runner
[2023-08-01 10:02:20Z INFO HostContext] Well known directory 'Bin': '/Users/faisceaume/Desktop/Steeve/test-deployment/actions-runner/bin'
[2023-08-01 10:02:20Z INFO HostContext] Well known directory 'Root': '/Users/faisceaume/Desktop/Steeve/test-deployment/actions-runner'
[2023-08-01 10:02:20Z INFO HostContext] Well known config file 'Runner': '/Users/faisceaume/Desktop/Steeve/test-deployment/actions-runner/.runner'
[2023-08-01 10:02:20Z INFO ConfigurationStore] ConfigFilePath: /Users/faisceaume/Desktop/Steeve/test-deployment/actions-runner/.runner
[2023-08-01 10:02:20Z INFO HostContext] Well known directory 'Bin': '/Users/faisceaume/Desktop/Steeve/test-deployment/actions-runner/bin'
[2023-08-01 10:02:20Z INFO HostContext] Well known directory 'Root': '/Users/faisceaume/Desktop/Steeve/test-deployment/actions-runner'
[2023-08-01 10:02:20Z INFO HostContext] Well known config file 'Credentials': '/Users/faisceaume/Desktop/Steeve/test-deployment/actions-runner/.credentials'
[2023-08-01 10:02:20Z INFO ConfigurationStore] CredFilePath: /Users/faisceaume/Desktop/Steeve/test-deployment/actions-runner/.credentials
[2023-08-01 10:02:20Z INFO HostContext] Well known directory 'Bin': '/Users/faisceaume/Desktop/Steeve/test-deployment/actions-runner/bin'
[2023-08-01 10:02:20Z INFO HostContext] Well known directory 'Root': '/Users/faisceaume/Desktop/Steeve/test-deployment/actions-runner'
[2023-08-01 10:02:20Z INFO HostContext] Well known config file 'MigratedCredentials': '/Users/faisceaume/Desktop/Steeve/test-deployment/actions-runner/.credentials_migrated'
[2023-08-01 10:02:20Z INFO ConfigurationStore] MigratedCredFilePath: /Users/faisceaume/Desktop/Steeve/test-deployment/actions-runner/.credentials_migrated
[2023-08-01 10:02:20Z INFO HostContext] Well known directory 'Bin': '/Users/faisceaume/Desktop/Steeve/test-deployment/actions-runner/bin'
[2023-08-01 10:02:20Z INFO HostContext] Well known directory 'Root': '/Users/faisceaume/Desktop/Steeve/test-deployment/actions-runner'
[2023-08-01 10:02:20Z INFO HostContext] Well known config file 'Service': '/Users/faisceaume/Desktop/Steeve/test-deployment/actions-runner/.service'
[2023-08-01 10:02:20Z INFO ConfigurationStore] ServiceConfigFilePath: /Users/faisceaume/Desktop/Steeve/test-deployment/actions-runner/.service
[2023-08-01 10:02:20Z INFO CommandSettings] Flag 'help': 'False'
[2023-08-01 10:02:20Z INFO CommandSettings] Flag 'version': 'False'
[2023-08-01 10:02:20Z INFO CommandSettings] Flag 'commit': 'False'
[2023-08-01 10:02:20Z INFO CommandSettings] Flag 'check': 'False'
[2023-08-01 10:02:20Z INFO CommandSettings] Command 'configure': 'False'
[2023-08-01 10:02:20Z INFO CommandSettings] Command 'remove': 'False'
[2023-08-01 10:02:20Z INFO CommandSettings] Command 'warmup': 'False'
[2023-08-01 10:02:20Z INFO ConfigurationManager] LoadSettings
[2023-08-01 10:02:20Z INFO ConfigurationStore] IsConfigured()
[2023-08-01 10:02:20Z INFO ConfigurationStore] IsConfigured: True
[2023-08-01 10:02:20Z INFO ConfigurationManager] Is configured: True
[2023-08-01 10:02:20Z INFO ConfigurationStore] Read setting file: 305 chars
[2023-08-01 10:02:20Z INFO ConfigurationManager] Settings Loaded
[2023-08-01 10:02:20Z INFO ConfigurationStore] IsServiceConfigured()
[2023-08-01 10:02:20Z INFO ConfigurationStore] IsServiceConfigured: False
[2023-08-01 10:02:20Z INFO CommandSettings] Command 'run': 'True'
[2023-08-01 10:02:20Z INFO ConfigurationStore] IsConfigured()
[2023-08-01 10:02:20Z INFO ConfigurationStore] IsConfigured: True
[2023-08-01 10:02:20Z INFO ConfigurationManager] Is configured: True
[2023-08-01 10:02:20Z INFO Runner] Could not parse the argument value '' for StartupType. Defaulting to Manual
[2023-08-01 10:02:20Z INFO Runner] Set runner startup type - Manual
[2023-08-01 10:02:20Z INFO CommandSettings] Flag 'once': 'False'
[2023-08-01 10:02:20Z INFO CommandSettings] Flag 'once': 'False'
[2023-08-01 10:02:20Z INFO Runner] RunAsync
[2023-08-01 10:02:20Z INFO ConfigurationManager] LoadSettings
[2023-08-01 10:02:20Z INFO ConfigurationStore] IsConfigured()
[2023-08-01 10:02:20Z INFO ConfigurationStore] IsConfigured: True
[2023-08-01 10:02:20Z INFO ConfigurationManager] Is configured: True
[2023-08-01 10:02:20Z INFO ConfigurationManager] Settings Loaded
[2023-08-01 10:02:20Z INFO MessageListener] {
  "AgentId": 22,
  "AgentName": "test-deployment-runner",
  "PoolId": 1,
  "PoolName": "Default",
  "ServerUrl": "https://pipelines.actions.githubusercontent.com/TxlRNefpBS9a2M795nHVt8jo05KxUXjlmKdyPgDvJybOrShnnE",
  "GitHubUrl": "https://github.com/ivan-oule/test-deployment",
  "WorkFolder": "_work"
}
[2023-08-01 10:02:20Z INFO MessageListener] Loading Credentials
[2023-08-01 10:02:20Z INFO ConfigurationStore] HasCredentials()
[2023-08-01 10:02:20Z INFO ConfigurationStore] stored True
[2023-08-01 10:02:20Z INFO CredentialManager] GetCredentialProvider
[2023-08-01 10:02:20Z INFO CredentialManager] Creating type OAuth
[2023-08-01 10:02:20Z INFO CredentialManager] Creating credential type: OAuth
[2023-08-01 10:02:20Z INFO HostContext] Well known directory 'Bin': '/Users/faisceaume/Desktop/Steeve/test-deployment/actions-runner/bin'
[2023-08-01 10:02:20Z INFO HostContext] Well known directory 'Root': '/Users/faisceaume/Desktop/Steeve/test-deployment/actions-runner'
[2023-08-01 10:02:20Z INFO HostContext] Well known config file 'RSACredentials': '/Users/faisceaume/Desktop/Steeve/test-deployment/actions-runner/.credentials_rsaparams'
[2023-08-01 10:02:20Z INFO RSAFileKeyManager] Loading RSA key parameters from file /Users/faisceaume/Desktop/Steeve/test-deployment/actions-runner/.credentials_rsaparams
[2023-08-01 10:02:20Z INFO MessageListener] Attempt to create session.
[2023-08-01 10:02:20Z INFO MessageListener] Connecting to the Runner Server...
[2023-08-01 10:02:20Z INFO RunnerServer] EstablishVssConnection
[2023-08-01 10:02:20Z INFO RunnerServer] Establish connection with 100 seconds timeout.
[2023-08-01 10:02:20Z INFO GitHubActionsService] Starting operation Location.GetConnectionData
[2023-08-01 10:02:20Z INFO RunnerServer] EstablishVssConnection
[2023-08-01 10:02:20Z INFO RunnerServer] Establish connection with 60 seconds timeout.
[2023-08-01 10:02:20Z INFO GitHubActionsService] Starting operation Location.GetConnectionData
[2023-08-01 10:02:20Z INFO RunnerServer] EstablishVssConnection
[2023-08-01 10:02:20Z INFO RunnerServer] Establish connection with 60 seconds timeout.
[2023-08-01 10:02:20Z INFO GitHubActionsService] Starting operation Location.GetConnectionData
[2023-08-01 10:02:21Z INFO GitHubActionsService] Finished operation Location.GetConnectionData
[2023-08-01 10:02:21Z INFO GitHubActionsService] Finished operation Location.GetConnectionData
[2023-08-01 10:02:21Z INFO GitHubActionsService] Finished operation Location.GetConnectionData
[2023-08-01 10:02:21Z INFO MessageListener] VssConnection created
[2023-08-01 10:02:21Z INFO Terminal] WRITE LINE: 
[2023-08-01 10:02:21Z INFO Terminal] WRITE LINE: 
[2023-08-01 10:02:22Z INFO RSAFileKeyManager] Loading RSA key parameters from file /Users/faisceaume/Desktop/Steeve/test-deployment/actions-runner/.credentials_rsaparams
[2023-08-01 10:02:22Z INFO RSAFileKeyManager] Loading RSA key parameters from file /Users/faisceaume/Desktop/Steeve/test-deployment/actions-runner/.credentials_rsaparams
[2023-08-01 10:02:22Z INFO GitHubActionsService] AAD Correlation ID for this token request: Unknown
[2023-08-01 10:02:22Z INFO MessageListener] Session created.
[2023-08-01 10:02:22Z INFO Terminal] WRITE LINE: Current runner version: '2.307.1'
[2023-08-01 10:02:22Z INFO Terminal] WRITE LINE: 2023-08-01 10:02:22Z: Listening for Jobs
[2023-08-01 10:02:22Z INFO JobDispatcher] Set runner/worker IPC timeout to 30 seconds.
[2023-08-01 10:03:23Z WARN GitHubActionsService] GET request to https://pipelines.actions.githubusercontent.com/TxlRNefpBS9a2M795nHVt8jo05KxUXjlmKdyPgDvJybOrShnnE/_apis/distributedtask/pools/1/messages?sessionId=a76a5194-59a3-4cb7-a1d7-45f8778e4c6d&status=Online&runnerVersion=2.307.1 timed out after 60 seconds.
[2023-08-01 10:03:23Z ERR  MessageListener] Catch exception during get next message.
[2023-08-01 10:03:23Z ERR  MessageListener] System.TimeoutException: The HTTP request timed out after 00:01:00.
 ---> System.Threading.Tasks.TaskCanceledException: The operation was canceled.
 ---> System.IO.IOException: Unable to read data from the transport connection: Operation canceled.
 ---> System.Net.Sockets.SocketException (89): Operation canceled
   --- End of inner exception stack trace ---
   at System.Net.Sockets.Socket.AwaitableSocketAsyncEventArgs.ThrowException(SocketError error, CancellationToken cancellationToken)
   at System.Net.Sockets.Socket.AwaitableSocketAsyncEventArgs.System.Threading.Tasks.Sources.IValueTaskSource<System.Int32>.GetResult(Int16 token)
   at System.Net.Security.SslStream.EnsureFullTlsFrameAsync[TIOAdapter](TIOAdapter adapter)
   at System.Net.Security.SslStream.ReadAsyncInternal[TIOAdapter](TIOAdapter adapter, Memory`1 buffer)
   at System.Net.Http.HttpConnection.SendAsyncCore(HttpRequestMessage request, Boolean async, CancellationToken cancellationToken)
   --- End of inner exception stack trace ---
   at System.Net.Http.HttpConnection.SendAsyncCore(HttpRequestMessage request, Boolean async, CancellationToken cancellationToken)
   at System.Net.Http.AuthenticationHelper.SendWithNtAuthAsync(HttpRequestMessage request, Uri authUri, Boolean async, ICredentials credentials, Boolean isProxyAuth, HttpConnection connection, HttpConnectionPool connectionPool, CancellationToken cancellationToken)
   at System.Net.Http.HttpConnectionPool.SendWithVersionDetectionAndRetryAsync(HttpRequestMessage request, Boolean async, Boolean doRequestAuth, CancellationToken cancellationToken)
   at System.Net.Http.AuthenticationHelper.SendWithAuthAsync(HttpRequestMessage request, Uri authUri, Boolean async, ICredentials credentials, Boolean preAuthenticate, Boolean isProxyAuth, Boolean doRequestAuth, HttpConnectionPool pool, CancellationToken cancellationToken)
   at System.Net.Http.DecompressionHandler.SendAsync(HttpRequestMessage request, Boolean async, CancellationToken cancellationToken)
   at GitHub.Services.Common.VssHttpMessageHandler.SendAsync(HttpRequestMessage request, CancellationToken cancellationToken)
   --- End of inner exception stack trace ---
   at GitHub.Services.Common.VssHttpMessageHandler.SendAsync(HttpRequestMessage request, CancellationToken cancellationToken)
   at GitHub.Services.Common.VssHttpRetryMessageHandler.SendAsync(HttpRequestMessage request, CancellationToken cancellationToken)
   at System.Net.Http.HttpClient.<SendAsync>g__Core|83_0(HttpRequestMessage request, HttpCompletionOption completionOption, CancellationTokenSource cts, Boolean disposeCts, CancellationTokenSource pendingRequestsCts, CancellationToken originalCancellationToken)
   at GitHub.Services.WebApi.VssHttpClientBase.SendAsync(HttpRequestMessage message, HttpCompletionOption completionOption, Object userState, CancellationToken cancellationToken)
   at GitHub.Services.WebApi.VssHttpClientBase.SendAsync[T](HttpRequestMessage message, Object userState, CancellationToken cancellationToken)
   at GitHub.Services.WebApi.VssHttpClientBase.SendAsync[T](HttpMethod method, IEnumerable`1 additionalHeaders, Guid locationId, Object routeValues, ApiResourceVersion version, HttpContent content, IEnumerable`1 queryParameters, Object userState, CancellationToken cancellationToken)
   at GitHub.Runner.Listener.MessageListener.GetNextMessageAsync(CancellationToken token)
[2023-08-01 10:03:23Z ERR  MessageListener] #####################################################
[2023-08-01 10:03:23Z ERR  MessageListener] System.Threading.Tasks.TaskCanceledException: The operation was canceled.
 ---> System.IO.IOException: Unable to read data from the transport connection: Operation canceled.
 ---> System.Net.Sockets.SocketException (89): Operation canceled
   --- End of inner exception stack trace ---
   at System.Net.Sockets.Socket.AwaitableSocketAsyncEventArgs.ThrowException(SocketError error, CancellationToken cancellationToken)
   at System.Net.Sockets.Socket.AwaitableSocketAsyncEventArgs.System.Threading.Tasks.Sources.IValueTaskSource<System.Int32>.GetResult(Int16 token)
   at System.Net.Security.SslStream.EnsureFullTlsFrameAsync[TIOAdapter](TIOAdapter adapter)
   at System.Net.Security.SslStream.ReadAsyncInternal[TIOAdapter](TIOAdapter adapter, Memory`1 buffer)
   at System.Net.Http.HttpConnection.SendAsyncCore(HttpRequestMessage request, Boolean async, CancellationToken cancellationToken)
   --- End of inner exception stack trace ---
   at System.Net.Http.HttpConnection.SendAsyncCore(HttpRequestMessage request, Boolean async, CancellationToken cancellationToken)
   at System.Net.Http.AuthenticationHelper.SendWithNtAuthAsync(HttpRequestMessage request, Uri authUri, Boolean async, ICredentials credentials, Boolean isProxyAuth, HttpConnection connection, HttpConnectionPool connectionPool, CancellationToken cancellationToken)
   at System.Net.Http.HttpConnectionPool.SendWithVersionDetectionAndRetryAsync(HttpRequestMessage request, Boolean async, Boolean doRequestAuth, CancellationToken cancellationToken)
   at System.Net.Http.AuthenticationHelper.SendWithAuthAsync(HttpRequestMessage request, Uri authUri, Boolean async, ICredentials credentials, Boolean preAuthenticate, Boolean isProxyAuth, Boolean doRequestAuth, HttpConnectionPool pool, CancellationToken cancellationToken)
   at System.Net.Http.DecompressionHandler.SendAsync(HttpRequestMessage request, Boolean async, CancellationToken cancellationToken)
   at GitHub.Services.Common.VssHttpMessageHandler.SendAsync(HttpRequestMessage request, CancellationToken cancellationToken)
[2023-08-01 10:03:23Z ERR  MessageListener] #####################################################
[2023-08-01 10:03:23Z ERR  MessageListener] System.IO.IOException: Unable to read data from the transport connection: Operation canceled.
 ---> System.Net.Sockets.SocketException (89): Operation canceled
   --- End of inner exception stack trace ---
   at System.Net.Sockets.Socket.AwaitableSocketAsyncEventArgs.ThrowException(SocketError error, CancellationToken cancellationToken)
   at System.Net.Sockets.Socket.AwaitableSocketAsyncEventArgs.System.Threading.Tasks.Sources.IValueTaskSource<System.Int32>.GetResult(Int16 token)
   at System.Net.Security.SslStream.EnsureFullTlsFrameAsync[TIOAdapter](TIOAdapter adapter)
   at System.Net.Security.SslStream.ReadAsyncInternal[TIOAdapter](TIOAdapter adapter, Memory`1 buffer)
   at System.Net.Http.HttpConnection.SendAsyncCore(HttpRequestMessage request, Boolean async, CancellationToken cancellationToken)
[2023-08-01 10:03:23Z ERR  MessageListener] #####################################################
[2023-08-01 10:03:23Z ERR  MessageListener] System.Net.Sockets.SocketException (89): Operation canceled
[2023-08-01 10:03:23Z INFO MessageListener] Retriable exception: The HTTP request timed out after 00:01:00.
[2023-08-01 10:03:23Z ERR  Terminal] WRITE ERROR: 2023-08-01 10:03:23Z: Runner connect error: The HTTP request timed out after 00:01:00.. Retrying until reconnected.
[2023-08-01 10:03:23Z INFO RunnerServer] Refresh MessageQueue VssConnection to get on a different AFD node.
[2023-08-01 10:03:23Z INFO RunnerServer] EstablishVssConnection
[2023-08-01 10:03:23Z INFO RunnerServer] Establish connection with 60 seconds timeout.
[2023-08-01 10:03:23Z INFO GitHubActionsService] Starting operation Location.GetConnectionData
[2023-08-01 10:03:24Z INFO GitHubActionsService] Finished operation Location.GetConnectionData
[2023-08-01 10:03:24Z INFO MessageListener] Sleeping for 25.893 seconds before retrying.
