[2023-08-01 10:01:24Z INFO HostContext] No proxy settings were found based on environmental variables (http_proxy/https_proxy/HTTP_PROXY/HTTPS_PROXY)
[2023-08-01 10:01:24Z INFO HostContext] Well known directory 'Bin': '/Users/faisceaume/Desktop/Steeve/test-deployment/actions-runner/bin'
[2023-08-01 10:01:24Z INFO HostContext] Well known directory 'Root': '/Users/faisceaume/Desktop/Steeve/test-deployment/actions-runner'
[2023-08-01 10:01:24Z INFO HostContext] Well known config file 'Credentials': '/Users/faisceaume/Desktop/Steeve/test-deployment/actions-runner/.credentials'
[2023-08-01 10:01:24Z INFO HostContext] Well known directory 'Bin': '/Users/faisceaume/Desktop/Steeve/test-deployment/actions-runner/bin'
[2023-08-01 10:01:24Z INFO HostContext] Well known directory 'Root': '/Users/faisceaume/Desktop/Steeve/test-deployment/actions-runner'
[2023-08-01 10:01:24Z INFO HostContext] Well known config file 'Runner': '/Users/faisceaume/Desktop/Steeve/test-deployment/actions-runner/.runner'
[2023-08-01 10:01:24Z INFO Listener] Runner is built for OSX (X64) - osx-x64.
[2023-08-01 10:01:24Z INFO Listener] RuntimeInformation: Darwin 21.6.0 Darwin Kernel Version 21.6.0: Mon Dec 19 20:44:01 PST 2022; root:xnu-8020.240.18~2/RELEASE_X86_64.
[2023-08-01 10:01:24Z INFO Listener] Version: 2.307.1
[2023-08-01 10:01:24Z INFO Listener] Commit: 2a7e9ad3a7574c9c3e72b8cf7cf2e19c129d2ca8
[2023-08-01 10:01:24Z INFO Listener] Culture: fr-FR
[2023-08-01 10:01:24Z INFO Listener] UI Culture: fr-FR
[2023-08-01 10:01:24Z INFO HostContext] Well known directory 'Bin': '/Users/faisceaume/Desktop/Steeve/test-deployment/actions-runner/bin'
[2023-08-01 10:01:24Z INFO HostContext] Well known directory 'Root': '/Users/faisceaume/Desktop/Steeve/test-deployment/actions-runner'
[2023-08-01 10:01:24Z INFO Listener] Validating directory permissions for: '/Users/faisceaume/Desktop/Steeve/test-deployment/actions-runner'
[2023-08-01 10:01:24Z INFO CommandLineParser] Parse
[2023-08-01 10:01:24Z INFO CommandLineParser] Parsing 5 args
[2023-08-01 10:01:24Z INFO CommandLineParser] parsing argument
[2023-08-01 10:01:24Z INFO CommandLineParser] HasArgs: False
[2023-08-01 10:01:24Z INFO CommandLineParser] Adding Command: configure
[2023-08-01 10:01:24Z INFO CommandLineParser] parsing argument
[2023-08-01 10:01:24Z INFO CommandLineParser] HasArgs: True
[2023-08-01 10:01:24Z INFO CommandLineParser] arg: url
[2023-08-01 10:01:24Z INFO CommandLineParser] parsing argument
[2023-08-01 10:01:24Z INFO CommandLineParser] HasArgs: True
[2023-08-01 10:01:24Z INFO CommandLineParser] Adding option 'url': 'https://github.com/ivan-oule/test-deployment'
[2023-08-01 10:01:24Z INFO CommandLineParser] parsing argument
[2023-08-01 10:01:24Z INFO CommandLineParser] HasArgs: True
[2023-08-01 10:01:24Z INFO CommandLineParser] arg: token
[2023-08-01 10:01:24Z INFO CommandLineParser] parsing argument
[2023-08-01 10:01:24Z INFO CommandLineParser] HasArgs: True
[2023-08-01 10:01:24Z INFO CommandLineParser] Adding option 'token': '***'
[2023-08-01 10:01:24Z INFO Listener] Arguments parsed
[2023-08-01 10:01:24Z INFO Runner] ExecuteCommand
[2023-08-01 10:01:24Z INFO ConfigurationStore] currentAssemblyLocation: /Users/faisceaume/Desktop/Steeve/test-deployment/actions-runner/bin/Runner.Listener.dll
[2023-08-01 10:01:24Z INFO HostContext] Well known directory 'Bin': '/Users/faisceaume/Desktop/Steeve/test-deployment/actions-runner/bin'
[2023-08-01 10:01:24Z INFO ConfigurationStore] binPath: /Users/faisceaume/Desktop/Steeve/test-deployment/actions-runner/bin
[2023-08-01 10:01:24Z INFO HostContext] Well known directory 'Bin': '/Users/faisceaume/Desktop/Steeve/test-deployment/actions-runner/bin'
[2023-08-01 10:01:24Z INFO HostContext] Well known directory 'Root': '/Users/faisceaume/Desktop/Steeve/test-deployment/actions-runner'
[2023-08-01 10:01:24Z INFO ConfigurationStore] RootFolder: /Users/faisceaume/Desktop/Steeve/test-deployment/actions-runner
[2023-08-01 10:01:24Z INFO HostContext] Well known directory 'Bin': '/Users/faisceaume/Desktop/Steeve/test-deployment/actions-runner/bin'
[2023-08-01 10:01:24Z INFO HostContext] Well known directory 'Root': '/Users/faisceaume/Desktop/Steeve/test-deployment/actions-runner'
[2023-08-01 10:01:24Z INFO HostContext] Well known config file 'Runner': '/Users/faisceaume/Desktop/Steeve/test-deployment/actions-runner/.runner'
[2023-08-01 10:01:24Z INFO ConfigurationStore] ConfigFilePath: /Users/faisceaume/Desktop/Steeve/test-deployment/actions-runner/.runner
[2023-08-01 10:01:24Z INFO HostContext] Well known directory 'Bin': '/Users/faisceaume/Desktop/Steeve/test-deployment/actions-runner/bin'
[2023-08-01 10:01:24Z INFO HostContext] Well known directory 'Root': '/Users/faisceaume/Desktop/Steeve/test-deployment/actions-runner'
[2023-08-01 10:01:24Z INFO HostContext] Well known config file 'Credentials': '/Users/faisceaume/Desktop/Steeve/test-deployment/actions-runner/.credentials'
[2023-08-01 10:01:24Z INFO ConfigurationStore] CredFilePath: /Users/faisceaume/Desktop/Steeve/test-deployment/actions-runner/.credentials
[2023-08-01 10:01:24Z INFO HostContext] Well known directory 'Bin': '/Users/faisceaume/Desktop/Steeve/test-deployment/actions-runner/bin'
[2023-08-01 10:01:24Z INFO HostContext] Well known directory 'Root': '/Users/faisceaume/Desktop/Steeve/test-deployment/actions-runner'
[2023-08-01 10:01:24Z INFO HostContext] Well known config file 'MigratedCredentials': '/Users/faisceaume/Desktop/Steeve/test-deployment/actions-runner/.credentials_migrated'
[2023-08-01 10:01:24Z INFO ConfigurationStore] MigratedCredFilePath: /Users/faisceaume/Desktop/Steeve/test-deployment/actions-runner/.credentials_migrated
[2023-08-01 10:01:24Z INFO HostContext] Well known directory 'Bin': '/Users/faisceaume/Desktop/Steeve/test-deployment/actions-runner/bin'
[2023-08-01 10:01:24Z INFO HostContext] Well known directory 'Root': '/Users/faisceaume/Desktop/Steeve/test-deployment/actions-runner'
[2023-08-01 10:01:24Z INFO HostContext] Well known config file 'Service': '/Users/faisceaume/Desktop/Steeve/test-deployment/actions-runner/.service'
[2023-08-01 10:01:24Z INFO ConfigurationStore] ServiceConfigFilePath: /Users/faisceaume/Desktop/Steeve/test-deployment/actions-runner/.service
[2023-08-01 10:01:24Z INFO CommandSettings] Flag 'help': 'False'
[2023-08-01 10:01:24Z INFO CommandSettings] Flag 'version': 'False'
[2023-08-01 10:01:24Z INFO CommandSettings] Flag 'commit': 'False'
[2023-08-01 10:01:24Z INFO CommandSettings] Flag 'check': 'False'
[2023-08-01 10:01:24Z INFO CommandSettings] Command 'configure': 'True'
[2023-08-01 10:01:24Z INFO Terminal] WRITE LINE: 
[2023-08-01 10:01:24Z INFO Terminal] WRITE LINE: --------------------------------------------------------------------------------
[2023-08-01 10:01:24Z INFO Terminal] WRITE LINE: |        ____ _ _   _   _       _          _        _   _                      |
[2023-08-01 10:01:24Z INFO Terminal] WRITE LINE: |       / ___(_) |_| | | |_   _| |__      / \   ___| |_(_) ___  _ __  ___      |
[2023-08-01 10:01:24Z INFO Terminal] WRITE LINE: |      | |  _| | __| |_| | | | | '_ \    / _ \ / __| __| |/ _ \| '_ \/ __|     |
[2023-08-01 10:01:24Z INFO Terminal] WRITE LINE: |      | |_| | | |_|  _  | |_| | |_) |  / ___ \ (__| |_| | (_) | | | \__ \     |
[2023-08-01 10:01:24Z INFO Terminal] WRITE LINE: |       \____|_|\__|_| |_|\__,_|_.__/  /_/   \_\___|\__|_|\___/|_| |_|___/     |
[2023-08-01 10:01:24Z INFO Terminal] WRITE LINE: |                                                                              |
[2023-08-01 10:01:24Z INFO Terminal] WRITE: |                       
[2023-08-01 10:01:24Z INFO Terminal] WRITE: Self-hosted runner registration
[2023-08-01 10:01:24Z INFO Terminal] WRITE LINE:                         |
[2023-08-01 10:01:24Z INFO Terminal] WRITE LINE: |                                                                              |
[2023-08-01 10:01:24Z INFO Terminal] WRITE LINE: --------------------------------------------------------------------------------
[2023-08-01 10:01:24Z INFO ConfigurationManager] ConfigureAsync
[2023-08-01 10:01:24Z INFO CommandSettings] Flag 'generateServiceConfig': 'False'
[2023-08-01 10:01:24Z INFO ConfigurationStore] IsConfigured()
[2023-08-01 10:01:24Z INFO ConfigurationStore] IsConfigured: False
[2023-08-01 10:01:24Z INFO ConfigurationManager] Is configured: False
[2023-08-01 10:01:24Z INFO CommandSettings] Arg 'url': 'https://github.com/ivan-oule/test-deployment'
[2023-08-01 10:01:24Z INFO CommandSettings] Remove url from Arg dictionary.
[2023-08-01 10:01:24Z INFO CommandSettings] Arg 'token': '***'
[2023-08-01 10:01:24Z INFO CommandSettings] Remove token from Arg dictionary.
[2023-08-01 10:01:26Z INFO ConfigurationManager] Http response code: OK from 'POST https://api.github.com/actions/runner-registration' (DE67:307A:4D2B1DE:4DD6883:64C8D7F5)
[2023-08-01 10:01:26Z INFO ConfigurationManager] Using V2 flow: False
[2023-08-01 10:01:26Z INFO ConfigurationManager] cred retrieved via GitHub auth
[2023-08-01 10:01:26Z INFO RunnerServer] EstablishVssConnection
[2023-08-01 10:01:26Z INFO RunnerServer] Establish connection with 100 seconds timeout.
[2023-08-01 10:01:26Z INFO GitHubActionsService] Starting operation Location.GetConnectionData
[2023-08-01 10:01:26Z INFO RunnerServer] EstablishVssConnection
[2023-08-01 10:01:26Z INFO RunnerServer] Establish connection with 60 seconds timeout.
[2023-08-01 10:01:26Z INFO GitHubActionsService] Starting operation Location.GetConnectionData
[2023-08-01 10:01:26Z INFO RunnerServer] EstablishVssConnection
[2023-08-01 10:01:26Z INFO RunnerServer] Establish connection with 60 seconds timeout.
[2023-08-01 10:01:26Z INFO GitHubActionsService] Starting operation Location.GetConnectionData
[2023-08-01 10:01:27Z INFO GitHubActionsService] Finished operation Location.GetConnectionData
[2023-08-01 10:01:27Z INFO GitHubActionsService] Finished operation Location.GetConnectionData
[2023-08-01 10:01:27Z INFO GitHubActionsService] Finished operation Location.GetConnectionData
[2023-08-01 10:01:27Z INFO Terminal] WRITE LINE: 
[2023-08-01 10:01:27Z INFO ConfigurationManager] Test Connection complete.
[2023-08-01 10:01:27Z INFO HostContext] Well known directory 'Bin': '/Users/faisceaume/Desktop/Steeve/test-deployment/actions-runner/bin'
[2023-08-01 10:01:27Z INFO HostContext] Well known directory 'Root': '/Users/faisceaume/Desktop/Steeve/test-deployment/actions-runner'
[2023-08-01 10:01:27Z INFO HostContext] Well known config file 'RSACredentials': '/Users/faisceaume/Desktop/Steeve/test-deployment/actions-runner/.credentials_rsaparams'
[2023-08-01 10:01:27Z INFO RSAFileKeyManager] Found existing RSA key parameters file /Users/faisceaume/Desktop/Steeve/test-deployment/actions-runner/.credentials_rsaparams
[2023-08-01 10:01:27Z INFO CommandSettings] Arg 'runnergroup': ''
[2023-08-01 10:01:27Z INFO CommandSettings] Flag 'unattended': 'False'
[2023-08-01 10:01:27Z INFO PromptManager] ReadValue
[2023-08-01 10:01:27Z INFO Terminal] WRITE: Enter the name of the runner group to add this runner to: 
[2023-08-01 10:01:27Z INFO Terminal] WRITE: [press Enter for Default] 
[2023-08-01 10:01:27Z INFO Terminal] READ LINE
[2023-08-01 10:01:30Z INFO Terminal] Read value: ''
[2023-08-01 10:01:30Z INFO PromptManager] Falling back to the default: 'Default'
[2023-08-01 10:01:30Z INFO Terminal] WRITE LINE: 
[2023-08-01 10:01:30Z INFO ConfigurationManager] Found a self-hosted runner group with id 1 and name Default
[2023-08-01 10:01:30Z INFO CommandSettings] Flag 'disableupdate': 'False'
[2023-08-01 10:01:30Z INFO CommandSettings] Flag 'ephemeral': 'False'
[2023-08-01 10:01:30Z INFO CommandSettings] Arg 'name': ''
[2023-08-01 10:01:30Z INFO CommandSettings] Flag 'unattended': 'False'
[2023-08-01 10:01:30Z INFO PromptManager] ReadValue
[2023-08-01 10:01:30Z INFO Terminal] WRITE: Enter the name of runner: 
[2023-08-01 10:01:30Z INFO Terminal] WRITE: [press Enter for MacBook-Air-de-Faisceaume] 
[2023-08-01 10:01:30Z INFO Terminal] READ LINE
[2023-08-01 10:01:44Z INFO Terminal] Read value: 'test-deployment-runner'
[2023-08-01 10:01:44Z INFO Terminal] WRITE LINE: 
[2023-08-01 10:01:44Z INFO CommandSettings] Arg 'labels': ''
[2023-08-01 10:01:44Z INFO CommandSettings] Flag 'unattended': 'False'
[2023-08-01 10:01:44Z INFO PromptManager] ReadValue
[2023-08-01 10:01:44Z INFO Terminal] WRITE: This runner will have the following labels: 'self-hosted', 'macOS', 'X64' 
Enter any additional labels (ex. label-1,label-2): 
[2023-08-01 10:01:44Z INFO Terminal] WRITE: [press Enter to skip] 
[2023-08-01 10:01:44Z INFO Terminal] READ LINE
[2023-08-01 10:01:57Z INFO Terminal] Read value: ''
[2023-08-01 10:01:57Z INFO Terminal] WRITE LINE: 
[2023-08-01 10:01:58Z INFO CommandSettings] Flag 'disableupdate': 'False'
[2023-08-01 10:01:58Z INFO CommandSettings] Flag 'no-default-labels': 'False'
[2023-08-01 10:01:59Z INFO CommandSettings] Flag 'disableupdate': 'False'
[2023-08-01 10:01:59Z INFO CommandSettings] Flag 'ephemeral': 'False'
[2023-08-01 10:01:59Z INFO ConfigurationStore] Saving OAuth credential @ /Users/faisceaume/Desktop/Steeve/test-deployment/actions-runner/.credentials
[2023-08-01 10:01:59Z INFO ConfigurationStore] Credentials Saved.
[2023-08-01 10:01:59Z INFO ConfigurationStore] HasCredentials()
[2023-08-01 10:01:59Z INFO ConfigurationStore] stored True
[2023-08-01 10:01:59Z INFO CredentialManager] GetCredentialProvider
[2023-08-01 10:01:59Z INFO CredentialManager] Creating type OAuth
[2023-08-01 10:01:59Z INFO CredentialManager] Creating credential type: OAuth
[2023-08-01 10:01:59Z INFO RSAFileKeyManager] Loading RSA key parameters from file /Users/faisceaume/Desktop/Steeve/test-deployment/actions-runner/.credentials_rsaparams
[2023-08-01 10:01:59Z INFO RunnerServer] EstablishVssConnection
[2023-08-01 10:01:59Z INFO RunnerServer] Establish connection with 100 seconds timeout.
[2023-08-01 10:01:59Z INFO GitHubActionsService] Starting operation Location.GetConnectionData
[2023-08-01 10:01:59Z INFO RunnerServer] EstablishVssConnection
[2023-08-01 10:01:59Z INFO RunnerServer] Establish connection with 60 seconds timeout.
[2023-08-01 10:01:59Z INFO GitHubActionsService] Starting operation Location.GetConnectionData
[2023-08-01 10:01:59Z INFO RunnerServer] EstablishVssConnection
[2023-08-01 10:01:59Z INFO RunnerServer] Establish connection with 60 seconds timeout.
[2023-08-01 10:01:59Z INFO GitHubActionsService] Starting operation Location.GetConnectionData
[2023-08-01 10:01:59Z INFO GitHubActionsService] Finished operation Location.GetConnectionData
[2023-08-01 10:01:59Z INFO GitHubActionsService] Finished operation Location.GetConnectionData
[2023-08-01 10:02:00Z INFO GitHubActionsService] Finished operation Location.GetConnectionData
[2023-08-01 10:02:00Z INFO RSAFileKeyManager] Loading RSA key parameters from file /Users/faisceaume/Desktop/Steeve/test-deployment/actions-runner/.credentials_rsaparams
[2023-08-01 10:02:00Z INFO RSAFileKeyManager] Loading RSA key parameters from file /Users/faisceaume/Desktop/Steeve/test-deployment/actions-runner/.credentials_rsaparams
[2023-08-01 10:02:00Z INFO GitHubActionsService] AAD Correlation ID for this token request: Unknown
[2023-08-01 10:02:01Z INFO CommandSettings] Arg 'work': ''
[2023-08-01 10:02:01Z INFO CommandSettings] Flag 'unattended': 'False'
[2023-08-01 10:02:01Z INFO PromptManager] ReadValue
[2023-08-01 10:02:01Z INFO Terminal] WRITE: Enter name of work folder: 
[2023-08-01 10:02:01Z INFO Terminal] WRITE: [press Enter for _work] 
[2023-08-01 10:02:01Z INFO Terminal] READ LINE
[2023-08-01 10:02:09Z INFO Terminal] Read value: ''
[2023-08-01 10:02:09Z INFO PromptManager] Falling back to the default: '_work'
[2023-08-01 10:02:09Z INFO ConfigurationStore] Saving runner settings.
[2023-08-01 10:02:09Z INFO ConfigurationStore] Settings Saved.
[2023-08-01 10:02:09Z INFO Terminal] WRITE LINE: 
[2023-08-01 10:02:09Z INFO Terminal] WRITE LINE: 
[2023-08-01 10:02:09Z INFO OsxServiceControlManager] Service name 'actions.runner.ivan-oule-test-deployment.test-deployment-runner' display name 'GitHub Actions Runner (ivan-oule-test-deployment.test-deployment-runner)' will be used for service configuration.
[2023-08-01 10:02:09Z INFO HostContext] Well known directory 'Bin': '/Users/faisceaume/Desktop/Steeve/test-deployment/actions-runner/bin'
[2023-08-01 10:02:09Z INFO HostContext] Well known directory 'Root': '/Users/faisceaume/Desktop/Steeve/test-deployment/actions-runner'
[2023-08-01 10:02:09Z INFO HostContext] Well known directory 'Bin': '/Users/faisceaume/Desktop/Steeve/test-deployment/actions-runner/bin'
[2023-08-01 10:02:09Z INFO HostContext] Well known directory 'Bin': '/Users/faisceaume/Desktop/Steeve/test-deployment/actions-runner/bin'
[2023-08-01 10:02:09Z INFO HostContext] Well known directory 'Root': '/Users/faisceaume/Desktop/Steeve/test-deployment/actions-runner'
[2023-08-01 10:02:09Z INFO UnixUtil] Which: 'chmod'
[2023-08-01 10:02:09Z INFO UnixUtil] Location: '/bin/chmod'
[2023-08-01 10:02:09Z INFO UnixUtil] Running /bin/chmod 755 "/Users/faisceaume/Desktop/Steeve/test-deployment/actions-runner/svc.sh"
[2023-08-01 10:02:09Z INFO ProcessInvokerWrapper] Starting process:
[2023-08-01 10:02:09Z INFO ProcessInvokerWrapper]   File name: '/bin/chmod'
[2023-08-01 10:02:09Z INFO ProcessInvokerWrapper]   Arguments: '755 "/Users/faisceaume/Desktop/Steeve/test-deployment/actions-runner/svc.sh"'
[2023-08-01 10:02:09Z INFO ProcessInvokerWrapper]   Working directory: '/Users/faisceaume/Desktop/Steeve/test-deployment/actions-runner'
[2023-08-01 10:02:09Z INFO ProcessInvokerWrapper]   Require exit code zero: 'True'
[2023-08-01 10:02:09Z INFO ProcessInvokerWrapper]   Encoding web name:  ; code page: ''
[2023-08-01 10:02:09Z INFO ProcessInvokerWrapper]   Force kill process on cancellation: 'False'
[2023-08-01 10:02:09Z INFO ProcessInvokerWrapper]   Redirected STDIN: 'False'
[2023-08-01 10:02:09Z INFO ProcessInvokerWrapper]   Persist current code page: 'False'
[2023-08-01 10:02:09Z INFO ProcessInvokerWrapper]   Keep redirected STDIN open: 'False'
[2023-08-01 10:02:09Z INFO ProcessInvokerWrapper]   High priority process: 'False'
[2023-08-01 10:02:09Z INFO ProcessInvokerWrapper] Process started with process id 54268, waiting for process exit.
[2023-08-01 10:02:09Z INFO ProcessInvokerWrapper] STDOUT/STDERR stream read finished.
[2023-08-01 10:02:09Z INFO ProcessInvokerWrapper] STDOUT/STDERR stream read finished.
[2023-08-01 10:02:09Z INFO ProcessInvokerWrapper] Finished process 54268 with exit code 0, and elapsed time 00:00:00.0215201.
[2023-08-01 10:02:09Z INFO Listener] Runner execution has finished with return code 0
