[2023-08-01 17:58:14Z INFO HostContext] No proxy settings were found based on environmental variables (http_proxy/https_proxy/HTTP_PROXY/HTTPS_PROXY)
[2023-08-01 17:58:14Z INFO HostContext] Well known directory 'Bin': '/Users/faisceaume/Desktop/Steeve/test-deployment/actions-runner/bin'
[2023-08-01 17:58:14Z INFO HostContext] Well known directory 'Root': '/Users/faisceaume/Desktop/Steeve/test-deployment/actions-runner'
[2023-08-01 17:58:14Z INFO HostContext] Well known config file 'Credentials': '/Users/faisceaume/Desktop/Steeve/test-deployment/actions-runner/.credentials'
[2023-08-01 17:58:14Z INFO HostContext] Well known directory 'Bin': '/Users/faisceaume/Desktop/Steeve/test-deployment/actions-runner/bin'
[2023-08-01 17:58:14Z INFO HostContext] Well known directory 'Root': '/Users/faisceaume/Desktop/Steeve/test-deployment/actions-runner'
[2023-08-01 17:58:14Z INFO HostContext] Well known config file 'Runner': '/Users/faisceaume/Desktop/Steeve/test-deployment/actions-runner/.runner'
[2023-08-01 17:58:14Z INFO Worker] Version: 2.307.1
[2023-08-01 17:58:14Z INFO Worker] Commit: 2a7e9ad3a7574c9c3e72b8cf7cf2e19c129d2ca8
[2023-08-01 17:58:14Z INFO Worker] Culture: fr-FR
[2023-08-01 17:58:14Z INFO Worker] UI Culture: fr-FR
[2023-08-01 17:58:14Z INFO Worker] Waiting to receive the job message from the channel.
[2023-08-01 17:58:14Z INFO ProcessChannel] Receiving message of length 21963, with hash 'd230997e48bc04483b2179ac6a2c94f6637d18d7e4e057d2b9b63ed6528000de'
[2023-08-01 17:58:14Z INFO Worker] Message received.
[2023-08-01 17:58:15Z INFO Worker] Job message:
 {
  "fileTable": [
    ".github/workflows/node.js.yml"
  ],
  "mask": [
    {
      "type": "regex",
      "value": "***"
    },
    {
      "type": "regex",
      "value": "***"
    },
    {
      "type": "regex",
      "value": "***"
    },
    {
      "type": "regex",
      "value": "***"
    },
    {
      "type": "regex",
      "value": "***"
    },
    {
      "type": "regex",
      "value": "***"
    },
    {
      "type": "regex",
      "value": "***"
    },
    {
      "type": "regex",
      "value": "***"
    },
    {
      "type": "regex",
      "value": "***"
    },
    {
      "type": "regex",
      "value": "***"
    }
  ],
  "steps": [
    {
      "type": "action",
      "reference": {
        "type": "repository",
        "name": "actions/checkout",
        "ref": "v3",
        "repositoryType": "GitHub",
        "path": ""
      },
      "contextName": "__actions_checkout",
      "condition": "success()",
      "id": "5d7618ff-3bb2-5757-b1b5-7570fdc92efe",
      "name": "__actions_checkout"
    },
    {
      "type": "action",
      "reference": {
        "type": "repository",
        "name": "actions/setup-node",
        "ref": "v3",
        "repositoryType": "GitHub",
        "path": ""
      },
      "displayNameToken": {
        "type": 3,
        "file": 1,
        "line": 22,
        "col": 13,
        "expr": "format('Use Node.js {0}', matrix.node-version)"
      },
      "contextName": "__actions_setup-node",
      "inputs": {
        "type": 2,
        "file": 1,
        "line": 25,
        "col": 9,
        "map": [
          {
            "key": {
              "type": 0,
              "file": 1,
              "line": 25,
              "col": 9,
              "lit": "node-version"
            },
            "value": {
              "type": 3,
              "file": 1,
              "line": 25,
              "col": 23,
              "expr": "matrix.node-version"
            }
          },
          {
            "key": {
              "type": 0,
              "file": 1,
              "line": 26,
              "col": 9,
              "lit": "cache"
            },
            "value": {
              "type": 0,
              "file": 1,
              "line": 26,
              "col": 16,
              "lit": "npm"
            }
          }
        ]
      },
      "condition": "success()",
      "id": "43899a0a-62a9-593f-df0f-106bff2bdd16",
      "name": "__actions_setup-node"
    },
    {
      "type": "action",
      "reference": {
        "type": "script"
      },
      "contextName": "__run",
      "inputs": {
        "type": 2,
        "map": [
          {
            "key": "script",
            "value": {
              "type": 0,
              "file": 1,
              "line": 27,
              "col": 12,
              "lit": "npm i"
            }
          }
        ]
      },
      "condition": "success()",
      "id": "d2d6f2f0-0657-5411-093d-6c259624ba97",
      "name": "__run"
    },
    {
      "type": "action",
      "reference": {
        "type": "script"
      },
      "contextName": "__run_2",
      "inputs": {
        "type": 2,
        "map": [
          {
            "key": "script",
            "value": {
              "type": 0,
              "file": 1,
              "line": 28,
              "col": 12,
              "lit": "npm run build --if-present"
            }
          }
        ]
      },
      "condition": "success()",
      "id": "1e48a434-37ad-5f8f-0861-6fd8aebe4c99",
      "name": "__run_2"
    },
    {
      "type": "action",
      "reference": {
        "type": "script"
      },
      "contextName": "__run_3",
      "inputs": {
        "type": 2,
        "map": [
          {
            "key": "script",
            "value": {
              "type": 0,
              "file": 1,
              "line": 29,
              "col": 12,
              "lit": "npm start -o"
            }
          }
        ]
      },
      "condition": "success()",
      "id": "205f3bb5-a40b-5a73-93b4-0bf6bece9eca",
      "name": "__run_3"
    }
  ],
  "variables": {
    "system.isScheduled": {
      "value": "False"
    },
    "system.servertype": {
      "value": "Hosted"
    },
    "system.culture": {
      "value": ""
    },
    "system.pipelineStartTime": {
      "value": "2023-08-01 17:58:11+00:00"
    },
    "system.runner.lowdiskspacethreshold": {
      "value": "100"
    },
    "DistributedTask.NewActionMetadata": {
      "value": "true"
    },
    "DistributedTask.EnableCompositeActions": {
      "value": "true"
    },
    "DistributedTask.EnhancedAnnotations": {
      "value": "true"
    },
    "DistributedTask.UploadStepSummary": {
      "value": "true"
    },
    "DistributedTask.ForceGithubJavascriptActionsToNode16": {
      "value": "true"
    },
    "DistributedTask.AddWarningToNode12Action": {
      "value": "true"
    },
    "DistributedTask.LogTemplateErrorsAsDebugMessages": {
      "value": "true"
    },
    "DistributedTask.AllowRunnerContainerHooks": {
      "value": "true"
    },
    "DistributedTask.DeprecateStepOutputCommands": {
      "value": "true"
    },
    "system.teamProjectId": {
      "value": "00000000-0000-0000-0000-000000000000"
    },
    "build.buildId": {
      "value": "14"
    },
    "build.containerId": {
      "value": "7045240"
    },
    "system.workflowFilePath": {
      "value": ".github/workflows/node.js.yml"
    },
    "system.phaseDisplayName": {
      "value": "build"
    },
    "system.phaseId": {
      "value": "6884a131-87da-5381-61f3-d7acc3b91d76"
    },
    "system.phaseName": {
      "value": "build"
    },
    "system.phaseAttempt": {
      "value": "1"
    },
    "system.jobIdentifier": {
      "value": "build._18_x"
    },
    "system.jobAttempt": {
      "value": "1"
    },
    "System.JobPositionInPhase": {
      "value": "1"
    },
    "System.TotalJobsInPhase": {
      "value": "1"
    },
    "system.github.job": {
      "value": "build"
    },
    "system.jobDisplayName": {
      "value": "build (18.x)"
    },
    "system.jobId": {
      "value": "6621f301-ad18-5d46-97dd-869f4cb20c65"
    },
    "system.jobName": {
      "value": "_18_x"
    },
    "system.github.token.permissions": {
      "value": "{\"Contents\":\"read\",\"Metadata\":\"read\",\"Packages\":\"read\"}"
    },
    "system.github.token": {
      "value": "***",
      "isSecret": true
    },
    "system.runnerEnvironment": {
      "value": "self-hosted"
    },
    "system.orchestrationId": {
      "value": "e670b6db-ebfc-42ee-9b66-3b11eca0aacc.build._18_x"
    },
    "system.runnerGroupName": {
      "value": "Default"
    }
  },
  "messageType": "PipelineAgentJobRequest",
  "plan": {
    "scopeIdentifier": "00000000-0000-0000-0000-000000000000",
    "planType": "Actions",
    "version": 32,
    "planId": "e670b6db-ebfc-42ee-9b66-3b11eca0aacc",
    "planGroup": "Actions:00000000-0000-0000-0000-000000000000:1",
    "artifactUri": "vstfs:///Build/Build/14",
    "artifactLocation": null,
    "definition": {
      "_links": {},
      "id": 3,
      "name": "test-deployment"
    },
    "owner": {
      "_links": {},
      "id": 3,
      "name": "ivan-oule"
    }
  },
  "timeline": {
    "id": "e670b6db-ebfc-42ee-9b66-3b11eca0aacc",
    "changeId": 0,
    "location": null
  },
  "jobId": "6621f301-ad18-5d46-97dd-869f4cb20c65",
  "jobDisplayName": "build (18.x)",
  "jobName": "_18_x",
  "requestId": 14,
  "lockedUntil": "0001-01-01T00:00:00",
  "resources": {
    "endpoints": [
      {
        "data": {
          "ServerId": "38be093c-7aa3-4f36-a916-f71e4200ec00",
          "ServerName": "TxlRNefpBS9a2M795nHVt8jo05KxUXjlmKdyPgDvJybOrShnnE",
          "CacheServerUrl": "https://artifactcache.actions.githubusercontent.com/TxlRNefpBS9a2M795nHVt8jo05KxUXjlmKdyPgDvJybOrShnnE/",
          "FeedStreamUrl": "https://pipelines.actions.githubusercontent.com/TxlRNefpBS9a2M795nHVt8jo05KxUXjlmKdyPgDvJybOrShnnE/00000000-0000-0000-0000-000000000000/_apis/distributedtask/hubs/Actions/plans/e670b6db-ebfc-42ee-9b66-3b11eca0aacc/timelines/e670b6db-ebfc-42ee-9b66-3b11eca0aacc/records/6621f301-ad18-5d46-97dd-869f4cb20c65/feedstream?api-version=6.0-preview",
          "ConnectivityChecks": "[\"https://acghubeus0.actions.githubusercontent.com/_apis/health\"]"
        },
        "name": "SystemVssConnection",
        "url": "https://pipelines.actions.githubusercontent.com/TxlRNefpBS9a2M795nHVt8jo05KxUXjlmKdyPgDvJybOrShnnE/",
        "authorization": {
          "parameters": {
            "AccessToken": ***
          },
          "scheme": "OAuth"
        },
        "isShared": false,
        "isReady": true
      }
    ]
  },
  "contextData": {
    "github": {
      "t": 2,
      "d": [
        {
          "k": "ref",
          "v": "refs/heads/master"
        },
        {
          "k": "sha",
          "v": "9e62f8eafdfcb3ed2151f9046a1d9b0cd5699ae8"
        },
        {
          "k": "repository",
          "v": "ivan-oule/test-deployment"
        },
        {
          "k": "repository_owner",
          "v": "ivan-oule"
        },
        {
          "k": "repository_owner_id",
          "v": "124382590"
        },
        {
          "k": "repositoryUrl",
          "v": "git://github.com/ivan-oule/test-deployment.git"
        },
        {
          "k": "run_id",
          "v": "5730219273"
        },
        {
          "k": "run_number",
          "v": "5"
        },
        {
          "k": "retention_days",
          "v": "90"
        },
        {
          "k": "run_attempt",
          "v": "1"
        },
        {
          "k": "artifact_cache_size_limit",
          "v": "10"
        },
        {
          "k": "repository_visibility",
          "v": "public"
        },
        {
          "k": "repo-self-hosted-runners-disabled",
          "v": false
        },
        {
          "k": "repository_id",
          "v": "671917752"
        },
        {
          "k": "actor_id",
          "v": "124382590"
        },
        {
          "k": "actor",
          "v": "ivan-oule"
        },
        {
          "k": "triggering_actor",
          "v": "ivan-oule"
        },
        {
          "k": "workflow",
          "v": "testA Node.js CI"
        },
        {
          "k": "head_ref",
          "v": ""
        },
        {
          "k": "base_ref",
          "v": ""
        },
        {
          "k": "event_name",
          "v": "push"
        },
        {
          "k": "event",
          "v": {
            "t": 2,
            "d": [
              {
                "k": "after",
                "v": "9e62f8eafdfcb3ed2151f9046a1d9b0cd5699ae8"
              },
              {
                "k": "base_ref",
                "v": null
              },
              {
                "k": "before",
                "v": "aabfa368538792077822a8678b85d39ba9335360"
              },
              {
                "k": "commits",
                "v": {
                  "t": 1,
                  "a": [
                    {
                      "t": 2,
                      "d": [
                        {
                          "k": "author",
                          "v": {
                            "t": 2,
                            "d": [
                              {
                                "k": "email",
                                "v": "ivan.oule75@gmail.com"
                              },
                              {
                                "k": "name",
                                "v": "Ivan OULE"
                              },
                              {
                                "k": "username",
                                "v": "ivan-oule"
                              }
                            ]
                          }
                        },
                        {
                          "k": "committer",
                          "v": {
                            "t": 2,
                            "d": [
                              {
                                "k": "email",
                                "v": "ivan.oule75@gmail.com"
                              },
                              {
                                "k": "name",
                                "v": "Ivan OULE"
                              },
                              {
                                "k": "username",
                                "v": "ivan-oule"
                              }
                            ]
                          }
                        },
                        {
                          "k": "distinct",
                          "v": true
                        },
                        {
                          "k": "id",
                          "v": "9e62f8eafdfcb3ed2151f9046a1d9b0cd5699ae8"
                        },
                        {
                          "k": "message",
                          "v": "auto deploy config OK"
                        },
                        {
                          "k": "timestamp",
                          "v": "2023-08-01T17:57:55Z"
                        },
                        {
                          "k": "tree_id",
                          "v": "0e21bc9c62178771695ce620b1f7301891f0e992"
                        },
                        {
                          "k": "url",
                          "v": "https://github.com/ivan-oule/test-deployment/commit/9e62f8eafdfcb3ed2151f9046a1d9b0cd5699ae8"
                        }
                      ]
                    }
                  ]
                }
              },
              {
                "k": "compare",
                "v": "https://github.com/ivan-oule/test-deployment/compare/aabfa3685387...9e62f8eafdfc"
              },
              {
                "k": "created",
                "v": false
              },
              {
                "k": "deleted",
                "v": false
              },
              {
                "k": "forced",
                "v": false
              },
              {
                "k": "head_commit",
                "v": {
                  "t": 2,
                  "d": [
                    {
                      "k": "author",
                      "v": {
                        "t": 2,
                        "d": [
                          {
                            "k": "email",
                            "v": "ivan.oule75@gmail.com"
                          },
                          {
                            "k": "name",
                            "v": "Ivan OULE"
                          },
                          {
                            "k": "username",
                            "v": "ivan-oule"
                          }
                        ]
                      }
                    },
                    {
                      "k": "committer",
                      "v": {
                        "t": 2,
                        "d": [
                          {
                            "k": "email",
                            "v": "ivan.oule75@gmail.com"
                          },
                          {
                            "k": "name",
                            "v": "Ivan OULE"
                          },
                          {
                            "k": "username",
                            "v": "ivan-oule"
                          }
                        ]
                      }
                    },
                    {
                      "k": "distinct",
                      "v": true
                    },
                    {
                      "k": "id",
                      "v": "9e62f8eafdfcb3ed2151f9046a1d9b0cd5699ae8"
                    },
                    {
                      "k": "message",
                      "v": "auto deploy config OK"
                    },
                    {
                      "k": "timestamp",
                      "v": "2023-08-01T17:57:55Z"
                    },
                    {
                      "k": "tree_id",
                      "v": "0e21bc9c62178771695ce620b1f7301891f0e992"
                    },
                    {
                      "k": "url",
                      "v": "https://github.com/ivan-oule/test-deployment/commit/9e62f8eafdfcb3ed2151f9046a1d9b0cd5699ae8"
                    }
                  ]
                }
              },
              {
                "k": "pusher",
                "v": {
                  "t": 2,
                  "d": [
                    {
                      "k": "email",
                      "v": "124382590+ivan-oule@users.noreply.github.com"
                    },
                    {
                      "k": "name",
                      "v": "ivan-oule"
                    }
                  ]
                }
              },
              {
                "k": "ref",
                "v": "refs/heads/master"
              },
              {
                "k": "repository",
                "v": {
                  "t": 2,
                  "d": [
                    {
                      "k": "allow_forking",
                      "v": true
                    },
                    {
                      "k": "archive_url",
                      "v": "https://api.github.com/repos/ivan-oule/test-deployment/{archive_format}{/ref}"
                    },
                    {
                      "k": "archived",
                      "v": false
                    },
                    {
                      "k": "assignees_url",
                      "v": "https://api.github.com/repos/ivan-oule/test-deployment/assignees{/user}"
                    },
                    {
                      "k": "blobs_url",
                      "v": "https://api.github.com/repos/ivan-oule/test-deployment/git/blobs{/sha}"
                    },
                    {
                      "k": "branches_url",
                      "v": "https://api.github.com/repos/ivan-oule/test-deployment/branches{/branch}"
                    },
                    {
                      "k": "clone_url",
                      "v": "https://github.com/ivan-oule/test-deployment.git"
                    },
                    {
                      "k": "collaborators_url",
                      "v": "https://api.github.com/repos/ivan-oule/test-deployment/collaborators{/collaborator}"
                    },
                    {
                      "k": "comments_url",
                      "v": "https://api.github.com/repos/ivan-oule/test-deployment/comments{/number}"
                    },
                    {
                      "k": "commits_url",
                      "v": "https://api.github.com/repos/ivan-oule/test-deployment/commits{/sha}"
                    },
                    {
                      "k": "compare_url",
                      "v": "https://api.github.com/repos/ivan-oule/test-deployment/compare/{base}...{head}"
                    },
                    {
                      "k": "contents_url",
                      "v": "https://api.github.com/repos/ivan-oule/test-deployment/contents/{+path}"
                    },
                    {
                      "k": "contributors_url",
                      "v": "https://api.github.com/repos/ivan-oule/test-deployment/contributors"
                    },
                    {
                      "k": "created_at",
                      "v": 1690548544.0
                    },
                    {
                      "k": "default_branch",
                      "v": "master"
                    },
                    {
                      "k": "deployments_url",
                      "v": "https://api.github.com/repos/ivan-oule/test-deployment/deployments"
                    },
                    {
                      "k": "description",
                      "v": null
                    },
                    {
                      "k": "disabled",
                      "v": false
                    },
                    {
                      "k": "downloads_url",
                      "v": "https://api.github.com/repos/ivan-oule/test-deployment/downloads"
                    },
                    {
                      "k": "events_url",
                      "v": "https://api.github.com/repos/ivan-oule/test-deployment/events"
                    },
                    {
                      "k": "fork",
                      "v": false
                    },
                    {
                      "k": "forks",
                      "v": 0.0
                    },
                    {
                      "k": "forks_count",
                      "v": 0.0
                    },
                    {
                      "k": "forks_url",
                      "v": "https://api.github.com/repos/ivan-oule/test-deployment/forks"
                    },
                    {
                      "k": "full_name",
                      "v": "ivan-oule/test-deployment"
                    },
                    {
                      "k": "git_commits_url",
                      "v": "https://api.github.com/repos/ivan-oule/test-deployment/git/commits{/sha}"
                    },
                    {
                      "k": "git_refs_url",
                      "v": "https://api.github.com/repos/ivan-oule/test-deployment/git/refs{/sha}"
                    },
                    {
                      "k": "git_tags_url",
                      "v": "https://api.github.com/repos/ivan-oule/test-deployment/git/tags{/sha}"
                    },
                    {
                      "k": "git_url",
                      "v": "git://github.com/ivan-oule/test-deployment.git"
                    },
                    {
                      "k": "has_discussions",
                      "v": false
                    },
                    {
                      "k": "has_downloads",
                      "v": true
                    },
                    {
                      "k": "has_issues",
                      "v": true
                    },
                    {
                      "k": "has_pages",
                      "v": false
                    },
                    {
                      "k": "has_projects",
                      "v": true
                    },
                    {
                      "k": "has_wiki",
                      "v": true
                    },
                    {
                      "k": "homepage",
                      "v": null
                    },
                    {
                      "k": "hooks_url",
                      "v": "https://api.github.com/repos/ivan-oule/test-deployment/hooks"
                    },
                    {
                      "k": "html_url",
                      "v": "https://github.com/ivan-oule/test-deployment"
                    },
                    {
                      "k": "id",
                      "v": 671917752.0
                    },
                    {
                      "k": "is_template",
                      "v": false
                    },
                    {
                      "k": "issue_comment_url",
                      "v": "https://api.github.com/repos/ivan-oule/test-deployment/issues/comments{/number}"
                    },
                    {
                      "k": "issue_events_url",
                      "v": "https://api.github.com/repos/ivan-oule/test-deployment/issues/events{/number}"
                    },
                    {
                      "k": "issues_url",
                      "v": "https://api.github.com/repos/ivan-oule/test-deployment/issues{/number}"
                    },
                    {
                      "k": "keys_url",
                      "v": "https://api.github.com/repos/ivan-oule/test-deployment/keys{/key_id}"
                    },
                    {
                      "k": "labels_url",
                      "v": "https://api.github.com/repos/ivan-oule/test-deployment/labels{/name}"
                    },
                    {
                      "k": "language",
                      "v": "C"
                    },
                    {
                      "k": "languages_url",
                      "v": "https://api.github.com/repos/ivan-oule/test-deployment/languages"
                    },
                    {
                      "k": "license",
                      "v": null
                    },
                    {
                      "k": "master_branch",
                      "v": "master"
                    },
                    {
                      "k": "merges_url",
                      "v": "https://api.github.com/repos/ivan-oule/test-deployment/merges"
                    },
                    {
                      "k": "milestones_url",
                      "v": "https://api.github.com/repos/ivan-oule/test-deployment/milestones{/number}"
                    },
                    {
                      "k": "mirror_url",
                      "v": null
                    },
                    {
                      "k": "name",
                      "v": "test-deployment"
                    },
                    {
                      "k": "node_id",
                      "v": "R_kgDOKAymuA"
                    },
                    {
                      "k": "notifications_url",
                      "v": "https://api.github.com/repos/ivan-oule/test-deployment/notifications{?since,all,participating}"
                    },
                    {
                      "k": "open_issues",
                      "v": 0.0
                    },
                    {
                      "k": "open_issues_count",
                      "v": 0.0
                    },
                    {
                      "k": "owner",
                      "v": {
                        "t": 2,
                        "d": [
                          {
                            "k": "avatar_url",
                            "v": "https://avatars.githubusercontent.com/u/124382590?v=4"
                          },
                          {
                            "k": "email",
                            "v": "124382590+ivan-oule@users.noreply.github.com"
                          },
                          {
                            "k": "events_url",
                            "v": "https://api.github.com/users/ivan-oule/events{/privacy}"
                          },
                          {
                            "k": "followers_url",
                            "v": "https://api.github.com/users/ivan-oule/followers"
                          },
                          {
                            "k": "following_url",
                            "v": "https://api.github.com/users/ivan-oule/following{/other_user}"
                          },
                          {
                            "k": "gists_url",
                            "v": "https://api.github.com/users/ivan-oule/gists{/gist_id}"
                          },
                          {
                            "k": "gravatar_id",
                            "v": ""
                          },
                          {
                            "k": "html_url",
                            "v": "https://github.com/ivan-oule"
                          },
                          {
                            "k": "id",
                            "v": 124382590.0
                          },
                          {
                            "k": "login",
                            "v": "ivan-oule"
                          },
                          {
                            "k": "name",
                            "v": "ivan-oule"
                          },
                          {
                            "k": "node_id",
                            "v": "U_kgDOB2ntfg"
                          },
                          {
                            "k": "organizations_url",
                            "v": "https://api.github.com/users/ivan-oule/orgs"
                          },
                          {
                            "k": "received_events_url",
                            "v": "https://api.github.com/users/ivan-oule/received_events"
                          },
                          {
                            "k": "repos_url",
                            "v": "https://api.github.com/users/ivan-oule/repos"
                          },
                          {
                            "k": "site_admin",
                            "v": false
                          },
                          {
                            "k": "starred_url",
                            "v": "https://api.github.com/users/ivan-oule/starred{/owner}{/repo}"
                          },
                          {
                            "k": "subscriptions_url",
                            "v": "https://api.github.com/users/ivan-oule/subscriptions"
                          },
                          {
                            "k": "type",
                            "v": "User"
                          },
                          {
                            "k": "url",
                            "v": "https://api.github.com/users/ivan-oule"
                          }
                        ]
                      }
                    },
                    {
                      "k": "private",
                      "v": false
                    },
                    {
                      "k": "pulls_url",
                      "v": "https://api.github.com/repos/ivan-oule/test-deployment/pulls{/number}"
                    },
                    {
                      "k": "pushed_at",
                      "v": 1690912687.0
                    },
                    {
                      "k": "releases_url",
                      "v": "https://api.github.com/repos/ivan-oule/test-deployment/releases{/id}"
                    },
                    {
                      "k": "size",
                      "v": 192240.0
                    },
                    {
                      "k": "ssh_url",
                      "v": "git@github.com:ivan-oule/test-deployment.git"
                    },
                    {
                      "k": "stargazers",
                      "v": 0.0
                    },
                    {
                      "k": "stargazers_count",
                      "v": 0.0
                    },
                    {
                      "k": "stargazers_url",
                      "v": "https://api.github.com/repos/ivan-oule/test-deployment/stargazers"
                    },
                    {
                      "k": "statuses_url",
                      "v": "https://api.github.com/repos/ivan-oule/test-deployment/statuses/{sha}"
                    },
                    {
                      "k": "subscribers_url",
                      "v": "https://api.github.com/repos/ivan-oule/test-deployment/subscribers"
                    },
                    {
                      "k": "subscription_url",
                      "v": "https://api.github.com/repos/ivan-oule/test-deployment/subscription"
                    },
                    {
                      "k": "svn_url",
                      "v": "https://github.com/ivan-oule/test-deployment"
                    },
                    {
                      "k": "tags_url",
                      "v": "https://api.github.com/repos/ivan-oule/test-deployment/tags"
                    },
                    {
                      "k": "teams_url",
                      "v": "https://api.github.com/repos/ivan-oule/test-deployment/teams"
                    },
                    {
                      "k": "topics",
                      "v": {
                        "t": 1
                      }
                    },
                    {
                      "k": "trees_url",
                      "v": "https://api.github.com/repos/ivan-oule/test-deployment/git/trees{/sha}"
                    },
                    {
                      "k": "updated_at",
                      "v": "2023-08-01T11:06:26Z"
                    },
                    {
                      "k": "url",
                      "v": "https://github.com/ivan-oule/test-deployment"
                    },
                    {
                      "k": "visibility",
                      "v": "public"
                    },
                    {
                      "k": "watchers",
                      "v": 0.0
                    },
                    {
                      "k": "watchers_count",
                      "v": 0.0
                    },
                    {
                      "k": "web_commit_signoff_required",
                      "v": false
                    }
                  ]
                }
              },
              {
                "k": "sender",
                "v": {
                  "t": 2,
                  "d": [
                    {
                      "k": "avatar_url",
                      "v": "https://avatars.githubusercontent.com/u/124382590?v=4"
                    },
                    {
                      "k": "events_url",
                      "v": "https://api.github.com/users/ivan-oule/events{/privacy}"
                    },
                    {
                      "k": "followers_url",
                      "v": "https://api.github.com/users/ivan-oule/followers"
                    },
                    {
                      "k": "following_url",
                      "v": "https://api.github.com/users/ivan-oule/following{/other_user}"
                    },
                    {
                      "k": "gists_url",
                      "v": "https://api.github.com/users/ivan-oule/gists{/gist_id}"
                    },
                    {
                      "k": "gravatar_id",
                      "v": ""
                    },
                    {
                      "k": "html_url",
                      "v": "https://github.com/ivan-oule"
                    },
                    {
                      "k": "id",
                      "v": 124382590.0
                    },
                    {
                      "k": "login",
                      "v": "ivan-oule"
                    },
                    {
                      "k": "node_id",
                      "v": "U_kgDOB2ntfg"
                    },
                    {
                      "k": "organizations_url",
                      "v": "https://api.github.com/users/ivan-oule/orgs"
                    },
                    {
                      "k": "received_events_url",
                      "v": "https://api.github.com/users/ivan-oule/received_events"
                    },
                    {
                      "k": "repos_url",
                      "v": "https://api.github.com/users/ivan-oule/repos"
                    },
                    {
                      "k": "site_admin",
                      "v": false
                    },
                    {
                      "k": "starred_url",
                      "v": "https://api.github.com/users/ivan-oule/starred{/owner}{/repo}"
                    },
                    {
                      "k": "subscriptions_url",
                      "v": "https://api.github.com/users/ivan-oule/subscriptions"
                    },
                    {
                      "k": "type",
                      "v": "User"
                    },
                    {
                      "k": "url",
                      "v": "https://api.github.com/users/ivan-oule"
                    }
                  ]
                }
              }
            ]
          }
        },
        {
          "k": "server_url",
          "v": "https://github.com"
        },
        {
          "k": "api_url",
          "v": "https://api.github.com"
        },
        {
          "k": "graphql_url",
          "v": "https://api.github.com/graphql"
        },
        {
          "k": "ref_name",
          "v": "master"
        },
        {
          "k": "ref_protected",
          "v": false
        },
        {
          "k": "ref_type",
          "v": "branch"
        },
        {
          "k": "secret_source",
          "v": "Actions"
        },
        {
          "k": "workflow_ref",
          "v": "ivan-oule/test-deployment/.github/workflows/node.js.yml@refs/heads/master"
        },
        {
          "k": "workflow_sha",
          "v": "9e62f8eafdfcb3ed2151f9046a1d9b0cd5699ae8"
        }
      ]
    },
    "partialrerun": false,
    "needs": {
      "t": 2
    },
    "vars": null,
    "inputs": {
      "t": 2
    },
    "matrix": {
      "t": 2,
      "d": [
        {
          "k": "node-version",
          "v": "18.x"
        }
      ]
    },
    "strategy": {
      "t": 2,
      "d": [
        {
          "k": "fail-fast",
          "v": true
        },
        {
          "k": "job-index",
          "v": 0.0
        },
        {
          "k": "job-total",
          "v": 1.0
        },
        {
          "k": "max-parallel",
          "v": 1.0
        }
      ]
    }
  }
}
[2023-08-01 17:58:15Z INFO JobRunner] Job ID 6621f301-ad18-5d46-97dd-869f4cb20c65
[2023-08-01 17:58:15Z INFO JobRunner] Creating job server with URL: https://pipelines.actions.githubusercontent.com/TxlRNefpBS9a2M795nHVt8jo05KxUXjlmKdyPgDvJybOrShnnE/
[2023-08-01 17:58:15Z INFO ConfigurationStore] currentAssemblyLocation: /Users/faisceaume/Desktop/Steeve/test-deployment/actions-runner/bin/Runner.Worker.dll
[2023-08-01 17:58:15Z INFO HostContext] Well known directory 'Bin': '/Users/faisceaume/Desktop/Steeve/test-deployment/actions-runner/bin'
[2023-08-01 17:58:15Z INFO ConfigurationStore] binPath: /Users/faisceaume/Desktop/Steeve/test-deployment/actions-runner/bin
[2023-08-01 17:58:15Z INFO HostContext] Well known directory 'Bin': '/Users/faisceaume/Desktop/Steeve/test-deployment/actions-runner/bin'
[2023-08-01 17:58:15Z INFO HostContext] Well known directory 'Root': '/Users/faisceaume/Desktop/Steeve/test-deployment/actions-runner'
[2023-08-01 17:58:15Z INFO ConfigurationStore] RootFolder: /Users/faisceaume/Desktop/Steeve/test-deployment/actions-runner
[2023-08-01 17:58:15Z INFO HostContext] Well known directory 'Bin': '/Users/faisceaume/Desktop/Steeve/test-deployment/actions-runner/bin'
[2023-08-01 17:58:15Z INFO HostContext] Well known directory 'Root': '/Users/faisceaume/Desktop/Steeve/test-deployment/actions-runner'
[2023-08-01 17:58:15Z INFO HostContext] Well known config file 'Runner': '/Users/faisceaume/Desktop/Steeve/test-deployment/actions-runner/.runner'
[2023-08-01 17:58:15Z INFO ConfigurationStore] ConfigFilePath: /Users/faisceaume/Desktop/Steeve/test-deployment/actions-runner/.runner
[2023-08-01 17:58:15Z INFO HostContext] Well known directory 'Bin': '/Users/faisceaume/Desktop/Steeve/test-deployment/actions-runner/bin'
[2023-08-01 17:58:15Z INFO HostContext] Well known directory 'Root': '/Users/faisceaume/Desktop/Steeve/test-deployment/actions-runner'
[2023-08-01 17:58:15Z INFO HostContext] Well known config file 'Credentials': '/Users/faisceaume/Desktop/Steeve/test-deployment/actions-runner/.credentials'
[2023-08-01 17:58:15Z INFO ConfigurationStore] CredFilePath: /Users/faisceaume/Desktop/Steeve/test-deployment/actions-runner/.credentials
[2023-08-01 17:58:15Z INFO HostContext] Well known directory 'Bin': '/Users/faisceaume/Desktop/Steeve/test-deployment/actions-runner/bin'
[2023-08-01 17:58:15Z INFO HostContext] Well known directory 'Root': '/Users/faisceaume/Desktop/Steeve/test-deployment/actions-runner'
[2023-08-01 17:58:15Z INFO HostContext] Well known config file 'MigratedCredentials': '/Users/faisceaume/Desktop/Steeve/test-deployment/actions-runner/.credentials_migrated'
[2023-08-01 17:58:15Z INFO ConfigurationStore] MigratedCredFilePath: /Users/faisceaume/Desktop/Steeve/test-deployment/actions-runner/.credentials_migrated
[2023-08-01 17:58:15Z INFO HostContext] Well known directory 'Bin': '/Users/faisceaume/Desktop/Steeve/test-deployment/actions-runner/bin'
[2023-08-01 17:58:15Z INFO HostContext] Well known directory 'Root': '/Users/faisceaume/Desktop/Steeve/test-deployment/actions-runner'
[2023-08-01 17:58:15Z INFO HostContext] Well known config file 'Service': '/Users/faisceaume/Desktop/Steeve/test-deployment/actions-runner/.service'
[2023-08-01 17:58:15Z INFO ConfigurationStore] ServiceConfigFilePath: /Users/faisceaume/Desktop/Steeve/test-deployment/actions-runner/.service
[2023-08-01 17:58:15Z INFO ConfigurationStore] Read setting file: 305 chars
[2023-08-01 17:58:15Z INFO GitHubActionsService] Starting operation Location.GetConnectionData
[2023-08-01 17:58:15Z INFO Worker] Listening for cancel message from the channel.
[2023-08-01 17:58:15Z INFO Worker] Waiting for the job to complete or for a cancel message from the channel.
[2023-08-01 17:58:16Z INFO GitHubActionsService] Finished operation Location.GetConnectionData
[2023-08-01 17:58:16Z INFO JobServer] Creating websocket client ...wss://pipelines.actions.githubusercontent.com/TxlRNefpBS9a2M795nHVt8jo05KxUXjlmKdyPgDvJybOrShnnE/00000000-0000-0000-0000-000000000000/_apis/distributedtask/hubs/Actions/plans/e670b6db-ebfc-42ee-9b66-3b11eca0aacc/timelines/e670b6db-ebfc-42ee-9b66-3b11eca0aacc/records/6621f301-ad18-5d46-97dd-869f4cb20c65/feedstream?api-version=6.0-preview
[2023-08-01 17:58:16Z INFO JobServer] Attempting to start websocket client with delay 00:00:00.
[2023-08-01 17:58:16Z INFO JobServerQueue] Start process web console line queue.
[2023-08-01 17:58:16Z INFO JobServerQueue] Start process file upload queue.
[2023-08-01 17:58:16Z INFO JobServerQueue] Start results file upload queue.
[2023-08-01 17:58:16Z INFO JobServerQueue] Starting results-based upload queue...
[2023-08-01 17:58:16Z INFO JobServerQueue] Start process timeline update queue.
[2023-08-01 17:58:16Z INFO ExecutionContext] Initialize GitHub context
[2023-08-01 17:58:16Z INFO ExecutionContext] Initialize Env context
[2023-08-01 17:58:16Z INFO HostContext] Well known directory 'Bin': '/Users/faisceaume/Desktop/Steeve/test-deployment/actions-runner/bin'
[2023-08-01 17:58:16Z INFO HostContext] Well known directory 'Root': '/Users/faisceaume/Desktop/Steeve/test-deployment/actions-runner'
[2023-08-01 17:58:16Z INFO HostContext] Well known directory 'Diag': '/Users/faisceaume/Desktop/Steeve/test-deployment/actions-runner/_diag'
[2023-08-01 17:58:16Z INFO HostContext] Well known directory 'Bin': '/Users/faisceaume/Desktop/Steeve/test-deployment/actions-runner/bin'
[2023-08-01 17:58:16Z INFO HostContext] Well known directory 'Root': '/Users/faisceaume/Desktop/Steeve/test-deployment/actions-runner'
[2023-08-01 17:58:16Z INFO HostContext] Well known directory 'Diag': '/Users/faisceaume/Desktop/Steeve/test-deployment/actions-runner/_diag'
[2023-08-01 17:58:16Z INFO JobRunner] Starting the job execution context.
[2023-08-01 17:58:16Z INFO HostContext] Well known directory 'Bin': '/Users/faisceaume/Desktop/Steeve/test-deployment/actions-runner/bin'
[2023-08-01 17:58:16Z INFO HostContext] Well known directory 'Root': '/Users/faisceaume/Desktop/Steeve/test-deployment/actions-runner'
[2023-08-01 17:58:16Z INFO HostContext] Well known directory 'Work': '/Users/faisceaume/Desktop/Steeve/test-deployment/actions-runner/_work'
[2023-08-01 17:58:16Z INFO JobRunner] Validating directory permissions for: '/Users/faisceaume/Desktop/Steeve/test-deployment/actions-runner/_work'
[2023-08-01 17:58:16Z INFO HostContext] Well known directory 'Bin': '/Users/faisceaume/Desktop/Steeve/test-deployment/actions-runner/bin'
[2023-08-01 17:58:16Z INFO HostContext] Well known directory 'Root': '/Users/faisceaume/Desktop/Steeve/test-deployment/actions-runner'
[2023-08-01 17:58:16Z INFO HostContext] Well known directory 'Work': '/Users/faisceaume/Desktop/Steeve/test-deployment/actions-runner/_work'
[2023-08-01 17:58:16Z INFO HostContext] Well known directory 'Tools': '/Users/faisceaume/Desktop/Steeve/test-deployment/actions-runner/_work/_tool'
[2023-08-01 17:58:16Z INFO HostContext] Well known directory 'Bin': '/Users/faisceaume/Desktop/Steeve/test-deployment/actions-runner/bin'
[2023-08-01 17:58:16Z INFO HostContext] Well known directory 'Root': '/Users/faisceaume/Desktop/Steeve/test-deployment/actions-runner'
[2023-08-01 17:58:16Z INFO HostContext] Well known directory 'Work': '/Users/faisceaume/Desktop/Steeve/test-deployment/actions-runner/_work'
[2023-08-01 17:58:16Z INFO HostContext] Well known directory 'Temp': '/Users/faisceaume/Desktop/Steeve/test-deployment/actions-runner/_work/_temp'
[2023-08-01 17:58:16Z INFO JobRunner] Getting job extension.
[2023-08-01 17:58:16Z INFO JobRunner] Initialize job. Getting all job steps.
[2023-08-01 17:58:17Z INFO HostContext] Well known directory 'Bin': '/Users/faisceaume/Desktop/Steeve/test-deployment/actions-runner/bin'
[2023-08-01 17:58:17Z INFO HostContext] Well known directory 'Root': '/Users/faisceaume/Desktop/Steeve/test-deployment/actions-runner'
[2023-08-01 17:58:17Z INFO HostContext] Well known directory 'Diag': '/Users/faisceaume/Desktop/Steeve/test-deployment/actions-runner/_diag'
[2023-08-01 17:58:17Z INFO HostContext] Well known directory 'Bin': '/Users/faisceaume/Desktop/Steeve/test-deployment/actions-runner/bin'
[2023-08-01 17:58:17Z INFO HostContext] Well known directory 'Root': '/Users/faisceaume/Desktop/Steeve/test-deployment/actions-runner'
[2023-08-01 17:58:17Z INFO HostContext] Well known directory 'Diag': '/Users/faisceaume/Desktop/Steeve/test-deployment/actions-runner/_diag'
[2023-08-01 17:58:17Z INFO HostContext] Well known directory 'Bin': '/Users/faisceaume/Desktop/Steeve/test-deployment/actions-runner/bin'
[2023-08-01 17:58:17Z INFO HostContext] Well known directory 'Root': '/Users/faisceaume/Desktop/Steeve/test-deployment/actions-runner'
[2023-08-01 17:58:17Z INFO HostContext] Well known config file 'Credentials': '/Users/faisceaume/Desktop/Steeve/test-deployment/actions-runner/.credentials'
[2023-08-01 17:58:17Z INFO HostContext] Well known directory 'Bin': '/Users/faisceaume/Desktop/Steeve/test-deployment/actions-runner/bin'
[2023-08-01 17:58:17Z INFO HostContext] Well known directory 'Root': '/Users/faisceaume/Desktop/Steeve/test-deployment/actions-runner'
[2023-08-01 17:58:17Z INFO HostContext] Well known config file 'SetupInfo': '/Users/faisceaume/Desktop/Steeve/test-deployment/actions-runner/.setup_info'
[2023-08-01 17:58:17Z INFO HostContext] Well known directory 'Bin': '/Users/faisceaume/Desktop/Steeve/test-deployment/actions-runner/bin'
[2023-08-01 17:58:17Z INFO HostContext] Well known directory 'Root': '/Users/faisceaume/Desktop/Steeve/test-deployment/actions-runner'
[2023-08-01 17:58:17Z INFO HostContext] Well known directory 'Work': '/Users/faisceaume/Desktop/Steeve/test-deployment/actions-runner/_work'
[2023-08-01 17:58:17Z INFO PipelineDirectoryManager] Loading tracking config if exists: /Users/faisceaume/Desktop/Steeve/test-deployment/actions-runner/_work/_PipelineMapping/ivan-oule/test-deployment/PipelineFolder.json
[2023-08-01 17:58:17Z INFO PipelineDirectoryManager] Updating job run properties.
[2023-08-01 17:58:17Z INFO HostContext] Well known directory 'Bin': '/Users/faisceaume/Desktop/Steeve/test-deployment/actions-runner/bin'
[2023-08-01 17:58:17Z INFO HostContext] Well known directory 'Root': '/Users/faisceaume/Desktop/Steeve/test-deployment/actions-runner'
[2023-08-01 17:58:17Z INFO HostContext] Well known directory 'Work': '/Users/faisceaume/Desktop/Steeve/test-deployment/actions-runner/_work'
[2023-08-01 17:58:17Z INFO HostContext] Well known directory 'Bin': '/Users/faisceaume/Desktop/Steeve/test-deployment/actions-runner/bin'
[2023-08-01 17:58:17Z INFO HostContext] Well known directory 'Root': '/Users/faisceaume/Desktop/Steeve/test-deployment/actions-runner'
[2023-08-01 17:58:17Z INFO HostContext] Well known directory 'Work': '/Users/faisceaume/Desktop/Steeve/test-deployment/actions-runner/_work'
[2023-08-01 17:58:17Z INFO HostContext] Well known directory 'Bin': '/Users/faisceaume/Desktop/Steeve/test-deployment/actions-runner/bin'
[2023-08-01 17:58:17Z INFO HostContext] Well known directory 'Root': '/Users/faisceaume/Desktop/Steeve/test-deployment/actions-runner'
[2023-08-01 17:58:17Z INFO HostContext] Well known directory 'Work': '/Users/faisceaume/Desktop/Steeve/test-deployment/actions-runner/_work'
[2023-08-01 17:58:17Z INFO JobExtension] Downloading actions
[2023-08-01 17:58:17Z INFO HostContext] Well known directory 'Bin': '/Users/faisceaume/Desktop/Steeve/test-deployment/actions-runner/bin'
[2023-08-01 17:58:17Z INFO HostContext] Well known directory 'Root': '/Users/faisceaume/Desktop/Steeve/test-deployment/actions-runner'
[2023-08-01 17:58:17Z INFO HostContext] Well known directory 'Work': '/Users/faisceaume/Desktop/Steeve/test-deployment/actions-runner/_work'
[2023-08-01 17:58:17Z INFO HostContext] Well known directory 'Actions': '/Users/faisceaume/Desktop/Steeve/test-deployment/actions-runner/_work/_actions'
[2023-08-01 17:58:17Z INFO HostContext] Well known directory 'Bin': '/Users/faisceaume/Desktop/Steeve/test-deployment/actions-runner/bin'
[2023-08-01 17:58:17Z INFO HostContext] Well known directory 'Root': '/Users/faisceaume/Desktop/Steeve/test-deployment/actions-runner'
[2023-08-01 17:58:17Z INFO HostContext] Well known directory 'Work': '/Users/faisceaume/Desktop/Steeve/test-deployment/actions-runner/_work'
[2023-08-01 17:58:17Z INFO HostContext] Well known directory 'Actions': '/Users/faisceaume/Desktop/Steeve/test-deployment/actions-runner/_work/_actions'
[2023-08-01 17:58:17Z INFO JobServer] Successfully started websocket client.
[2023-08-01 17:58:17Z INFO JobServerQueue] Try to append 1 batches web console lines for record 'ef5da9e7-f9dd-429e-87f8-78cab636f36f', success rate: 1/1.
[2023-08-01 17:58:17Z INFO HostContext] Well known directory 'Bin': '/Users/faisceaume/Desktop/Steeve/test-deployment/actions-runner/bin'
[2023-08-01 17:58:17Z INFO HostContext] Well known directory 'Root': '/Users/faisceaume/Desktop/Steeve/test-deployment/actions-runner'
[2023-08-01 17:58:17Z INFO HostContext] Well known directory 'Work': '/Users/faisceaume/Desktop/Steeve/test-deployment/actions-runner/_work'
[2023-08-01 17:58:17Z INFO HostContext] Well known directory 'Actions': '/Users/faisceaume/Desktop/Steeve/test-deployment/actions-runner/_work/_actions'
[2023-08-01 17:58:17Z INFO ActionManager] Save archive 'https://api.github.com/repos/actions/checkout/tarball/c85c95e3d7251135ab7dc9ce3241c5835cc595a9' into /Users/faisceaume/Desktop/Steeve/test-deployment/actions-runner/_work/_actions/_temp_1deb874e-aebc-4396-ab0e-52d1520dd0c1/80816526-f66c-4730-9ce6-b795b8362f1e.tar.gz.
[2023-08-01 17:58:18Z INFO JobServerQueue] Job timeline record has been updated for the first time.
[2023-08-01 17:58:18Z INFO JobServerQueue] Try to append 1 batches web console lines for record 'ef5da9e7-f9dd-429e-87f8-78cab636f36f', success rate: 1/1.
[2023-08-01 17:58:48Z INFO ActionManager] Which: 'tar'
[2023-08-01 17:58:49Z INFO ActionManager] Location: '/usr/bin/tar'
[2023-08-01 17:58:49Z INFO ProcessInvokerWrapper] Starting process:
[2023-08-01 17:58:49Z INFO ProcessInvokerWrapper]   File name: '/usr/bin/tar'
[2023-08-01 17:58:49Z INFO ProcessInvokerWrapper]   Arguments: '-xzf "/Users/faisceaume/Desktop/Steeve/test-deployment/actions-runner/_work/_actions/_temp_1deb874e-aebc-4396-ab0e-52d1520dd0c1/80816526-f66c-4730-9ce6-b795b8362f1e.tar.gz"'
[2023-08-01 17:58:49Z INFO ProcessInvokerWrapper]   Working directory: '/Users/faisceaume/Desktop/Steeve/test-deployment/actions-runner/_work/_actions/_temp_1deb874e-aebc-4396-ab0e-52d1520dd0c1/_staging'
[2023-08-01 17:58:49Z INFO ProcessInvokerWrapper]   Require exit code zero: 'False'
[2023-08-01 17:58:49Z INFO ProcessInvokerWrapper]   Encoding web name:  ; code page: ''
[2023-08-01 17:58:49Z INFO ProcessInvokerWrapper]   Force kill process on cancellation: 'False'
[2023-08-01 17:58:49Z INFO ProcessInvokerWrapper]   Redirected STDIN: 'False'
[2023-08-01 17:58:49Z INFO ProcessInvokerWrapper]   Persist current code page: 'False'
[2023-08-01 17:58:49Z INFO ProcessInvokerWrapper]   Keep redirected STDIN open: 'False'
[2023-08-01 17:58:49Z INFO ProcessInvokerWrapper]   High priority process: 'False'
[2023-08-01 17:58:49Z INFO ProcessInvokerWrapper] Process started with process id 82044, waiting for process exit.
[2023-08-01 17:58:49Z INFO ProcessInvokerWrapper] STDOUT/STDERR stream read finished.
[2023-08-01 17:58:49Z INFO ProcessInvokerWrapper] STDOUT/STDERR stream read finished.
[2023-08-01 17:58:49Z INFO ProcessInvokerWrapper] Finished process 82044 with exit code 0, and elapsed time 00:00:00.0820351.
[2023-08-01 17:58:49Z INFO ActionManager] Finished getting action repository.
[2023-08-01 17:58:49Z INFO HostContext] Well known directory 'Bin': '/Users/faisceaume/Desktop/Steeve/test-deployment/actions-runner/bin'
[2023-08-01 17:58:49Z INFO HostContext] Well known directory 'Root': '/Users/faisceaume/Desktop/Steeve/test-deployment/actions-runner'
[2023-08-01 17:58:49Z INFO HostContext] Well known directory 'Work': '/Users/faisceaume/Desktop/Steeve/test-deployment/actions-runner/_work'
[2023-08-01 17:58:49Z INFO HostContext] Well known directory 'Actions': '/Users/faisceaume/Desktop/Steeve/test-deployment/actions-runner/_work/_actions'
[2023-08-01 17:58:49Z INFO HostContext] Well known directory 'Bin': '/Users/faisceaume/Desktop/Steeve/test-deployment/actions-runner/bin'
[2023-08-01 17:58:49Z INFO HostContext] Well known directory 'Root': '/Users/faisceaume/Desktop/Steeve/test-deployment/actions-runner'
[2023-08-01 17:58:49Z INFO HostContext] Well known directory 'Work': '/Users/faisceaume/Desktop/Steeve/test-deployment/actions-runner/_work'
[2023-08-01 17:58:49Z INFO HostContext] Well known directory 'Actions': '/Users/faisceaume/Desktop/Steeve/test-deployment/actions-runner/_work/_actions'
[2023-08-01 17:58:49Z INFO ActionManager] Save archive 'https://api.github.com/repos/actions/setup-node/tarball/e33196f7422957bea03ed53f6fbb155025ffc7b8' into /Users/faisceaume/Desktop/Steeve/test-deployment/actions-runner/_work/_actions/_temp_72506bd3-6969-41c1-beef-27ccc3418adf/14c0a95a-c706-49c8-800a-1503b6e721f9.tar.gz.
[2023-08-01 17:58:49Z INFO JobServerQueue] Try to append 1 batches web console lines for record 'ef5da9e7-f9dd-429e-87f8-78cab636f36f', success rate: 1/1.
[2023-08-01 17:59:18Z INFO JobServerQueue] Stop aggressive process web console line queue.
[2023-08-01 18:00:29Z ERR  ActionManager] Fail to download archive 'https://api.github.com/repos/actions/setup-node/tarball/e33196f7422957bea03ed53f6fbb155025ffc7b8' -- Attempt: 1
[2023-08-01 18:00:29Z ERR  ActionManager] System.Threading.Tasks.TaskCanceledException: The request was canceled due to the configured HttpClient.Timeout of 100 seconds elapsing.
 ---> System.TimeoutException: The operation was canceled.
 ---> System.Threading.Tasks.TaskCanceledException: The operation was canceled.
 ---> System.IO.IOException: Unable to read data from the transport connection: Operation canceled.
 ---> System.Net.Sockets.SocketException (89): Operation canceled
   --- End of inner exception stack trace ---
   at System.Net.Sockets.Socket.AwaitableSocketAsyncEventArgs.ThrowException(SocketError error, CancellationToken cancellationToken)
   at System.Net.Sockets.Socket.AwaitableSocketAsyncEventArgs.System.Threading.Tasks.Sources.IValueTaskSource<System.Int32>.GetResult(Int16 token)
   at System.Net.Security.SslStream.EnsureFullTlsFrameAsync[TIOAdapter](TIOAdapter adapter)
   at System.Net.Security.SslStream.ReadAsyncInternal[TIOAdapter](TIOAdapter adapter, Memory`1 buffer)
   at System.Net.Http.HttpConnection.FillAsync(Boolean async)
   at System.Net.Http.HttpConnection.CopyToContentLengthAsync(Stream destination, Boolean async, UInt64 length, Int32 bufferSize, CancellationToken cancellationToken)
   at System.Net.Http.HttpConnection.ContentLengthReadStream.CompleteCopyToAsync(Task copyTask, CancellationToken cancellationToken)
   --- End of inner exception stack trace ---
   at System.Net.Http.HttpConnection.ContentLengthReadStream.CompleteCopyToAsync(Task copyTask, CancellationToken cancellationToken)
   at System.Net.Http.HttpConnectionResponseContent.SerializeToStreamAsync(Stream stream, TransportContext context, CancellationToken cancellationToken)
   at System.Net.Http.HttpContent.LoadIntoBufferAsyncCore(Task serializeToStreamTask, MemoryStream tempBuffer)
   at System.Net.Http.HttpClient.<SendAsync>g__Core|83_0(HttpRequestMessage request, HttpCompletionOption completionOption, CancellationTokenSource cts, Boolean disposeCts, CancellationTokenSource pendingRequestsCts, CancellationToken originalCancellationToken)
   --- End of inner exception stack trace ---
   --- End of inner exception stack trace ---
   at System.Net.Http.HttpClient.HandleFailure(Exception e, Boolean telemetryStarted, HttpResponseMessage response, CancellationTokenSource cts, CancellationToken cancellationToken, CancellationTokenSource pendingRequestsCts)
   at System.Net.Http.HttpClient.<SendAsync>g__Core|83_0(HttpRequestMessage request, HttpCompletionOption completionOption, CancellationTokenSource cts, Boolean disposeCts, CancellationTokenSource pendingRequestsCts, CancellationToken originalCancellationToken)
   at GitHub.Runner.Worker.ActionManager.DownloadRepositoryActionAsync(IExecutionContext executionContext, ActionDownloadInfo downloadInfo, String destDirectory)
[2023-08-01 18:00:29Z ERR  ActionManager] #####################################################
[2023-08-01 18:00:29Z ERR  ActionManager] System.TimeoutException: The operation was canceled.
 ---> System.Threading.Tasks.TaskCanceledException: The operation was canceled.
 ---> System.IO.IOException: Unable to read data from the transport connection: Operation canceled.
 ---> System.Net.Sockets.SocketException (89): Operation canceled
   --- End of inner exception stack trace ---
   at System.Net.Sockets.Socket.AwaitableSocketAsyncEventArgs.ThrowException(SocketError error, CancellationToken cancellationToken)
   at System.Net.Sockets.Socket.AwaitableSocketAsyncEventArgs.System.Threading.Tasks.Sources.IValueTaskSource<System.Int32>.GetResult(Int16 token)
   at System.Net.Security.SslStream.EnsureFullTlsFrameAsync[TIOAdapter](TIOAdapter adapter)
   at System.Net.Security.SslStream.ReadAsyncInternal[TIOAdapter](TIOAdapter adapter, Memory`1 buffer)
   at System.Net.Http.HttpConnection.FillAsync(Boolean async)
   at System.Net.Http.HttpConnection.CopyToContentLengthAsync(Stream destination, Boolean async, UInt64 length, Int32 bufferSize, CancellationToken cancellationToken)
   at System.Net.Http.HttpConnection.ContentLengthReadStream.CompleteCopyToAsync(Task copyTask, CancellationToken cancellationToken)
   --- End of inner exception stack trace ---
   at System.Net.Http.HttpConnection.ContentLengthReadStream.CompleteCopyToAsync(Task copyTask, CancellationToken cancellationToken)
   at System.Net.Http.HttpConnectionResponseContent.SerializeToStreamAsync(Stream stream, TransportContext context, CancellationToken cancellationToken)
   at System.Net.Http.HttpContent.LoadIntoBufferAsyncCore(Task serializeToStreamTask, MemoryStream tempBuffer)
   at System.Net.Http.HttpClient.<SendAsync>g__Core|83_0(HttpRequestMessage request, HttpCompletionOption completionOption, CancellationTokenSource cts, Boolean disposeCts, CancellationTokenSource pendingRequestsCts, CancellationToken originalCancellationToken)
   --- End of inner exception stack trace ---
[2023-08-01 18:00:29Z ERR  ActionManager] #####################################################
[2023-08-01 18:00:29Z ERR  ActionManager] System.Threading.Tasks.TaskCanceledException: The operation was canceled.
 ---> System.IO.IOException: Unable to read data from the transport connection: Operation canceled.
 ---> System.Net.Sockets.SocketException (89): Operation canceled
   --- End of inner exception stack trace ---
   at System.Net.Sockets.Socket.AwaitableSocketAsyncEventArgs.ThrowException(SocketError error, CancellationToken cancellationToken)
   at System.Net.Sockets.Socket.AwaitableSocketAsyncEventArgs.System.Threading.Tasks.Sources.IValueTaskSource<System.Int32>.GetResult(Int16 token)
   at System.Net.Security.SslStream.EnsureFullTlsFrameAsync[TIOAdapter](TIOAdapter adapter)
   at System.Net.Security.SslStream.ReadAsyncInternal[TIOAdapter](TIOAdapter adapter, Memory`1 buffer)
   at System.Net.Http.HttpConnection.FillAsync(Boolean async)
   at System.Net.Http.HttpConnection.CopyToContentLengthAsync(Stream destination, Boolean async, UInt64 length, Int32 bufferSize, CancellationToken cancellationToken)
   at System.Net.Http.HttpConnection.ContentLengthReadStream.CompleteCopyToAsync(Task copyTask, CancellationToken cancellationToken)
   --- End of inner exception stack trace ---
   at System.Net.Http.HttpConnection.ContentLengthReadStream.CompleteCopyToAsync(Task copyTask, CancellationToken cancellationToken)
   at System.Net.Http.HttpConnectionResponseContent.SerializeToStreamAsync(Stream stream, TransportContext context, CancellationToken cancellationToken)
   at System.Net.Http.HttpContent.LoadIntoBufferAsyncCore(Task serializeToStreamTask, MemoryStream tempBuffer)
   at System.Net.Http.HttpClient.<SendAsync>g__Core|83_0(HttpRequestMessage request, HttpCompletionOption completionOption, CancellationTokenSource cts, Boolean disposeCts, CancellationTokenSource pendingRequestsCts, CancellationToken originalCancellationToken)
[2023-08-01 18:00:29Z ERR  ActionManager] #####################################################
[2023-08-01 18:00:29Z ERR  ActionManager] System.IO.IOException: Unable to read data from the transport connection: Operation canceled.
 ---> System.Net.Sockets.SocketException (89): Operation canceled
   --- End of inner exception stack trace ---
   at System.Net.Sockets.Socket.AwaitableSocketAsyncEventArgs.ThrowException(SocketError error, CancellationToken cancellationToken)
   at System.Net.Sockets.Socket.AwaitableSocketAsyncEventArgs.System.Threading.Tasks.Sources.IValueTaskSource<System.Int32>.GetResult(Int16 token)
   at System.Net.Security.SslStream.EnsureFullTlsFrameAsync[TIOAdapter](TIOAdapter adapter)
   at System.Net.Security.SslStream.ReadAsyncInternal[TIOAdapter](TIOAdapter adapter, Memory`1 buffer)
   at System.Net.Http.HttpConnection.FillAsync(Boolean async)
   at System.Net.Http.HttpConnection.CopyToContentLengthAsync(Stream destination, Boolean async, UInt64 length, Int32 bufferSize, CancellationToken cancellationToken)
   at System.Net.Http.HttpConnection.ContentLengthReadStream.CompleteCopyToAsync(Task copyTask, CancellationToken cancellationToken)
[2023-08-01 18:00:29Z ERR  ActionManager] #####################################################
[2023-08-01 18:00:29Z ERR  ActionManager] System.Net.Sockets.SocketException (89): Operation canceled
[2023-08-01 18:00:29Z INFO JobServer] Caught exception during append web console line to websocket, let's fallback to sending via non-websocket call (total calls: 4, failed calls: 1, websocket state: Open).
[2023-08-01 18:00:29Z INFO JobServer] Websocket is not open, let's attempt to connect back again with random backoff 00:00:00.2850000 ms (total calls: 4, failed calls: 1).
[2023-08-01 18:00:29Z INFO JobServer] Creating websocket client ...wss://pipelines.actions.githubusercontent.com/TxlRNefpBS9a2M795nHVt8jo05KxUXjlmKdyPgDvJybOrShnnE/00000000-0000-0000-0000-000000000000/_apis/distributedtask/hubs/Actions/plans/e670b6db-ebfc-42ee-9b66-3b11eca0aacc/timelines/e670b6db-ebfc-42ee-9b66-3b11eca0aacc/records/6621f301-ad18-5d46-97dd-869f4cb20c65/feedstream?api-version=6.0-preview
[2023-08-01 18:00:29Z INFO JobServer] Attempting to start websocket client with delay 00:00:00.2850000.
[2023-08-01 18:00:30Z INFO JobServerQueue] Try to append 1 batches web console lines for record 'ef5da9e7-f9dd-429e-87f8-78cab636f36f', success rate: 1/1.
[2023-08-01 18:00:30Z INFO JobServer] Successfully started websocket client.
[2023-08-01 18:02:30Z ERR  ActionManager] Fail to download archive 'https://api.github.com/repos/actions/setup-node/tarball/e33196f7422957bea03ed53f6fbb155025ffc7b8' -- Attempt: 2
[2023-08-01 18:02:30Z ERR  ActionManager] System.Threading.Tasks.TaskCanceledException: The request was canceled due to the configured HttpClient.Timeout of 100 seconds elapsing.
 ---> System.TimeoutException: The operation was canceled.
 ---> System.Threading.Tasks.TaskCanceledException: The operation was canceled.
 ---> System.IO.IOException: Unable to read data from the transport connection: Operation canceled.
 ---> System.Net.Sockets.SocketException (89): Operation canceled
   --- End of inner exception stack trace ---
   at System.Net.Sockets.Socket.AwaitableSocketAsyncEventArgs.ThrowException(SocketError error, CancellationToken cancellationToken)
   at System.Net.Sockets.Socket.AwaitableSocketAsyncEventArgs.System.Threading.Tasks.Sources.IValueTaskSource<System.Int32>.GetResult(Int16 token)
   at System.Net.Security.SslStream.EnsureFullTlsFrameAsync[TIOAdapter](TIOAdapter adapter)
   at System.Net.Security.SslStream.ReadAsyncInternal[TIOAdapter](TIOAdapter adapter, Memory`1 buffer)
   at System.Net.Http.HttpConnection.FillAsync(Boolean async)
   at System.Net.Http.HttpConnection.CopyToContentLengthAsync(Stream destination, Boolean async, UInt64 length, Int32 bufferSize, CancellationToken cancellationToken)
   at System.Net.Http.HttpConnection.ContentLengthReadStream.CompleteCopyToAsync(Task copyTask, CancellationToken cancellationToken)
   --- End of inner exception stack trace ---
   at System.Net.Http.HttpConnection.ContentLengthReadStream.CompleteCopyToAsync(Task copyTask, CancellationToken cancellationToken)
   at System.Net.Http.HttpConnectionResponseContent.SerializeToStreamAsync(Stream stream, TransportContext context, CancellationToken cancellationToken)
   at System.Net.Http.HttpContent.LoadIntoBufferAsyncCore(Task serializeToStreamTask, MemoryStream tempBuffer)
   at System.Net.Http.HttpClient.<SendAsync>g__Core|83_0(HttpRequestMessage request, HttpCompletionOption completionOption, CancellationTokenSource cts, Boolean disposeCts, CancellationTokenSource pendingRequestsCts, CancellationToken originalCancellationToken)
   --- End of inner exception stack trace ---
   --- End of inner exception stack trace ---
   at System.Net.Http.HttpClient.HandleFailure(Exception e, Boolean telemetryStarted, HttpResponseMessage response, CancellationTokenSource cts, CancellationToken cancellationToken, CancellationTokenSource pendingRequestsCts)
   at System.Net.Http.HttpClient.<SendAsync>g__Core|83_0(HttpRequestMessage request, HttpCompletionOption completionOption, CancellationTokenSource cts, Boolean disposeCts, CancellationTokenSource pendingRequestsCts, CancellationToken originalCancellationToken)
   at GitHub.Runner.Worker.ActionManager.DownloadRepositoryActionAsync(IExecutionContext executionContext, ActionDownloadInfo downloadInfo, String destDirectory)
[2023-08-01 18:02:30Z ERR  ActionManager] #####################################################
[2023-08-01 18:02:30Z ERR  ActionManager] System.TimeoutException: The operation was canceled.
 ---> System.Threading.Tasks.TaskCanceledException: The operation was canceled.
 ---> System.IO.IOException: Unable to read data from the transport connection: Operation canceled.
 ---> System.Net.Sockets.SocketException (89): Operation canceled
   --- End of inner exception stack trace ---
   at System.Net.Sockets.Socket.AwaitableSocketAsyncEventArgs.ThrowException(SocketError error, CancellationToken cancellationToken)
   at System.Net.Sockets.Socket.AwaitableSocketAsyncEventArgs.System.Threading.Tasks.Sources.IValueTaskSource<System.Int32>.GetResult(Int16 token)
   at System.Net.Security.SslStream.EnsureFullTlsFrameAsync[TIOAdapter](TIOAdapter adapter)
   at System.Net.Security.SslStream.ReadAsyncInternal[TIOAdapter](TIOAdapter adapter, Memory`1 buffer)
   at System.Net.Http.HttpConnection.FillAsync(Boolean async)
   at System.Net.Http.HttpConnection.CopyToContentLengthAsync(Stream destination, Boolean async, UInt64 length, Int32 bufferSize, CancellationToken cancellationToken)
   at System.Net.Http.HttpConnection.ContentLengthReadStream.CompleteCopyToAsync(Task copyTask, CancellationToken cancellationToken)
   --- End of inner exception stack trace ---
   at System.Net.Http.HttpConnection.ContentLengthReadStream.CompleteCopyToAsync(Task copyTask, CancellationToken cancellationToken)
   at System.Net.Http.HttpConnectionResponseContent.SerializeToStreamAsync(Stream stream, TransportContext context, CancellationToken cancellationToken)
   at System.Net.Http.HttpContent.LoadIntoBufferAsyncCore(Task serializeToStreamTask, MemoryStream tempBuffer)
   at System.Net.Http.HttpClient.<SendAsync>g__Core|83_0(HttpRequestMessage request, HttpCompletionOption completionOption, CancellationTokenSource cts, Boolean disposeCts, CancellationTokenSource pendingRequestsCts, CancellationToken originalCancellationToken)
   --- End of inner exception stack trace ---
[2023-08-01 18:02:30Z ERR  ActionManager] #####################################################
[2023-08-01 18:02:30Z ERR  ActionManager] System.Threading.Tasks.TaskCanceledException: The operation was canceled.
 ---> System.IO.IOException: Unable to read data from the transport connection: Operation canceled.
 ---> System.Net.Sockets.SocketException (89): Operation canceled
   --- End of inner exception stack trace ---
   at System.Net.Sockets.Socket.AwaitableSocketAsyncEventArgs.ThrowException(SocketError error, CancellationToken cancellationToken)
   at System.Net.Sockets.Socket.AwaitableSocketAsyncEventArgs.System.Threading.Tasks.Sources.IValueTaskSource<System.Int32>.GetResult(Int16 token)
   at System.Net.Security.SslStream.EnsureFullTlsFrameAsync[TIOAdapter](TIOAdapter adapter)
   at System.Net.Security.SslStream.ReadAsyncInternal[TIOAdapter](TIOAdapter adapter, Memory`1 buffer)
   at System.Net.Http.HttpConnection.FillAsync(Boolean async)
   at System.Net.Http.HttpConnection.CopyToContentLengthAsync(Stream destination, Boolean async, UInt64 length, Int32 bufferSize, CancellationToken cancellationToken)
   at System.Net.Http.HttpConnection.ContentLengthReadStream.CompleteCopyToAsync(Task copyTask, CancellationToken cancellationToken)
   --- End of inner exception stack trace ---
   at System.Net.Http.HttpConnection.ContentLengthReadStream.CompleteCopyToAsync(Task copyTask, CancellationToken cancellationToken)
   at System.Net.Http.HttpConnectionResponseContent.SerializeToStreamAsync(Stream stream, TransportContext context, CancellationToken cancellationToken)
   at System.Net.Http.HttpContent.LoadIntoBufferAsyncCore(Task serializeToStreamTask, MemoryStream tempBuffer)
   at System.Net.Http.HttpClient.<SendAsync>g__Core|83_0(HttpRequestMessage request, HttpCompletionOption completionOption, CancellationTokenSource cts, Boolean disposeCts, CancellationTokenSource pendingRequestsCts, CancellationToken originalCancellationToken)
[2023-08-01 18:02:30Z ERR  ActionManager] #####################################################
[2023-08-01 18:02:30Z ERR  ActionManager] System.IO.IOException: Unable to read data from the transport connection: Operation canceled.
 ---> System.Net.Sockets.SocketException (89): Operation canceled
   --- End of inner exception stack trace ---
   at System.Net.Sockets.Socket.AwaitableSocketAsyncEventArgs.ThrowException(SocketError error, CancellationToken cancellationToken)
   at System.Net.Sockets.Socket.AwaitableSocketAsyncEventArgs.System.Threading.Tasks.Sources.IValueTaskSource<System.Int32>.GetResult(Int16 token)
   at System.Net.Security.SslStream.EnsureFullTlsFrameAsync[TIOAdapter](TIOAdapter adapter)
   at System.Net.Security.SslStream.ReadAsyncInternal[TIOAdapter](TIOAdapter adapter, Memory`1 buffer)
   at System.Net.Http.HttpConnection.FillAsync(Boolean async)
   at System.Net.Http.HttpConnection.CopyToContentLengthAsync(Stream destination, Boolean async, UInt64 length, Int32 bufferSize, CancellationToken cancellationToken)
   at System.Net.Http.HttpConnection.ContentLengthReadStream.CompleteCopyToAsync(Task copyTask, CancellationToken cancellationToken)
[2023-08-01 18:02:30Z ERR  ActionManager] #####################################################
[2023-08-01 18:02:30Z ERR  ActionManager] System.Net.Sockets.SocketException (89): Operation canceled
[2023-08-01 18:02:31Z INFO JobServer] Caught exception during append web console line to websocket, let's fallback to sending via non-websocket call (total calls: 5, failed calls: 2, websocket state: Open).
[2023-08-01 18:02:31Z INFO JobServer] Websocket is not open, let's attempt to connect back again with random backoff 00:00:00.2380000 ms (total calls: 5, failed calls: 2).
[2023-08-01 18:02:31Z INFO JobServer] Creating websocket client ...wss://pipelines.actions.githubusercontent.com/TxlRNefpBS9a2M795nHVt8jo05KxUXjlmKdyPgDvJybOrShnnE/00000000-0000-0000-0000-000000000000/_apis/distributedtask/hubs/Actions/plans/e670b6db-ebfc-42ee-9b66-3b11eca0aacc/timelines/e670b6db-ebfc-42ee-9b66-3b11eca0aacc/records/6621f301-ad18-5d46-97dd-869f4cb20c65/feedstream?api-version=6.0-preview
[2023-08-01 18:02:31Z INFO JobServer] Attempting to start websocket client with delay 00:00:00.2380000.
[2023-08-01 18:02:31Z INFO JobServerQueue] Try to append 1 batches web console lines for record 'ef5da9e7-f9dd-429e-87f8-78cab636f36f', success rate: 1/1.
[2023-08-01 18:02:32Z INFO JobServer] Successfully started websocket client.
[2023-08-01 18:04:34Z ERR  JobExtension] Caught exception from JobExtension Initialization: System.Threading.Tasks.TaskCanceledException: The request was canceled due to the configured HttpClient.Timeout of 100 seconds elapsing.
 ---> System.TimeoutException: The operation was canceled.
 ---> System.Threading.Tasks.TaskCanceledException: The operation was canceled.
 ---> System.IO.IOException: Unable to read data from the transport connection: Operation canceled.
 ---> System.Net.Sockets.SocketException (89): Operation canceled
   --- End of inner exception stack trace ---
   at System.Net.Sockets.Socket.AwaitableSocketAsyncEventArgs.ThrowException(SocketError error, CancellationToken cancellationToken)
   at System.Net.Sockets.Socket.AwaitableSocketAsyncEventArgs.System.Threading.Tasks.Sources.IValueTaskSource<System.Int32>.GetResult(Int16 token)
   at System.Net.Security.SslStream.EnsureFullTlsFrameAsync[TIOAdapter](TIOAdapter adapter)
   at System.Net.Security.SslStream.ReadAsyncInternal[TIOAdapter](TIOAdapter adapter, Memory`1 buffer)
   at System.Net.Http.HttpConnection.FillAsync(Boolean async)
   at System.Net.Http.HttpConnection.CopyToContentLengthAsync(Stream destination, Boolean async, UInt64 length, Int32 bufferSize, CancellationToken cancellationToken)
   at System.Net.Http.HttpConnection.ContentLengthReadStream.CompleteCopyToAsync(Task copyTask, CancellationToken cancellationToken)
   --- End of inner exception stack trace ---
   at System.Net.Http.HttpConnection.ContentLengthReadStream.CompleteCopyToAsync(Task copyTask, CancellationToken cancellationToken)
   at System.Net.Http.HttpConnectionResponseContent.SerializeToStreamAsync(Stream stream, TransportContext context, CancellationToken cancellationToken)
   at System.Net.Http.HttpContent.LoadIntoBufferAsyncCore(Task serializeToStreamTask, MemoryStream tempBuffer)
   at System.Net.Http.HttpClient.<SendAsync>g__Core|83_0(HttpRequestMessage request, HttpCompletionOption completionOption, CancellationTokenSource cts, Boolean disposeCts, CancellationTokenSource pendingRequestsCts, CancellationToken originalCancellationToken)
   --- End of inner exception stack trace ---
   --- End of inner exception stack trace ---
   at System.Net.Http.HttpClient.HandleFailure(Exception e, Boolean telemetryStarted, HttpResponseMessage response, CancellationTokenSource cts, CancellationToken cancellationToken, CancellationTokenSource pendingRequestsCts)
   at System.Net.Http.HttpClient.<SendAsync>g__Core|83_0(HttpRequestMessage request, HttpCompletionOption completionOption, CancellationTokenSource cts, Boolean disposeCts, CancellationTokenSource pendingRequestsCts, CancellationToken originalCancellationToken)
   at GitHub.Runner.Worker.ActionManager.DownloadRepositoryActionAsync(IExecutionContext executionContext, ActionDownloadInfo downloadInfo, String destDirectory)
   at GitHub.Runner.Worker.ActionManager.DownloadRepositoryActionAsync(IExecutionContext executionContext, ActionDownloadInfo downloadInfo)
   at GitHub.Runner.Worker.ActionManager.PrepareActionsRecursiveAsync(IExecutionContext executionContext, PrepareActionsState state, IEnumerable`1 actions, Int32 depth, Guid parentStepId)
   at GitHub.Runner.Worker.ActionManager.PrepareActionsAsync(IExecutionContext executionContext, IEnumerable`1 steps, Guid rootStepId)
   at GitHub.Runner.Worker.JobExtension.InitializeJob(IExecutionContext jobContext, AgentJobRequestMessage message)
[2023-08-01 18:04:34Z INFO JobServer] Caught exception during append web console line to websocket, let's fallback to sending via non-websocket call (total calls: 6, failed calls: 3, websocket state: Open).
[2023-08-01 18:04:34Z INFO JobServer] Websocket is not open, let's attempt to connect back again with random backoff 00:00:00.4590000 ms (total calls: 6, failed calls: 3).
[2023-08-01 18:04:34Z INFO JobServer] Creating websocket client ...wss://pipelines.actions.githubusercontent.com/TxlRNefpBS9a2M795nHVt8jo05KxUXjlmKdyPgDvJybOrShnnE/00000000-0000-0000-0000-000000000000/_apis/distributedtask/hubs/Actions/plans/e670b6db-ebfc-42ee-9b66-3b11eca0aacc/timelines/e670b6db-ebfc-42ee-9b66-3b11eca0aacc/records/6621f301-ad18-5d46-97dd-869f4cb20c65/feedstream?api-version=6.0-preview
[2023-08-01 18:04:34Z INFO JobServer] Attempting to start websocket client with delay 00:00:00.4590000.
[2023-08-01 18:04:34Z INFO ExecutionContext] Publish step telemetry for current step {
  "action": "setup_job",
  "type": "runner",
  "stage": "Pre",
  "stepId": "ef5da9e7-f9dd-429e-87f8-78cab636f36f",
  "result": "failed",
  "errorMessages": [
    "Failed to download action 'https://api.github.com/repos/actions/setup-node/tarball/e33196f7422957bea03ed53f6fbb155025ffc7b8'. Error: The request was canceled due to the configured HttpClient.Timeout of 100 seconds elapsing.",
    "Back off 21.393 seconds before retry.",
    "Failed to download action 'https://api.github.com/repos/actions/setup-node/tarball/e33196f7422957bea03ed53f6fbb155025ffc7b8'. Error: The request was canceled due to the configured HttpClient.Timeout of 100 seconds elapsing."
  ],
  "executionTimeInSeconds": 378,
  "startTime": "2023-08-01T17:58:17.00229Z",
  "finishTime": "2023-08-01T18:04:34.905975Z"
}.
[2023-08-01 18:04:34Z ERR  JobRunner] Job initialize failed.
[2023-08-01 18:04:34Z ERR  JobRunner] Caught exception from InitializeJob: System.Threading.Tasks.TaskCanceledException: The request was canceled due to the configured HttpClient.Timeout of 100 seconds elapsing.
 ---> System.TimeoutException: The operation was canceled.
 ---> System.Threading.Tasks.TaskCanceledException: The operation was canceled.
 ---> System.IO.IOException: Unable to read data from the transport connection: Operation canceled.
 ---> System.Net.Sockets.SocketException (89): Operation canceled
   --- End of inner exception stack trace ---
   at System.Net.Sockets.Socket.AwaitableSocketAsyncEventArgs.ThrowException(SocketError error, CancellationToken cancellationToken)
   at System.Net.Sockets.Socket.AwaitableSocketAsyncEventArgs.System.Threading.Tasks.Sources.IValueTaskSource<System.Int32>.GetResult(Int16 token)
   at System.Net.Security.SslStream.EnsureFullTlsFrameAsync[TIOAdapter](TIOAdapter adapter)
   at System.Net.Security.SslStream.ReadAsyncInternal[TIOAdapter](TIOAdapter adapter, Memory`1 buffer)
   at System.Net.Http.HttpConnection.FillAsync(Boolean async)
   at System.Net.Http.HttpConnection.CopyToContentLengthAsync(Stream destination, Boolean async, UInt64 length, Int32 bufferSize, CancellationToken cancellationToken)
   at System.Net.Http.HttpConnection.ContentLengthReadStream.CompleteCopyToAsync(Task copyTask, CancellationToken cancellationToken)
   --- End of inner exception stack trace ---
   at System.Net.Http.HttpConnection.ContentLengthReadStream.CompleteCopyToAsync(Task copyTask, CancellationToken cancellationToken)
   at System.Net.Http.HttpConnectionResponseContent.SerializeToStreamAsync(Stream stream, TransportContext context, CancellationToken cancellationToken)
   at System.Net.Http.HttpContent.LoadIntoBufferAsyncCore(Task serializeToStreamTask, MemoryStream tempBuffer)
   at System.Net.Http.HttpClient.<SendAsync>g__Core|83_0(HttpRequestMessage request, HttpCompletionOption completionOption, CancellationTokenSource cts, Boolean disposeCts, CancellationTokenSource pendingRequestsCts, CancellationToken originalCancellationToken)
   --- End of inner exception stack trace ---
   --- End of inner exception stack trace ---
   at System.Net.Http.HttpClient.HandleFailure(Exception e, Boolean telemetryStarted, HttpResponseMessage response, CancellationTokenSource cts, CancellationToken cancellationToken, CancellationTokenSource pendingRequestsCts)
   at System.Net.Http.HttpClient.<SendAsync>g__Core|83_0(HttpRequestMessage request, HttpCompletionOption completionOption, CancellationTokenSource cts, Boolean disposeCts, CancellationTokenSource pendingRequestsCts, CancellationToken originalCancellationToken)
   at GitHub.Runner.Worker.ActionManager.DownloadRepositoryActionAsync(IExecutionContext executionContext, ActionDownloadInfo downloadInfo, String destDirectory)
   at GitHub.Runner.Worker.ActionManager.DownloadRepositoryActionAsync(IExecutionContext executionContext, ActionDownloadInfo downloadInfo)
   at GitHub.Runner.Worker.ActionManager.PrepareActionsRecursiveAsync(IExecutionContext executionContext, PrepareActionsState state, IEnumerable`1 actions, Int32 depth, Guid parentStepId)
   at GitHub.Runner.Worker.ActionManager.PrepareActionsAsync(IExecutionContext executionContext, IEnumerable`1 steps, Guid rootStepId)
   at GitHub.Runner.Worker.JobExtension.InitializeJob(IExecutionContext jobContext, AgentJobRequestMessage message)
   at GitHub.Runner.Worker.JobRunner.RunAsync(AgentJobRequestMessage message, CancellationToken jobRequestCancellationToken)
[2023-08-01 18:04:34Z INFO JobRunner] Shutting down the job server queue.
[2023-08-01 18:04:34Z INFO JobServerQueue] Fire signal to shutdown all queues.
[2023-08-01 18:04:35Z INFO JobServerQueue] Try to append 1 batches web console lines for record 'ef5da9e7-f9dd-429e-87f8-78cab636f36f', success rate: 1/1.
[2023-08-01 18:04:36Z INFO JobServer] Successfully started websocket client.
[2023-08-01 18:04:36Z INFO JobServerQueue] All queue process task stopped.
[2023-08-01 18:04:36Z INFO JobServerQueue] Web console line queue drained.
[2023-08-01 18:04:36Z INFO JobServerQueue] Uploading 2 files in one shot.
[2023-08-01 18:04:37Z INFO JobServerQueue] Try to upload 2 log files or attachments, success rate: 2/2.
[2023-08-01 18:04:37Z INFO JobServerQueue] File upload queue drained.
[2023-08-01 18:04:37Z INFO JobServerQueue] Starting results-based upload queue...
[2023-08-01 18:04:37Z INFO JobServerQueue] Results upload queue drained.
[2023-08-01 18:04:37Z INFO JobServerQueue] Timeline update queue drained.
[2023-08-01 18:04:37Z INFO JobServerQueue] Disposing job server ...
[2023-08-01 18:04:37Z INFO JobServerQueue] Disposing results server ...
[2023-08-01 18:04:37Z INFO JobServerQueue] All queue process tasks have been stopped, and all queues are drained.
[2023-08-01 18:04:37Z INFO TempDirectoryManager] Cleaning runner temp folder: /Users/faisceaume/Desktop/Steeve/test-deployment/actions-runner/_work/_temp
[2023-08-01 18:04:37Z INFO HostContext] Well known directory 'Bin': '/Users/faisceaume/Desktop/Steeve/test-deployment/actions-runner/bin'
[2023-08-01 18:04:37Z INFO HostContext] Well known directory 'Root': '/Users/faisceaume/Desktop/Steeve/test-deployment/actions-runner'
[2023-08-01 18:04:37Z INFO HostContext] Well known directory 'Diag': '/Users/faisceaume/Desktop/Steeve/test-deployment/actions-runner/_diag'
[2023-08-01 18:04:37Z INFO HostContext] Well known config file 'Telemetry': '/Users/faisceaume/Desktop/Steeve/test-deployment/actions-runner/_diag/.telemetry'
[2023-08-01 18:04:37Z INFO JobRunner] Raising job completed event
[2023-08-01 18:04:37Z INFO Worker] Job completed.
